mode: set
github.com/toolvox/utilgo/cmd/codump/main.go:46.13,56.36 7 0
github.com/toolvox/utilgo/cmd/codump/main.go:56.36,59.3 2 0
github.com/toolvox/utilgo/cmd/codump/main.go:62.48,65.19 2 0
github.com/toolvox/utilgo/cmd/codump/main.go:65.19,67.3 1 0
github.com/toolvox/utilgo/cmd/codump/main.go:68.2,75.16 4 0
github.com/toolvox/utilgo/cmd/codump/main.go:75.16,77.3 1 0
github.com/toolvox/utilgo/cmd/codump/main.go:80.2,90.72 7 0
github.com/toolvox/utilgo/cmd/codump/main.go:90.72,94.3 3 0
github.com/toolvox/utilgo/cmd/codump/main.go:97.2,97.18 1 0
github.com/toolvox/utilgo/cmd/codump/main.go:97.18,99.3 1 0
github.com/toolvox/utilgo/cmd/codump/main.go:101.2,101.12 1 0
github.com/toolvox/utilgo/cmd/countula/main.go:60.13,72.13 10 0
github.com/toolvox/utilgo/cmd/countula/main.go:72.13,74.3 1 0
github.com/toolvox/utilgo/cmd/countula/main.go:76.2,80.36 3 0
github.com/toolvox/utilgo/cmd/countula/main.go:80.36,83.3 2 0
github.com/toolvox/utilgo/cmd/countula/main.go:86.50,89.19 3 0
github.com/toolvox/utilgo/cmd/countula/main.go:89.19,91.3 1 0
github.com/toolvox/utilgo/cmd/countula/main.go:92.2,99.16 6 0
github.com/toolvox/utilgo/cmd/countula/main.go:99.16,101.3 1 0
github.com/toolvox/utilgo/cmd/countula/main.go:103.2,117.63 12 0
github.com/toolvox/utilgo/cmd/countula/main.go:117.63,120.16 3 0
github.com/toolvox/utilgo/cmd/countula/main.go:120.16,122.4 1 0
github.com/toolvox/utilgo/cmd/countula/main.go:123.3,125.10 3 0
github.com/toolvox/utilgo/cmd/countula/main.go:125.10,128.4 2 0
github.com/toolvox/utilgo/cmd/countula/main.go:130.3,132.56 3 0
github.com/toolvox/utilgo/cmd/countula/main.go:132.56,134.19 2 0
github.com/toolvox/utilgo/cmd/countula/main.go:134.19,136.5 1 0
github.com/toolvox/utilgo/cmd/countula/main.go:137.4,137.40 1 0
github.com/toolvox/utilgo/cmd/countula/main.go:137.40,138.37 1 0
github.com/toolvox/utilgo/cmd/countula/main.go:138.37,140.6 1 0
github.com/toolvox/utilgo/cmd/countula/main.go:142.4,142.16 1 0
github.com/toolvox/utilgo/cmd/countula/main.go:145.3,146.13 2 0
github.com/toolvox/utilgo/cmd/countula/main.go:149.2,152.12 3 0
github.com/toolvox/utilgo/cmd/countula/main.go:155.90,159.13 3 0
github.com/toolvox/utilgo/cmd/countula/main.go:159.13,161.31 2 0
github.com/toolvox/utilgo/cmd/countula/main.go:161.31,163.13 2 0
github.com/toolvox/utilgo/cmd/countula/main.go:163.13,165.5 1 0
github.com/toolvox/utilgo/cmd/countula/main.go:166.4,169.29 4 0
github.com/toolvox/utilgo/cmd/countula/main.go:169.29,173.19 4 0
github.com/toolvox/utilgo/cmd/countula/main.go:173.19,175.6 1 0
github.com/toolvox/utilgo/cmd/countula/main.go:177.4,177.17 1 0
github.com/toolvox/utilgo/cmd/countula/main.go:177.17,179.5 1 0
github.com/toolvox/utilgo/cmd/countula/main.go:181.3,182.21 2 0
github.com/toolvox/utilgo/cmd/countula/main.go:185.2,185.15 1 0
github.com/toolvox/utilgo/cmd/countula/main.go:185.15,187.31 2 0
github.com/toolvox/utilgo/cmd/countula/main.go:187.31,189.36 2 0
github.com/toolvox/utilgo/cmd/countula/main.go:189.36,191.5 1 0
github.com/toolvox/utilgo/cmd/countula/main.go:193.3,194.21 2 0
github.com/toolvox/utilgo/cmd/countula/main.go:197.2,199.30 3 0
github.com/toolvox/utilgo/cmd/countula/main.go:199.30,203.28 3 0
github.com/toolvox/utilgo/cmd/countula/main.go:203.28,207.4 3 0
github.com/toolvox/utilgo/cmd/countula/main.go:210.2,212.27 3 0
github.com/toolvox/utilgo/cmd/countula/main.go:212.27,214.3 1 0
github.com/toolvox/utilgo/cmd/countula/main.go:216.2,217.20 2 0
github.com/toolvox/utilgo/pkg/cli/cmds/cmdlet.go:14.46,14.67 1 0
github.com/toolvox/utilgo/pkg/cli/cmds/flag.go:46.37,46.55 1 0
github.com/toolvox/utilgo/pkg/cli/cmds/flag.go:49.38,49.57 1 0
github.com/toolvox/utilgo/pkg/cli/cmds/flag.go:52.63,58.2 1 0
github.com/toolvox/utilgo/pkg/cli/cmds/flag_set.go:16.46,19.2 2 0
github.com/toolvox/utilgo/pkg/cli/cmds/flag_set.go:22.78,26.2 3 0
github.com/toolvox/utilgo/pkg/cli/cmds/flag_set.go:29.41,31.26 1 0
github.com/toolvox/utilgo/pkg/cli/cmds/flag_set.go:31.26,32.70 1 0
github.com/toolvox/utilgo/pkg/cli/cmds/flag_set.go:32.70,34.5 1 0
github.com/toolvox/utilgo/pkg/cli/cmds/flag_set.go:35.4,35.13 1 0
github.com/toolvox/utilgo/pkg/cli/cmds/flag_set.go:41.46,46.26 4 0
github.com/toolvox/utilgo/pkg/cli/cmds/flag_set.go:46.26,47.54 1 0
github.com/toolvox/utilgo/pkg/cli/cmds/flag_set.go:47.54,48.42 1 0
github.com/toolvox/utilgo/pkg/cli/cmds/flag_set.go:48.42,50.5 1 0
github.com/toolvox/utilgo/pkg/cli/cmds/flag_set.go:54.2,54.39 1 0
github.com/toolvox/utilgo/pkg/cli/cmds/flag_set.go:54.39,56.3 1 0
github.com/toolvox/utilgo/pkg/cli/cmds/flag_set.go:58.2,59.12 2 0
github.com/toolvox/utilgo/pkg/cli/cmds/go_flag_wrapper.go:15.42,16.21 1 0
github.com/toolvox/utilgo/pkg/cli/cmds/go_flag_wrapper.go:16.21,18.3 1 0
github.com/toolvox/utilgo/pkg/cli/cmds/go_flag_wrapper.go:19.2,19.28 1 0
github.com/toolvox/utilgo/pkg/cli/cmds/go_flag_wrapper.go:23.28,24.21 1 0
github.com/toolvox/utilgo/pkg/cli/cmds/go_flag_wrapper.go:24.21,26.3 1 0
github.com/toolvox/utilgo/pkg/cli/cmds/go_flag_wrapper.go:28.2,28.48 1 0
github.com/toolvox/utilgo/pkg/cli/cmds/go_flag_wrapper.go:28.48,30.3 1 0
github.com/toolvox/utilgo/pkg/cli/cmds/go_flag_wrapper.go:32.2,32.72 1 0
github.com/toolvox/utilgo/pkg/cli/cmds/go_flag_wrapper.go:36.34,38.2 1 0
github.com/toolvox/utilgo/pkg/cli/cmds/go_flag_wrapper.go:41.36,44.2 2 0
github.com/toolvox/utilgo/pkg/cli/cmds/go_flag_wrapper.go:47.36,47.54 1 0
github.com/toolvox/utilgo/pkg/cli/cmds/go_flag_wrapper.go:50.37,50.56 1 0
github.com/toolvox/utilgo/pkg/cli/cmds/go_flag_wrapper.go:53.39,56.2 1 0
github.com/toolvox/utilgo/pkg/cli/flagutil/csv.go:19.37,21.2 1 1
github.com/toolvox/utilgo/pkg/cli/flagutil/csv.go:25.46,28.2 2 1
github.com/toolvox/utilgo/pkg/cli/flagutil/csv.go:33.31,35.2 1 1
github.com/toolvox/utilgo/pkg/cli/flagutil/csv.go:38.43,40.31 2 1
github.com/toolvox/utilgo/pkg/cli/flagutil/csv.go:40.31,42.17 2 1
github.com/toolvox/utilgo/pkg/cli/flagutil/csv.go:42.17,44.4 1 1
github.com/toolvox/utilgo/pkg/cli/flagutil/csv.go:45.3,45.25 1 1
github.com/toolvox/utilgo/pkg/cli/flagutil/csv.go:47.2,47.18 1 1
github.com/toolvox/utilgo/pkg/cli/flagutil/csv.go:51.49,53.31 2 1
github.com/toolvox/utilgo/pkg/cli/flagutil/csv.go:53.31,55.17 2 1
github.com/toolvox/utilgo/pkg/cli/flagutil/csv.go:55.17,57.4 1 1
github.com/toolvox/utilgo/pkg/cli/flagutil/csv.go:58.3,58.29 1 1
github.com/toolvox/utilgo/pkg/cli/flagutil/csv.go:60.2,60.20 1 1
github.com/toolvox/utilgo/pkg/cli/flagutil/csv.go:64.81,66.33 2 1
github.com/toolvox/utilgo/pkg/cli/flagutil/csv.go:66.33,68.17 2 1
github.com/toolvox/utilgo/pkg/cli/flagutil/csv.go:68.17,70.4 1 1
github.com/toolvox/utilgo/pkg/cli/flagutil/csv.go:71.3,71.31 1 1
github.com/toolvox/utilgo/pkg/cli/flagutil/csv.go:73.2,73.17 1 1
github.com/toolvox/utilgo/pkg/cli/flagutil/file.go:22.63,28.2 2 1
github.com/toolvox/utilgo/pkg/cli/flagutil/file.go:33.36,35.2 1 1
github.com/toolvox/utilgo/pkg/cli/flagutil/file.go:42.45,43.17 1 1
github.com/toolvox/utilgo/pkg/cli/flagutil/file.go:43.17,45.3 1 1
github.com/toolvox/utilgo/pkg/cli/flagutil/file.go:46.2,48.16 3 1
github.com/toolvox/utilgo/pkg/cli/flagutil/file.go:48.16,50.3 1 1
github.com/toolvox/utilgo/pkg/cli/flagutil/file.go:52.2,53.12 2 1
github.com/toolvox/utilgo/pkg/cli/flagutil/file.go:62.30,63.25 1 1
github.com/toolvox/utilgo/pkg/cli/flagutil/file.go:63.25,64.43 1 1
github.com/toolvox/utilgo/pkg/cli/flagutil/file.go:64.43,66.4 1 0
github.com/toolvox/utilgo/pkg/cli/flagutil/file.go:68.2,68.18 1 1
github.com/toolvox/utilgo/pkg/cli/flagutil/file.go:73.39,74.29 1 1
github.com/toolvox/utilgo/pkg/cli/flagutil/file.go:75.14,76.28 1 1
github.com/toolvox/utilgo/pkg/cli/flagutil/file.go:78.10,79.13 1 0
github.com/toolvox/utilgo/pkg/cli/flagutil/output_file.go:24.112,25.22 1 1
github.com/toolvox/utilgo/pkg/cli/flagutil/output_file.go:25.22,27.3 1 1
github.com/toolvox/utilgo/pkg/cli/flagutil/output_file.go:28.2,32.24 2 1
github.com/toolvox/utilgo/pkg/cli/flagutil/output_file.go:38.42,39.19 1 1
github.com/toolvox/utilgo/pkg/cli/flagutil/output_file.go:39.19,41.3 1 0
github.com/toolvox/utilgo/pkg/cli/flagutil/output_file.go:42.2,42.19 1 1
github.com/toolvox/utilgo/pkg/cli/flagutil/output_file.go:50.51,51.15 1 1
github.com/toolvox/utilgo/pkg/cli/flagutil/output_file.go:52.20,53.21 1 1
github.com/toolvox/utilgo/pkg/cli/flagutil/output_file.go:55.16,56.21 1 1
github.com/toolvox/utilgo/pkg/cli/flagutil/output_file.go:58.10,60.18 2 1
github.com/toolvox/utilgo/pkg/cli/flagutil/output_file.go:60.18,62.4 1 1
github.com/toolvox/utilgo/pkg/cli/flagutil/output_file.go:63.3,64.17 2 1
github.com/toolvox/utilgo/pkg/cli/flagutil/output_file.go:64.17,66.4 1 1
github.com/toolvox/utilgo/pkg/cli/flagutil/output_file.go:68.2,69.12 2 1
github.com/toolvox/utilgo/pkg/cli/flagutil/output_file.go:76.36,77.19 1 1
github.com/toolvox/utilgo/pkg/cli/flagutil/output_file.go:77.19,78.43 1 1
github.com/toolvox/utilgo/pkg/cli/flagutil/output_file.go:78.43,80.4 1 0
github.com/toolvox/utilgo/pkg/cli/flagutil/output_file.go:82.2,82.15 1 1
github.com/toolvox/utilgo/pkg/cli/flagutil/output_file.go:88.50,89.29 1 1
github.com/toolvox/utilgo/pkg/cli/flagutil/output_file.go:90.15,91.12 1 0
github.com/toolvox/utilgo/pkg/cli/flagutil/output_file.go:93.16,94.11 1 1
github.com/toolvox/utilgo/pkg/cli/flagutil/output_file.go:96.22,97.11 1 0
github.com/toolvox/utilgo/pkg/cli/flagutil/output_file.go:99.10,100.13 1 0
github.com/toolvox/utilgo/pkg/cli/flagutil/primitives.go:5.44,5.80 2 0
github.com/toolvox/utilgo/pkg/cli/flagutil/primitives.go:7.33,7.54 1 0
github.com/toolvox/utilgo/pkg/cli/flagutil/primitives.go:9.39,9.60 1 0
github.com/toolvox/utilgo/pkg/cli/lexer/tokenize_flags.go:22.62,28.2 1 1
github.com/toolvox/utilgo/pkg/cli/lexer/tokenize_flags.go:31.55,33.33 2 1
github.com/toolvox/utilgo/pkg/cli/lexer/tokenize_flags.go:33.33,35.20 2 1
github.com/toolvox/utilgo/pkg/cli/lexer/tokenize_flags.go:35.20,36.12 1 0
github.com/toolvox/utilgo/pkg/cli/lexer/tokenize_flags.go:40.3,40.62 1 1
github.com/toolvox/utilgo/pkg/cli/lexer/tokenize_flags.go:40.62,40.81 1 1
github.com/toolvox/utilgo/pkg/cli/lexer/tokenize_flags.go:41.3,41.21 1 1
github.com/toolvox/utilgo/pkg/cli/lexer/tokenize_flags.go:41.21,43.12 2 1
github.com/toolvox/utilgo/pkg/cli/lexer/tokenize_flags.go:46.3,47.20 2 1
github.com/toolvox/utilgo/pkg/cli/lexer/tokenize_flags.go:47.20,48.12 1 1
github.com/toolvox/utilgo/pkg/cli/lexer/tokenize_flags.go:52.3,52.33 1 1
github.com/toolvox/utilgo/pkg/cli/lexer/tokenize_flags.go:52.33,55.21 3 1
github.com/toolvox/utilgo/pkg/cli/lexer/tokenize_flags.go:55.21,56.13 1 1
github.com/toolvox/utilgo/pkg/cli/lexer/tokenize_flags.go:59.4,60.21 2 1
github.com/toolvox/utilgo/pkg/cli/lexer/tokenize_flags.go:60.21,61.38 1 1
github.com/toolvox/utilgo/pkg/cli/lexer/tokenize_flags.go:61.38,63.14 2 1
github.com/toolvox/utilgo/pkg/cli/lexer/tokenize_flags.go:66.5,67.13 2 0
github.com/toolvox/utilgo/pkg/cli/lexer/tokenize_flags.go:70.4,71.12 2 1
github.com/toolvox/utilgo/pkg/cli/lexer/tokenize_flags.go:75.3,75.36 1 1
github.com/toolvox/utilgo/pkg/cli/lexer/tokenize_flags.go:75.36,77.12 2 1
github.com/toolvox/utilgo/pkg/cli/lexer/tokenize_flags.go:80.3,80.23 1 1
github.com/toolvox/utilgo/pkg/cli/lexer/tokenize_flags.go:80.23,82.12 2 1
github.com/toolvox/utilgo/pkg/cli/lexer/tokenize_flags.go:85.3,86.34 2 1
github.com/toolvox/utilgo/pkg/cli/lexer/tokenize_flags.go:86.34,88.12 2 0
github.com/toolvox/utilgo/pkg/cli/lexer/tokenize_flags.go:91.3,92.6 2 1
github.com/toolvox/utilgo/pkg/cli/lexer/tokenize_flags.go:95.2,95.36 1 1
github.com/toolvox/utilgo/pkg/cli/lexer/tokenize_flags.go:95.36,96.36 1 1
github.com/toolvox/utilgo/pkg/cli/lexer/tokenize_flags.go:96.36,98.4 1 1
github.com/toolvox/utilgo/pkg/cmdutil/traverse_flags.go:26.63,31.2 4 0
github.com/toolvox/utilgo/pkg/cmdutil/traverse_flags.go:34.40,38.2 3 0
github.com/toolvox/utilgo/pkg/cmdutil/traverse_flags.go:41.59,42.24 1 0
github.com/toolvox/utilgo/pkg/cmdutil/traverse_flags.go:42.24,44.3 1 0
github.com/toolvox/utilgo/pkg/cmdutil/traverse_flags.go:46.2,47.16 2 0
github.com/toolvox/utilgo/pkg/cmdutil/traverse_flags.go:47.16,49.3 1 0
github.com/toolvox/utilgo/pkg/cmdutil/traverse_flags.go:51.2,52.60 2 0
github.com/toolvox/utilgo/pkg/cmdutil/traverse_flags.go:52.60,53.56 1 0
github.com/toolvox/utilgo/pkg/cmdutil/traverse_flags.go:53.56,55.4 1 0
github.com/toolvox/utilgo/pkg/cmdutil/traverse_flags.go:58.2,59.67 2 0
github.com/toolvox/utilgo/pkg/errs/errors.go:20.33,20.84 1 1
github.com/toolvox/utilgo/pkg/errs/errors.go:23.32,25.18 2 1
github.com/toolvox/utilgo/pkg/errs/errors.go:25.18,27.3 1 0
github.com/toolvox/utilgo/pkg/errs/errors.go:29.2,32.29 4 1
github.com/toolvox/utilgo/pkg/errs/errors.go:32.29,35.3 2 1
github.com/toolvox/utilgo/pkg/errs/errors.go:36.2,37.20 2 1
github.com/toolvox/utilgo/pkg/errs/errors.go:41.34,43.2 1 1
github.com/toolvox/utilgo/pkg/errs/errors.go:46.39,46.70 1 0
github.com/toolvox/utilgo/pkg/errs/errors.go:50.37,50.68 1 0
github.com/toolvox/utilgo/pkg/errs/errors.go:53.31,54.41 1 1
github.com/toolvox/utilgo/pkg/errs/errors.go:54.41,56.3 1 1
github.com/toolvox/utilgo/pkg/errs/errors.go:57.2,57.12 1 1
github.com/toolvox/utilgo/pkg/errs/errors.go:63.39,64.16 1 1
github.com/toolvox/utilgo/pkg/errs/errors.go:64.16,66.3 1 0
github.com/toolvox/utilgo/pkg/errs/errors.go:67.2,67.22 1 1
github.com/toolvox/utilgo/pkg/errs/errors.go:73.65,74.22 1 1
github.com/toolvox/utilgo/pkg/errs/errors.go:74.22,76.3 1 0
github.com/toolvox/utilgo/pkg/errs/errors.go:77.2,77.42 1 1
github.com/toolvox/utilgo/pkg/errs/error.go:11.31,11.51 1 1
github.com/toolvox/utilgo/pkg/errs/error.go:15.26,15.45 1 1
github.com/toolvox/utilgo/pkg/errs/error.go:19.45,21.2 1 1
github.com/toolvox/utilgo/pkg/errs/errs.go:15.78,17.35 2 0
github.com/toolvox/utilgo/pkg/errs/errs.go:17.35,19.3 1 0
github.com/toolvox/utilgo/pkg/errs/errs.go:21.2,21.26 1 0
github.com/toolvox/utilgo/pkg/errs/errs.go:21.26,23.3 1 0
github.com/toolvox/utilgo/pkg/errs/errs.go:24.2,24.30 1 0
github.com/toolvox/utilgo/pkg/errs/errs.go:24.30,26.3 1 0
github.com/toolvox/utilgo/pkg/errs/errs.go:27.2,27.45 1 0
github.com/toolvox/utilgo/pkg/errs/validator.go:16.38,17.16 1 0
github.com/toolvox/utilgo/pkg/errs/validator.go:17.16,18.37 1 0
github.com/toolvox/utilgo/pkg/errs/validator.go:20.2,20.12 1 0
github.com/toolvox/utilgo/pkg/errs/wrapped.go:20.38,20.92 1 1
github.com/toolvox/utilgo/pkg/errs/wrapped.go:24.38,24.58 1 1
github.com/toolvox/utilgo/pkg/errs/wrapped.go:27.45,28.41 1 1
github.com/toolvox/utilgo/pkg/errs/wrapped.go:28.41,30.3 1 0
github.com/toolvox/utilgo/pkg/errs/wrapped.go:31.2,31.37 1 1
github.com/toolvox/utilgo/pkg/errs/wrapped.go:36.43,37.40 1 1
github.com/toolvox/utilgo/pkg/errs/wrapped.go:37.40,40.3 2 0
github.com/toolvox/utilgo/pkg/errs/wrapped.go:41.2,41.37 1 1
github.com/toolvox/utilgo/pkg/errs/wrapped.go:47.48,49.19 2 1
github.com/toolvox/utilgo/pkg/errs/wrapped.go:50.9,51.13 1 1
github.com/toolvox/utilgo/pkg/errs/wrapped.go:53.9,57.4 1 1
github.com/toolvox/utilgo/pkg/errs/wrapped.go:59.10,63.4 1 1
github.com/toolvox/utilgo/pkg/errs/wrapped.go:70.60,73.27 3 1
github.com/toolvox/utilgo/pkg/errs/wrapped.go:73.27,74.50 1 1
github.com/toolvox/utilgo/pkg/errs/wrapped.go:74.50,76.4 1 1
github.com/toolvox/utilgo/pkg/errs/wrapped.go:76.9,77.9 1 1
github.com/toolvox/utilgo/pkg/errs/wrapped.go:80.2,81.59 2 1
github.com/toolvox/utilgo/pkg/fsutil/fsutil.go:9.62,11.82 2 0
github.com/toolvox/utilgo/pkg/fsutil/fsutil.go:11.82,12.17 1 0
github.com/toolvox/utilgo/pkg/fsutil/fsutil.go:12.17,14.4 1 0
github.com/toolvox/utilgo/pkg/fsutil/fsutil.go:15.3,15.17 1 0
github.com/toolvox/utilgo/pkg/fsutil/fsutil.go:15.17,16.64 1 0
github.com/toolvox/utilgo/pkg/fsutil/fsutil.go:16.64,18.5 1 0
github.com/toolvox/utilgo/pkg/fsutil/fsutil.go:19.4,19.33 1 0
github.com/toolvox/utilgo/pkg/fsutil/fsutil.go:21.3,21.13 1 0
github.com/toolvox/utilgo/pkg/fsutil/fsutil.go:23.2,23.20 1 0
github.com/toolvox/utilgo/pkg/fsutil/glob_matcher.go:19.63,24.2 1 0
github.com/toolvox/utilgo/pkg/fsutil/glob_matcher.go:28.51,29.25 1 0
github.com/toolvox/utilgo/pkg/fsutil/glob_matcher.go:29.25,31.3 1 0
github.com/toolvox/utilgo/pkg/fsutil/glob_matcher.go:32.2,33.57 1 0
github.com/toolvox/utilgo/pkg/fsutil/glob_matcher.go:33.57,36.4 2 0
github.com/toolvox/utilgo/pkg/fsutil/glob_matcher.go:40.51,42.57 1 0
github.com/toolvox/utilgo/pkg/fsutil/glob_matcher.go:42.57,45.4 2 0
github.com/toolvox/utilgo/pkg/fsutil/glob_matcher.go:49.48,51.2 1 0
github.com/toolvox/utilgo/pkg/fsutil/glob_matcher.go:56.97,58.81 2 0
github.com/toolvox/utilgo/pkg/fsutil/glob_matcher.go:58.81,59.17 1 0
github.com/toolvox/utilgo/pkg/fsutil/glob_matcher.go:59.17,62.4 2 0
github.com/toolvox/utilgo/pkg/fsutil/glob_matcher.go:64.3,64.16 1 0
github.com/toolvox/utilgo/pkg/fsutil/glob_matcher.go:64.16,65.24 1 0
github.com/toolvox/utilgo/pkg/fsutil/glob_matcher.go:65.24,68.5 2 0
github.com/toolvox/utilgo/pkg/fsutil/glob_matcher.go:69.4,69.14 1 0
github.com/toolvox/utilgo/pkg/fsutil/glob_matcher.go:72.3,72.20 1 0
github.com/toolvox/utilgo/pkg/fsutil/glob_matcher.go:72.20,74.18 2 0
github.com/toolvox/utilgo/pkg/fsutil/glob_matcher.go:74.18,77.5 2 0
github.com/toolvox/utilgo/pkg/fsutil/glob_matcher.go:79.4,79.50 1 0
github.com/toolvox/utilgo/pkg/fsutil/glob_matcher.go:79.50,81.5 1 0
github.com/toolvox/utilgo/pkg/fsutil/glob_matcher.go:84.3,84.13 1 0
github.com/toolvox/utilgo/pkg/fsutil/glob_matcher.go:87.2,88.25 2 0
github.com/toolvox/utilgo/pkg/fsutil/mmap.go:11.51,13.16 2 0
github.com/toolvox/utilgo/pkg/fsutil/mmap.go:13.16,15.3 1 0
github.com/toolvox/utilgo/pkg/fsutil/mmap.go:16.2,19.16 3 0
github.com/toolvox/utilgo/pkg/fsutil/mmap.go:19.16,21.3 1 0
github.com/toolvox/utilgo/pkg/fsutil/mmap.go:23.2,25.16 3 0
github.com/toolvox/utilgo/pkg/fsutil/mmap.go:25.16,27.3 1 0
github.com/toolvox/utilgo/pkg/fsutil/mmap.go:28.2,31.16 3 0
github.com/toolvox/utilgo/pkg/fsutil/mmap.go:31.16,33.3 1 0
github.com/toolvox/utilgo/pkg/fsutil/mmap.go:35.2,36.24 2 0
github.com/toolvox/utilgo/pkg/fsutil/subdir_fs.go:13.54,18.2 1 0
github.com/toolvox/utilgo/pkg/fsutil/subdir_fs.go:20.54,25.2 2 0
github.com/toolvox/utilgo/pkg/logs/config.go:25.48,26.20 1 0
github.com/toolvox/utilgo/pkg/logs/config.go:26.20,28.3 1 0
github.com/toolvox/utilgo/pkg/logs/config.go:29.2,29.22 1 0
github.com/toolvox/utilgo/pkg/logs/config.go:29.22,31.3 1 0
github.com/toolvox/utilgo/pkg/logs/config.go:32.2,32.23 1 0
github.com/toolvox/utilgo/pkg/logs/config.go:32.23,34.3 1 0
github.com/toolvox/utilgo/pkg/logs/config.go:36.2,38.54 3 0
github.com/toolvox/utilgo/pkg/logs/config.go:49.101,51.2 1 0
github.com/toolvox/utilgo/pkg/logs/config.go:56.101,58.2 1 0
github.com/toolvox/utilgo/pkg/logs/config.go:65.103,67.2 1 0
github.com/toolvox/utilgo/pkg/logs/config.go:74.100,76.2 1 0
github.com/toolvox/utilgo/pkg/logs/config.go:86.50,88.2 1 0
github.com/toolvox/utilgo/pkg/logs/config.go:93.50,95.2 1 0
github.com/toolvox/utilgo/pkg/logs/config.go:103.48,105.28 2 0
github.com/toolvox/utilgo/pkg/logs/config.go:105.28,107.3 1 0
github.com/toolvox/utilgo/pkg/logs/config.go:108.2,109.89 2 0
github.com/toolvox/utilgo/pkg/logs/config.go:109.89,110.13 1 0
github.com/toolvox/utilgo/pkg/logs/config.go:113.2,114.16 2 0
github.com/toolvox/utilgo/pkg/logs/config.go:114.16,115.13 1 0
github.com/toolvox/utilgo/pkg/logs/config.go:117.2,117.13 1 0
github.com/toolvox/utilgo/pkg/logs/config.go:125.50,127.2 1 0
github.com/toolvox/utilgo/pkg/logs/config.go:137.62,138.27 1 0
github.com/toolvox/utilgo/pkg/logs/config.go:138.27,140.3 1 0
github.com/toolvox/utilgo/pkg/logs/config.go:146.62,148.2 1 0
github.com/toolvox/utilgo/pkg/logs/config.go:153.63,155.2 1 0
github.com/toolvox/utilgo/pkg/logs/config.go:160.65,161.28 1 0
github.com/toolvox/utilgo/pkg/logs/config.go:161.28,164.3 2 0
github.com/toolvox/utilgo/pkg/logs/config.go:165.2,165.65 1 0
github.com/toolvox/utilgo/pkg/logs/config.go:165.65,169.3 3 0
github.com/toolvox/utilgo/pkg/logs/handlers/null.go:16.68,16.84 1 0
github.com/toolvox/utilgo/pkg/logs/handlers/null.go:19.69,19.83 1 0
github.com/toolvox/utilgo/pkg/logs/handlers/null.go:22.60,22.72 1 0
github.com/toolvox/utilgo/pkg/logs/handlers/null.go:25.55,25.67 1 0
github.com/toolvox/utilgo/pkg/logs/handlers/tee.go:17.59,18.23 1 0
github.com/toolvox/utilgo/pkg/logs/handlers/tee.go:19.9,20.23 1 0
github.com/toolvox/utilgo/pkg/logs/handlers/tee.go:21.9,22.21 1 0
github.com/toolvox/utilgo/pkg/logs/handlers/tee.go:23.10,24.30 1 0
github.com/toolvox/utilgo/pkg/logs/handlers/tee.go:30.71,31.28 1 0
github.com/toolvox/utilgo/pkg/logs/handlers/tee.go:31.28,32.32 1 0
github.com/toolvox/utilgo/pkg/logs/handlers/tee.go:32.32,34.4 1 0
github.com/toolvox/utilgo/pkg/logs/handlers/tee.go:36.2,36.14 1 0
github.com/toolvox/utilgo/pkg/logs/handlers/tee.go:41.75,43.28 2 0
github.com/toolvox/utilgo/pkg/logs/handlers/tee.go:43.28,44.42 1 0
github.com/toolvox/utilgo/pkg/logs/handlers/tee.go:44.42,45.12 1 0
github.com/toolvox/utilgo/pkg/logs/handlers/tee.go:47.3,47.53 1 0
github.com/toolvox/utilgo/pkg/logs/handlers/tee.go:47.53,49.4 1 0
github.com/toolvox/utilgo/pkg/logs/handlers/tee.go:51.2,51.23 1 0
github.com/toolvox/utilgo/pkg/logs/handlers/tee.go:56.63,58.28 2 0
github.com/toolvox/utilgo/pkg/logs/handlers/tee.go:58.28,60.3 1 0
github.com/toolvox/utilgo/pkg/logs/handlers/tee.go:61.2,61.38 1 0
github.com/toolvox/utilgo/pkg/logs/handlers/tee.go:66.57,68.28 2 0
github.com/toolvox/utilgo/pkg/logs/handlers/tee.go:68.28,70.3 1 0
github.com/toolvox/utilgo/pkg/logs/handlers/tee.go:71.2,71.38 1 0
github.com/toolvox/utilgo/pkg/logs/logs.go:13.35,13.72 1 0
github.com/toolvox/utilgo/pkg/logs/logs.go:21.46,24.34 2 0
github.com/toolvox/utilgo/pkg/logs/logs.go:24.34,25.29 1 0
github.com/toolvox/utilgo/pkg/logs/logs.go:26.21,27.42 1 0
github.com/toolvox/utilgo/pkg/logs/logs.go:28.19,29.52 1 0
github.com/toolvox/utilgo/pkg/logs/logs.go:32.2,32.52 1 0
github.com/toolvox/utilgo/pkg/logs/slog_attrs.go:7.33,8.16 1 0
github.com/toolvox/utilgo/pkg/logs/slog_attrs.go:8.16,13.3 1 0
github.com/toolvox/utilgo/pkg/logs/slog_attrs.go:14.2,17.3 1 0
github.com/toolvox/utilgo/pkg/maputil/maputil.go:10.63,13.22 3 1
github.com/toolvox/utilgo/pkg/maputil/maputil.go:13.22,16.3 2 1
github.com/toolvox/utilgo/pkg/maputil/maputil.go:18.2,18.41 1 1
github.com/toolvox/utilgo/pkg/maputil/maputil.go:18.41,20.3 1 1
github.com/toolvox/utilgo/pkg/maputil/maputil.go:21.2,21.15 1 1
github.com/toolvox/utilgo/pkg/randutil/randutil.go:7.43,9.19 2 1
github.com/toolvox/utilgo/pkg/randutil/randutil.go:9.19,11.3 1 1
github.com/toolvox/utilgo/pkg/randutil/randutil.go:13.2,13.29 1 1
github.com/toolvox/utilgo/pkg/randutil/randutil.go:13.29,15.14 2 1
github.com/toolvox/utilgo/pkg/randutil/randutil.go:15.14,17.4 1 1
github.com/toolvox/utilgo/pkg/randutil/randutil.go:18.3,18.34 1 1
github.com/toolvox/utilgo/pkg/randutil/randutil.go:21.2,21.26 1 1
github.com/toolvox/utilgo/pkg/randutil/randutil.go:21.26,22.15 1 1
github.com/toolvox/utilgo/pkg/randutil/randutil.go:22.15,23.14 1 0
github.com/toolvox/utilgo/pkg/randutil/randutil.go:23.14,25.5 1 0
github.com/toolvox/utilgo/pkg/randutil/randutil.go:25.10,27.5 1 0
github.com/toolvox/utilgo/pkg/randutil/randutil.go:31.2,31.12 1 1
github.com/toolvox/utilgo/pkg/reflectutil/reflectutil.go:13.30,16.42 3 1
github.com/toolvox/utilgo/pkg/reflectutil/reflectutil.go:16.42,18.3 1 1
github.com/toolvox/utilgo/pkg/reflectutil/reflectutil.go:19.2,19.29 1 1
github.com/toolvox/utilgo/pkg/reflectutil/reflectutil.go:20.23,21.14 1 1
github.com/toolvox/utilgo/pkg/reflectutil/reflectutil.go:23.20,24.20 1 0
github.com/toolvox/utilgo/pkg/reflectutil/reflectutil.go:29.41,30.21 1 1
github.com/toolvox/utilgo/pkg/reflectutil/reflectutil.go:32.21,33.35 1 1
github.com/toolvox/utilgo/pkg/reflectutil/reflectutil.go:33.35,35.4 1 1
github.com/toolvox/utilgo/pkg/reflectutil/reflectutil.go:36.3,36.33 1 1
github.com/toolvox/utilgo/pkg/reflectutil/reflectutil.go:36.33,38.24 2 1
github.com/toolvox/utilgo/pkg/reflectutil/reflectutil.go:38.24,40.5 1 1
github.com/toolvox/utilgo/pkg/reflectutil/reflectutil.go:42.3,42.14 1 0
github.com/toolvox/utilgo/pkg/reflectutil/reflectutil.go:44.20,45.49 1 1
github.com/toolvox/utilgo/pkg/reflectutil/reflectutil.go:45.49,47.4 1 1
github.com/toolvox/utilgo/pkg/reflectutil/reflectutil.go:49.20,50.32 1 1
github.com/toolvox/utilgo/pkg/reflectutil/reflectutil.go:50.32,52.4 1 1
github.com/toolvox/utilgo/pkg/reflectutil/reflectutil.go:54.19,55.49 1 1
github.com/toolvox/utilgo/pkg/reflectutil/reflectutil.go:55.49,57.4 1 1
github.com/toolvox/utilgo/pkg/reflectutil/reflectutil.go:59.3,60.33 2 1
github.com/toolvox/utilgo/pkg/reflectutil/reflectutil.go:60.33,63.36 3 1
github.com/toolvox/utilgo/pkg/reflectutil/reflectutil.go:63.36,65.5 1 1
github.com/toolvox/utilgo/pkg/reflectutil/reflectutil.go:67.3,67.14 1 1
github.com/toolvox/utilgo/pkg/reflectutil/reflectutil.go:69.23,70.51 1 1
github.com/toolvox/utilgo/pkg/reflectutil/reflectutil.go:72.21,73.49 1 1
github.com/toolvox/utilgo/pkg/reflectutil/reflectutil.go:73.49,75.4 1 1
github.com/toolvox/utilgo/pkg/reflectutil/reflectutil.go:76.3,76.33 1 1
github.com/toolvox/utilgo/pkg/reflectutil/reflectutil.go:76.33,78.24 2 1
github.com/toolvox/utilgo/pkg/reflectutil/reflectutil.go:78.24,80.5 1 1
github.com/toolvox/utilgo/pkg/reflectutil/reflectutil.go:82.3,82.14 1 1
github.com/toolvox/utilgo/pkg/reflectutil/reflectutil.go:84.22,85.21 1 1
github.com/toolvox/utilgo/pkg/reflectutil/reflectutil.go:87.25,88.35 1 0
github.com/toolvox/utilgo/pkg/reflectutil/reflectutil.go:90.29,91.38 1 0
github.com/toolvox/utilgo/pkg/reflectutil/reflectutil.go:93.10,94.19 1 0
github.com/toolvox/utilgo/pkg/reflectutil/reflectutil.go:97.2,97.14 1 1
github.com/toolvox/utilgo/pkg/serialization/json/zz_marshal.go:11.53,13.16 2 1
github.com/toolvox/utilgo/pkg/serialization/json/zz_marshal.go:13.16,16.3 2 1
github.com/toolvox/utilgo/pkg/serialization/json/zz_marshal.go:17.2,17.8 1 1
github.com/toolvox/utilgo/pkg/serialization/json/zz_marshal.go:22.46,25.16 3 1
github.com/toolvox/utilgo/pkg/serialization/json/zz_marshal.go:25.16,27.13 2 1
github.com/toolvox/utilgo/pkg/serialization/json/zz_marshal.go:29.2,29.8 1 1
github.com/toolvox/utilgo/pkg/serialization/json/zz_marshal.go:34.59,36.16 2 1
github.com/toolvox/utilgo/pkg/serialization/json/zz_marshal.go:36.16,39.3 2 1
github.com/toolvox/utilgo/pkg/serialization/json/zz_marshal.go:40.2,40.8 1 1
github.com/toolvox/utilgo/pkg/serialization/json/zz_marshal.go:45.52,48.16 3 1
github.com/toolvox/utilgo/pkg/serialization/json/zz_marshal.go:48.16,50.13 2 1
github.com/toolvox/utilgo/pkg/serialization/json/zz_marshal.go:52.2,52.8 1 1
github.com/toolvox/utilgo/pkg/serialization/json/zz_marshal.go:57.57,60.16 3 1
github.com/toolvox/utilgo/pkg/serialization/json/zz_marshal.go:60.16,63.3 2 1
github.com/toolvox/utilgo/pkg/serialization/json/zz_marshal.go:64.2,65.16 2 1
github.com/toolvox/utilgo/pkg/serialization/json/zz_marshal.go:65.16,68.3 2 0
github.com/toolvox/utilgo/pkg/serialization/json/zz_marshal.go:69.2,69.8 1 1
github.com/toolvox/utilgo/pkg/serialization/json/zz_marshal.go:74.49,78.16 4 1
github.com/toolvox/utilgo/pkg/serialization/json/zz_marshal.go:78.16,80.13 2 1
github.com/toolvox/utilgo/pkg/serialization/json/zz_marshal.go:82.2,83.16 2 1
github.com/toolvox/utilgo/pkg/serialization/json/zz_marshal.go:83.16,85.13 2 0
github.com/toolvox/utilgo/pkg/serialization/json/zz_marshal.go:87.2,87.8 1 1
github.com/toolvox/utilgo/pkg/serialization/json/zz_marshal.go:92.63,95.16 3 1
github.com/toolvox/utilgo/pkg/serialization/json/zz_marshal.go:95.16,98.3 2 1
github.com/toolvox/utilgo/pkg/serialization/json/zz_marshal.go:99.2,100.16 2 1
github.com/toolvox/utilgo/pkg/serialization/json/zz_marshal.go:100.16,103.3 2 0
github.com/toolvox/utilgo/pkg/serialization/json/zz_marshal.go:104.2,104.8 1 1
github.com/toolvox/utilgo/pkg/serialization/json/zz_marshal.go:109.55,113.16 4 1
github.com/toolvox/utilgo/pkg/serialization/json/zz_marshal.go:113.16,115.13 2 1
github.com/toolvox/utilgo/pkg/serialization/json/zz_marshal.go:117.2,118.16 2 1
github.com/toolvox/utilgo/pkg/serialization/json/zz_marshal.go:118.16,120.13 2 0
github.com/toolvox/utilgo/pkg/serialization/json/zz_marshal.go:122.2,122.8 1 1
github.com/toolvox/utilgo/pkg/serialization/json/zz_unmarshal.go:14.55,15.50 1 1
github.com/toolvox/utilgo/pkg/serialization/json/zz_unmarshal.go:15.50,18.3 2 1
github.com/toolvox/utilgo/pkg/serialization/json/zz_unmarshal.go:19.2,19.8 1 1
github.com/toolvox/utilgo/pkg/serialization/json/zz_unmarshal.go:24.48,26.50 2 1
github.com/toolvox/utilgo/pkg/serialization/json/zz_unmarshal.go:26.50,28.13 2 1
github.com/toolvox/utilgo/pkg/serialization/json/zz_unmarshal.go:30.2,30.8 1 1
github.com/toolvox/utilgo/pkg/serialization/json/zz_unmarshal.go:36.71,37.50 1 1
github.com/toolvox/utilgo/pkg/serialization/json/zz_unmarshal.go:37.50,40.3 2 0
github.com/toolvox/utilgo/pkg/serialization/json/zz_unmarshal.go:41.2,41.38 1 1
github.com/toolvox/utilgo/pkg/serialization/json/zz_unmarshal.go:41.38,44.3 2 1
github.com/toolvox/utilgo/pkg/serialization/json/zz_unmarshal.go:45.2,45.8 1 0
github.com/toolvox/utilgo/pkg/serialization/json/zz_unmarshal.go:51.64,53.50 2 1
github.com/toolvox/utilgo/pkg/serialization/json/zz_unmarshal.go:53.50,55.13 2 0
github.com/toolvox/utilgo/pkg/serialization/json/zz_unmarshal.go:57.2,57.38 1 1
github.com/toolvox/utilgo/pkg/serialization/json/zz_unmarshal.go:57.38,59.13 2 1
github.com/toolvox/utilgo/pkg/serialization/json/zz_unmarshal.go:61.2,61.8 1 0
github.com/toolvox/utilgo/pkg/serialization/json/zz_unmarshal.go:66.59,67.50 1 1
github.com/toolvox/utilgo/pkg/serialization/json/zz_unmarshal.go:67.50,70.3 2 1
github.com/toolvox/utilgo/pkg/serialization/json/zz_unmarshal.go:71.2,71.8 1 1
github.com/toolvox/utilgo/pkg/serialization/json/zz_unmarshal.go:76.51,78.50 2 1
github.com/toolvox/utilgo/pkg/serialization/json/zz_unmarshal.go:78.50,80.13 2 1
github.com/toolvox/utilgo/pkg/serialization/json/zz_unmarshal.go:82.2,82.8 1 1
github.com/toolvox/utilgo/pkg/serialization/json/zz_unmarshal.go:88.75,89.50 1 1
github.com/toolvox/utilgo/pkg/serialization/json/zz_unmarshal.go:89.50,92.3 2 0
github.com/toolvox/utilgo/pkg/serialization/json/zz_unmarshal.go:93.2,93.38 1 1
github.com/toolvox/utilgo/pkg/serialization/json/zz_unmarshal.go:93.38,96.3 2 1
github.com/toolvox/utilgo/pkg/serialization/json/zz_unmarshal.go:97.2,97.8 1 0
github.com/toolvox/utilgo/pkg/serialization/json/zz_unmarshal.go:103.67,105.50 2 1
github.com/toolvox/utilgo/pkg/serialization/json/zz_unmarshal.go:105.50,107.13 2 0
github.com/toolvox/utilgo/pkg/serialization/json/zz_unmarshal.go:109.2,109.38 1 1
github.com/toolvox/utilgo/pkg/serialization/json/zz_unmarshal.go:109.38,111.13 2 1
github.com/toolvox/utilgo/pkg/serialization/json/zz_unmarshal.go:113.2,113.8 1 0
github.com/toolvox/utilgo/pkg/serialization/json/zz_unmarshal.go:118.59,120.16 2 1
github.com/toolvox/utilgo/pkg/serialization/json/zz_unmarshal.go:120.16,123.3 2 1
github.com/toolvox/utilgo/pkg/serialization/json/zz_unmarshal.go:124.2,124.50 1 1
github.com/toolvox/utilgo/pkg/serialization/json/zz_unmarshal.go:124.50,127.3 2 1
github.com/toolvox/utilgo/pkg/serialization/json/zz_unmarshal.go:128.2,128.8 1 1
github.com/toolvox/utilgo/pkg/serialization/json/zz_unmarshal.go:133.52,136.16 3 1
github.com/toolvox/utilgo/pkg/serialization/json/zz_unmarshal.go:136.16,138.13 2 1
github.com/toolvox/utilgo/pkg/serialization/json/zz_unmarshal.go:140.2,140.50 1 1
github.com/toolvox/utilgo/pkg/serialization/json/zz_unmarshal.go:140.50,142.13 2 1
github.com/toolvox/utilgo/pkg/serialization/json/zz_unmarshal.go:144.2,144.8 1 1
github.com/toolvox/utilgo/pkg/serialization/json/zz_unmarshal.go:150.75,152.16 2 1
github.com/toolvox/utilgo/pkg/serialization/json/zz_unmarshal.go:152.16,155.3 2 0
github.com/toolvox/utilgo/pkg/serialization/json/zz_unmarshal.go:156.2,156.50 1 1
github.com/toolvox/utilgo/pkg/serialization/json/zz_unmarshal.go:156.50,159.3 2 0
github.com/toolvox/utilgo/pkg/serialization/json/zz_unmarshal.go:160.2,160.38 1 1
github.com/toolvox/utilgo/pkg/serialization/json/zz_unmarshal.go:160.38,163.3 2 1
github.com/toolvox/utilgo/pkg/serialization/json/zz_unmarshal.go:164.2,164.8 1 0
github.com/toolvox/utilgo/pkg/serialization/json/zz_unmarshal.go:170.68,173.16 3 1
github.com/toolvox/utilgo/pkg/serialization/json/zz_unmarshal.go:173.16,175.13 2 0
github.com/toolvox/utilgo/pkg/serialization/json/zz_unmarshal.go:177.2,177.50 1 1
github.com/toolvox/utilgo/pkg/serialization/json/zz_unmarshal.go:177.50,179.13 2 0
github.com/toolvox/utilgo/pkg/serialization/json/zz_unmarshal.go:181.2,181.38 1 1
github.com/toolvox/utilgo/pkg/serialization/json/zz_unmarshal.go:181.38,183.13 2 1
github.com/toolvox/utilgo/pkg/serialization/json/zz_unmarshal.go:185.2,185.8 1 0
github.com/toolvox/utilgo/pkg/serialization/json/zz_unmarshal.go:190.63,192.16 2 1
github.com/toolvox/utilgo/pkg/serialization/json/zz_unmarshal.go:192.16,195.3 2 1
github.com/toolvox/utilgo/pkg/serialization/json/zz_unmarshal.go:196.2,196.50 1 1
github.com/toolvox/utilgo/pkg/serialization/json/zz_unmarshal.go:196.50,199.3 2 1
github.com/toolvox/utilgo/pkg/serialization/json/zz_unmarshal.go:200.2,200.8 1 1
github.com/toolvox/utilgo/pkg/serialization/json/zz_unmarshal.go:205.55,208.16 3 1
github.com/toolvox/utilgo/pkg/serialization/json/zz_unmarshal.go:208.16,210.13 2 1
github.com/toolvox/utilgo/pkg/serialization/json/zz_unmarshal.go:212.2,212.50 1 1
github.com/toolvox/utilgo/pkg/serialization/json/zz_unmarshal.go:212.50,214.13 2 1
github.com/toolvox/utilgo/pkg/serialization/json/zz_unmarshal.go:216.2,216.8 1 1
github.com/toolvox/utilgo/pkg/serialization/json/zz_unmarshal.go:222.79,224.16 2 1
github.com/toolvox/utilgo/pkg/serialization/json/zz_unmarshal.go:224.16,227.3 2 0
github.com/toolvox/utilgo/pkg/serialization/json/zz_unmarshal.go:228.2,228.50 1 1
github.com/toolvox/utilgo/pkg/serialization/json/zz_unmarshal.go:228.50,231.3 2 0
github.com/toolvox/utilgo/pkg/serialization/json/zz_unmarshal.go:232.2,232.38 1 1
github.com/toolvox/utilgo/pkg/serialization/json/zz_unmarshal.go:232.38,235.3 2 1
github.com/toolvox/utilgo/pkg/serialization/json/zz_unmarshal.go:236.2,236.8 1 0
github.com/toolvox/utilgo/pkg/serialization/json/zz_unmarshal.go:242.71,245.16 3 1
github.com/toolvox/utilgo/pkg/serialization/json/zz_unmarshal.go:245.16,247.13 2 0
github.com/toolvox/utilgo/pkg/serialization/json/zz_unmarshal.go:249.2,249.50 1 1
github.com/toolvox/utilgo/pkg/serialization/json/zz_unmarshal.go:249.50,251.13 2 0
github.com/toolvox/utilgo/pkg/serialization/json/zz_unmarshal.go:253.2,253.38 1 1
github.com/toolvox/utilgo/pkg/serialization/json/zz_unmarshal.go:253.38,255.13 2 1
github.com/toolvox/utilgo/pkg/serialization/json/zz_unmarshal.go:257.2,257.8 1 0
github.com/toolvox/utilgo/pkg/serialization/json/zz_unmarshal.go:262.66,264.16 2 1
github.com/toolvox/utilgo/pkg/serialization/json/zz_unmarshal.go:264.16,267.3 2 1
github.com/toolvox/utilgo/pkg/serialization/json/zz_unmarshal.go:268.2,268.50 1 1
github.com/toolvox/utilgo/pkg/serialization/json/zz_unmarshal.go:268.50,271.3 2 1
github.com/toolvox/utilgo/pkg/serialization/json/zz_unmarshal.go:272.2,272.8 1 1
github.com/toolvox/utilgo/pkg/serialization/json/zz_unmarshal.go:277.59,280.16 3 1
github.com/toolvox/utilgo/pkg/serialization/json/zz_unmarshal.go:280.16,282.13 2 1
github.com/toolvox/utilgo/pkg/serialization/json/zz_unmarshal.go:284.2,284.50 1 1
github.com/toolvox/utilgo/pkg/serialization/json/zz_unmarshal.go:284.50,286.13 2 1
github.com/toolvox/utilgo/pkg/serialization/json/zz_unmarshal.go:288.2,288.8 1 1
github.com/toolvox/utilgo/pkg/serialization/json/zz_unmarshal.go:294.82,296.16 2 1
github.com/toolvox/utilgo/pkg/serialization/json/zz_unmarshal.go:296.16,299.3 2 0
github.com/toolvox/utilgo/pkg/serialization/json/zz_unmarshal.go:300.2,300.50 1 1
github.com/toolvox/utilgo/pkg/serialization/json/zz_unmarshal.go:300.50,303.3 2 0
github.com/toolvox/utilgo/pkg/serialization/json/zz_unmarshal.go:304.2,304.38 1 1
github.com/toolvox/utilgo/pkg/serialization/json/zz_unmarshal.go:304.38,307.3 2 1
github.com/toolvox/utilgo/pkg/serialization/json/zz_unmarshal.go:308.2,308.8 1 0
github.com/toolvox/utilgo/pkg/serialization/json/zz_unmarshal.go:314.75,317.16 3 1
github.com/toolvox/utilgo/pkg/serialization/json/zz_unmarshal.go:317.16,319.13 2 0
github.com/toolvox/utilgo/pkg/serialization/json/zz_unmarshal.go:321.2,321.50 1 1
github.com/toolvox/utilgo/pkg/serialization/json/zz_unmarshal.go:321.50,323.13 2 0
github.com/toolvox/utilgo/pkg/serialization/json/zz_unmarshal.go:325.2,325.38 1 1
github.com/toolvox/utilgo/pkg/serialization/json/zz_unmarshal.go:325.38,327.13 2 1
github.com/toolvox/utilgo/pkg/serialization/json/zz_unmarshal.go:329.2,329.8 1 0
github.com/toolvox/utilgo/pkg/serialization/json/zz_unmarshal.go:334.70,336.16 2 1
github.com/toolvox/utilgo/pkg/serialization/json/zz_unmarshal.go:336.16,339.3 2 1
github.com/toolvox/utilgo/pkg/serialization/json/zz_unmarshal.go:340.2,340.50 1 1
github.com/toolvox/utilgo/pkg/serialization/json/zz_unmarshal.go:340.50,343.3 2 1
github.com/toolvox/utilgo/pkg/serialization/json/zz_unmarshal.go:344.2,344.8 1 1
github.com/toolvox/utilgo/pkg/serialization/json/zz_unmarshal.go:349.62,352.16 3 1
github.com/toolvox/utilgo/pkg/serialization/json/zz_unmarshal.go:352.16,354.13 2 1
github.com/toolvox/utilgo/pkg/serialization/json/zz_unmarshal.go:356.2,356.50 1 1
github.com/toolvox/utilgo/pkg/serialization/json/zz_unmarshal.go:356.50,358.13 2 1
github.com/toolvox/utilgo/pkg/serialization/json/zz_unmarshal.go:360.2,360.8 1 1
github.com/toolvox/utilgo/pkg/serialization/json/zz_unmarshal.go:366.86,368.16 2 1
github.com/toolvox/utilgo/pkg/serialization/json/zz_unmarshal.go:368.16,371.3 2 0
github.com/toolvox/utilgo/pkg/serialization/json/zz_unmarshal.go:372.2,372.50 1 1
github.com/toolvox/utilgo/pkg/serialization/json/zz_unmarshal.go:372.50,375.3 2 0
github.com/toolvox/utilgo/pkg/serialization/json/zz_unmarshal.go:376.2,376.38 1 1
github.com/toolvox/utilgo/pkg/serialization/json/zz_unmarshal.go:376.38,379.3 2 1
github.com/toolvox/utilgo/pkg/serialization/json/zz_unmarshal.go:380.2,380.8 1 0
github.com/toolvox/utilgo/pkg/serialization/json/zz_unmarshal.go:386.78,389.16 3 1
github.com/toolvox/utilgo/pkg/serialization/json/zz_unmarshal.go:389.16,391.13 2 0
github.com/toolvox/utilgo/pkg/serialization/json/zz_unmarshal.go:393.2,393.50 1 1
github.com/toolvox/utilgo/pkg/serialization/json/zz_unmarshal.go:393.50,395.13 2 0
github.com/toolvox/utilgo/pkg/serialization/json/zz_unmarshal.go:397.2,397.38 1 1
github.com/toolvox/utilgo/pkg/serialization/json/zz_unmarshal.go:397.38,399.13 2 1
github.com/toolvox/utilgo/pkg/serialization/json/zz_unmarshal.go:401.2,401.8 1 0
github.com/toolvox/utilgo/pkg/serialization/yaml/zz_marshal.go:12.53,14.16 2 1
github.com/toolvox/utilgo/pkg/serialization/yaml/zz_marshal.go:14.16,17.3 2 0
github.com/toolvox/utilgo/pkg/serialization/yaml/zz_marshal.go:18.2,18.8 1 1
github.com/toolvox/utilgo/pkg/serialization/yaml/zz_marshal.go:23.46,26.16 3 1
github.com/toolvox/utilgo/pkg/serialization/yaml/zz_marshal.go:26.16,28.13 2 0
github.com/toolvox/utilgo/pkg/serialization/yaml/zz_marshal.go:30.2,30.8 1 1
github.com/toolvox/utilgo/pkg/serialization/yaml/zz_marshal.go:35.57,38.16 3 1
github.com/toolvox/utilgo/pkg/serialization/yaml/zz_marshal.go:38.16,41.3 2 0
github.com/toolvox/utilgo/pkg/serialization/yaml/zz_marshal.go:42.2,43.16 2 1
github.com/toolvox/utilgo/pkg/serialization/yaml/zz_marshal.go:43.16,46.3 2 1
github.com/toolvox/utilgo/pkg/serialization/yaml/zz_marshal.go:47.2,47.8 1 1
github.com/toolvox/utilgo/pkg/serialization/yaml/zz_marshal.go:52.49,56.16 4 1
github.com/toolvox/utilgo/pkg/serialization/yaml/zz_marshal.go:56.16,58.13 2 0
github.com/toolvox/utilgo/pkg/serialization/yaml/zz_marshal.go:60.2,61.16 2 1
github.com/toolvox/utilgo/pkg/serialization/yaml/zz_marshal.go:61.16,63.13 2 1
github.com/toolvox/utilgo/pkg/serialization/yaml/zz_marshal.go:65.2,65.8 1 1
github.com/toolvox/utilgo/pkg/serialization/yaml/zz_unmarshal.go:15.55,16.50 1 1
github.com/toolvox/utilgo/pkg/serialization/yaml/zz_unmarshal.go:16.50,19.3 2 1
github.com/toolvox/utilgo/pkg/serialization/yaml/zz_unmarshal.go:20.2,20.8 1 1
github.com/toolvox/utilgo/pkg/serialization/yaml/zz_unmarshal.go:25.48,27.50 2 1
github.com/toolvox/utilgo/pkg/serialization/yaml/zz_unmarshal.go:27.50,29.13 2 1
github.com/toolvox/utilgo/pkg/serialization/yaml/zz_unmarshal.go:31.2,31.8 1 1
github.com/toolvox/utilgo/pkg/serialization/yaml/zz_unmarshal.go:37.71,38.50 1 1
github.com/toolvox/utilgo/pkg/serialization/yaml/zz_unmarshal.go:38.50,41.3 2 0
github.com/toolvox/utilgo/pkg/serialization/yaml/zz_unmarshal.go:42.2,42.38 1 1
github.com/toolvox/utilgo/pkg/serialization/yaml/zz_unmarshal.go:42.38,45.3 2 1
github.com/toolvox/utilgo/pkg/serialization/yaml/zz_unmarshal.go:46.2,46.8 1 0
github.com/toolvox/utilgo/pkg/serialization/yaml/zz_unmarshal.go:52.64,54.50 2 1
github.com/toolvox/utilgo/pkg/serialization/yaml/zz_unmarshal.go:54.50,56.13 2 0
github.com/toolvox/utilgo/pkg/serialization/yaml/zz_unmarshal.go:58.2,58.38 1 1
github.com/toolvox/utilgo/pkg/serialization/yaml/zz_unmarshal.go:58.38,60.13 2 1
github.com/toolvox/utilgo/pkg/serialization/yaml/zz_unmarshal.go:62.2,62.8 1 0
github.com/toolvox/utilgo/pkg/serialization/yaml/zz_unmarshal.go:67.59,68.50 1 1
github.com/toolvox/utilgo/pkg/serialization/yaml/zz_unmarshal.go:68.50,71.3 2 1
github.com/toolvox/utilgo/pkg/serialization/yaml/zz_unmarshal.go:72.2,72.8 1 1
github.com/toolvox/utilgo/pkg/serialization/yaml/zz_unmarshal.go:77.51,79.50 2 1
github.com/toolvox/utilgo/pkg/serialization/yaml/zz_unmarshal.go:79.50,81.13 2 1
github.com/toolvox/utilgo/pkg/serialization/yaml/zz_unmarshal.go:83.2,83.8 1 1
github.com/toolvox/utilgo/pkg/serialization/yaml/zz_unmarshal.go:89.75,90.50 1 1
github.com/toolvox/utilgo/pkg/serialization/yaml/zz_unmarshal.go:90.50,93.3 2 0
github.com/toolvox/utilgo/pkg/serialization/yaml/zz_unmarshal.go:94.2,94.38 1 1
github.com/toolvox/utilgo/pkg/serialization/yaml/zz_unmarshal.go:94.38,97.3 2 1
github.com/toolvox/utilgo/pkg/serialization/yaml/zz_unmarshal.go:98.2,98.8 1 0
github.com/toolvox/utilgo/pkg/serialization/yaml/zz_unmarshal.go:104.67,106.50 2 1
github.com/toolvox/utilgo/pkg/serialization/yaml/zz_unmarshal.go:106.50,108.13 2 0
github.com/toolvox/utilgo/pkg/serialization/yaml/zz_unmarshal.go:110.2,110.38 1 1
github.com/toolvox/utilgo/pkg/serialization/yaml/zz_unmarshal.go:110.38,112.13 2 1
github.com/toolvox/utilgo/pkg/serialization/yaml/zz_unmarshal.go:114.2,114.8 1 0
github.com/toolvox/utilgo/pkg/serialization/yaml/zz_unmarshal.go:119.59,121.16 2 1
github.com/toolvox/utilgo/pkg/serialization/yaml/zz_unmarshal.go:121.16,124.3 2 1
github.com/toolvox/utilgo/pkg/serialization/yaml/zz_unmarshal.go:125.2,125.50 1 1
github.com/toolvox/utilgo/pkg/serialization/yaml/zz_unmarshal.go:125.50,128.3 2 1
github.com/toolvox/utilgo/pkg/serialization/yaml/zz_unmarshal.go:129.2,129.8 1 1
github.com/toolvox/utilgo/pkg/serialization/yaml/zz_unmarshal.go:134.52,137.16 3 1
github.com/toolvox/utilgo/pkg/serialization/yaml/zz_unmarshal.go:137.16,139.13 2 1
github.com/toolvox/utilgo/pkg/serialization/yaml/zz_unmarshal.go:141.2,141.50 1 1
github.com/toolvox/utilgo/pkg/serialization/yaml/zz_unmarshal.go:141.50,143.13 2 1
github.com/toolvox/utilgo/pkg/serialization/yaml/zz_unmarshal.go:145.2,145.8 1 1
github.com/toolvox/utilgo/pkg/serialization/yaml/zz_unmarshal.go:151.75,153.16 2 1
github.com/toolvox/utilgo/pkg/serialization/yaml/zz_unmarshal.go:153.16,156.3 2 0
github.com/toolvox/utilgo/pkg/serialization/yaml/zz_unmarshal.go:157.2,157.50 1 1
github.com/toolvox/utilgo/pkg/serialization/yaml/zz_unmarshal.go:157.50,160.3 2 0
github.com/toolvox/utilgo/pkg/serialization/yaml/zz_unmarshal.go:161.2,161.38 1 1
github.com/toolvox/utilgo/pkg/serialization/yaml/zz_unmarshal.go:161.38,164.3 2 1
github.com/toolvox/utilgo/pkg/serialization/yaml/zz_unmarshal.go:165.2,165.8 1 0
github.com/toolvox/utilgo/pkg/serialization/yaml/zz_unmarshal.go:171.68,174.16 3 1
github.com/toolvox/utilgo/pkg/serialization/yaml/zz_unmarshal.go:174.16,176.13 2 0
github.com/toolvox/utilgo/pkg/serialization/yaml/zz_unmarshal.go:178.2,178.50 1 1
github.com/toolvox/utilgo/pkg/serialization/yaml/zz_unmarshal.go:178.50,180.13 2 0
github.com/toolvox/utilgo/pkg/serialization/yaml/zz_unmarshal.go:182.2,182.38 1 1
github.com/toolvox/utilgo/pkg/serialization/yaml/zz_unmarshal.go:182.38,184.13 2 1
github.com/toolvox/utilgo/pkg/serialization/yaml/zz_unmarshal.go:186.2,186.8 1 0
github.com/toolvox/utilgo/pkg/serialization/yaml/zz_unmarshal.go:191.63,193.16 2 1
github.com/toolvox/utilgo/pkg/serialization/yaml/zz_unmarshal.go:193.16,196.3 2 1
github.com/toolvox/utilgo/pkg/serialization/yaml/zz_unmarshal.go:197.2,197.50 1 1
github.com/toolvox/utilgo/pkg/serialization/yaml/zz_unmarshal.go:197.50,200.3 2 1
github.com/toolvox/utilgo/pkg/serialization/yaml/zz_unmarshal.go:201.2,201.8 1 1
github.com/toolvox/utilgo/pkg/serialization/yaml/zz_unmarshal.go:206.55,209.16 3 1
github.com/toolvox/utilgo/pkg/serialization/yaml/zz_unmarshal.go:209.16,211.13 2 1
github.com/toolvox/utilgo/pkg/serialization/yaml/zz_unmarshal.go:213.2,213.50 1 1
github.com/toolvox/utilgo/pkg/serialization/yaml/zz_unmarshal.go:213.50,215.13 2 1
github.com/toolvox/utilgo/pkg/serialization/yaml/zz_unmarshal.go:217.2,217.8 1 1
github.com/toolvox/utilgo/pkg/serialization/yaml/zz_unmarshal.go:223.79,225.16 2 1
github.com/toolvox/utilgo/pkg/serialization/yaml/zz_unmarshal.go:225.16,228.3 2 0
github.com/toolvox/utilgo/pkg/serialization/yaml/zz_unmarshal.go:229.2,229.50 1 1
github.com/toolvox/utilgo/pkg/serialization/yaml/zz_unmarshal.go:229.50,232.3 2 0
github.com/toolvox/utilgo/pkg/serialization/yaml/zz_unmarshal.go:233.2,233.38 1 1
github.com/toolvox/utilgo/pkg/serialization/yaml/zz_unmarshal.go:233.38,236.3 2 1
github.com/toolvox/utilgo/pkg/serialization/yaml/zz_unmarshal.go:237.2,237.8 1 0
github.com/toolvox/utilgo/pkg/serialization/yaml/zz_unmarshal.go:243.71,246.16 3 1
github.com/toolvox/utilgo/pkg/serialization/yaml/zz_unmarshal.go:246.16,248.13 2 0
github.com/toolvox/utilgo/pkg/serialization/yaml/zz_unmarshal.go:250.2,250.50 1 1
github.com/toolvox/utilgo/pkg/serialization/yaml/zz_unmarshal.go:250.50,252.13 2 0
github.com/toolvox/utilgo/pkg/serialization/yaml/zz_unmarshal.go:254.2,254.38 1 1
github.com/toolvox/utilgo/pkg/serialization/yaml/zz_unmarshal.go:254.38,256.13 2 1
github.com/toolvox/utilgo/pkg/serialization/yaml/zz_unmarshal.go:258.2,258.8 1 0
github.com/toolvox/utilgo/pkg/serialization/yaml/zz_unmarshal.go:263.66,265.16 2 1
github.com/toolvox/utilgo/pkg/serialization/yaml/zz_unmarshal.go:265.16,268.3 2 1
github.com/toolvox/utilgo/pkg/serialization/yaml/zz_unmarshal.go:269.2,269.50 1 1
github.com/toolvox/utilgo/pkg/serialization/yaml/zz_unmarshal.go:269.50,272.3 2 1
github.com/toolvox/utilgo/pkg/serialization/yaml/zz_unmarshal.go:273.2,273.8 1 1
github.com/toolvox/utilgo/pkg/serialization/yaml/zz_unmarshal.go:278.59,281.16 3 1
github.com/toolvox/utilgo/pkg/serialization/yaml/zz_unmarshal.go:281.16,283.13 2 1
github.com/toolvox/utilgo/pkg/serialization/yaml/zz_unmarshal.go:285.2,285.50 1 1
github.com/toolvox/utilgo/pkg/serialization/yaml/zz_unmarshal.go:285.50,287.13 2 1
github.com/toolvox/utilgo/pkg/serialization/yaml/zz_unmarshal.go:289.2,289.8 1 1
github.com/toolvox/utilgo/pkg/serialization/yaml/zz_unmarshal.go:295.82,297.16 2 1
github.com/toolvox/utilgo/pkg/serialization/yaml/zz_unmarshal.go:297.16,300.3 2 0
github.com/toolvox/utilgo/pkg/serialization/yaml/zz_unmarshal.go:301.2,301.50 1 1
github.com/toolvox/utilgo/pkg/serialization/yaml/zz_unmarshal.go:301.50,304.3 2 0
github.com/toolvox/utilgo/pkg/serialization/yaml/zz_unmarshal.go:305.2,305.38 1 1
github.com/toolvox/utilgo/pkg/serialization/yaml/zz_unmarshal.go:305.38,308.3 2 1
github.com/toolvox/utilgo/pkg/serialization/yaml/zz_unmarshal.go:309.2,309.8 1 0
github.com/toolvox/utilgo/pkg/serialization/yaml/zz_unmarshal.go:315.75,318.16 3 1
github.com/toolvox/utilgo/pkg/serialization/yaml/zz_unmarshal.go:318.16,320.13 2 0
github.com/toolvox/utilgo/pkg/serialization/yaml/zz_unmarshal.go:322.2,322.50 1 1
github.com/toolvox/utilgo/pkg/serialization/yaml/zz_unmarshal.go:322.50,324.13 2 0
github.com/toolvox/utilgo/pkg/serialization/yaml/zz_unmarshal.go:326.2,326.38 1 1
github.com/toolvox/utilgo/pkg/serialization/yaml/zz_unmarshal.go:326.38,328.13 2 1
github.com/toolvox/utilgo/pkg/serialization/yaml/zz_unmarshal.go:330.2,330.8 1 0
github.com/toolvox/utilgo/pkg/serialization/yaml/zz_unmarshal.go:335.70,337.16 2 1
github.com/toolvox/utilgo/pkg/serialization/yaml/zz_unmarshal.go:337.16,340.3 2 1
github.com/toolvox/utilgo/pkg/serialization/yaml/zz_unmarshal.go:341.2,341.50 1 1
github.com/toolvox/utilgo/pkg/serialization/yaml/zz_unmarshal.go:341.50,344.3 2 1
github.com/toolvox/utilgo/pkg/serialization/yaml/zz_unmarshal.go:345.2,345.8 1 1
github.com/toolvox/utilgo/pkg/serialization/yaml/zz_unmarshal.go:350.62,353.16 3 1
github.com/toolvox/utilgo/pkg/serialization/yaml/zz_unmarshal.go:353.16,355.13 2 1
github.com/toolvox/utilgo/pkg/serialization/yaml/zz_unmarshal.go:357.2,357.50 1 1
github.com/toolvox/utilgo/pkg/serialization/yaml/zz_unmarshal.go:357.50,359.13 2 1
github.com/toolvox/utilgo/pkg/serialization/yaml/zz_unmarshal.go:361.2,361.8 1 1
github.com/toolvox/utilgo/pkg/serialization/yaml/zz_unmarshal.go:367.86,369.16 2 1
github.com/toolvox/utilgo/pkg/serialization/yaml/zz_unmarshal.go:369.16,372.3 2 0
github.com/toolvox/utilgo/pkg/serialization/yaml/zz_unmarshal.go:373.2,373.50 1 1
github.com/toolvox/utilgo/pkg/serialization/yaml/zz_unmarshal.go:373.50,376.3 2 0
github.com/toolvox/utilgo/pkg/serialization/yaml/zz_unmarshal.go:377.2,377.38 1 1
github.com/toolvox/utilgo/pkg/serialization/yaml/zz_unmarshal.go:377.38,380.3 2 1
github.com/toolvox/utilgo/pkg/serialization/yaml/zz_unmarshal.go:381.2,381.8 1 0
github.com/toolvox/utilgo/pkg/serialization/yaml/zz_unmarshal.go:387.78,390.16 3 1
github.com/toolvox/utilgo/pkg/serialization/yaml/zz_unmarshal.go:390.16,392.13 2 0
github.com/toolvox/utilgo/pkg/serialization/yaml/zz_unmarshal.go:394.2,394.50 1 1
github.com/toolvox/utilgo/pkg/serialization/yaml/zz_unmarshal.go:394.50,396.13 2 0
github.com/toolvox/utilgo/pkg/serialization/yaml/zz_unmarshal.go:398.2,398.38 1 1
github.com/toolvox/utilgo/pkg/serialization/yaml/zz_unmarshal.go:398.38,400.13 2 1
github.com/toolvox/utilgo/pkg/serialization/yaml/zz_unmarshal.go:402.2,402.8 1 0
github.com/toolvox/utilgo/pkg/sets/map_set.go:22.49,24.29 2 1
github.com/toolvox/utilgo/pkg/sets/map_set.go:24.29,26.3 1 1
github.com/toolvox/utilgo/pkg/sets/map_set.go:27.2,27.15 1 1
github.com/toolvox/utilgo/pkg/sets/map_set.go:31.33,32.29 1 1
github.com/toolvox/utilgo/pkg/sets/map_set.go:32.29,34.3 1 1
github.com/toolvox/utilgo/pkg/sets/map_set.go:38.42,41.2 2 1
github.com/toolvox/utilgo/pkg/sets/map_set.go:44.44,49.2 4 1
github.com/toolvox/utilgo/pkg/sets/map_set.go:52.49,55.29 3 1
github.com/toolvox/utilgo/pkg/sets/map_set.go:55.29,57.3 1 1
github.com/toolvox/utilgo/pkg/sets/map_set.go:58.2,58.15 1 1
github.com/toolvox/utilgo/pkg/sets/map_set.go:62.51,64.19 2 1
github.com/toolvox/utilgo/pkg/sets/map_set.go:64.19,65.28 1 1
github.com/toolvox/utilgo/pkg/sets/map_set.go:65.28,67.4 1 1
github.com/toolvox/utilgo/pkg/sets/map_set.go:69.2,69.15 1 1
github.com/toolvox/utilgo/pkg/sets/map_set.go:73.56,75.29 2 1
github.com/toolvox/utilgo/pkg/sets/map_set.go:75.29,76.24 1 1
github.com/toolvox/utilgo/pkg/sets/map_set.go:76.24,78.4 1 1
github.com/toolvox/utilgo/pkg/sets/map_set.go:80.2,80.15 1 1
github.com/toolvox/utilgo/pkg/sets/map_set.go:84.49,86.23 2 1
github.com/toolvox/utilgo/pkg/sets/map_set.go:86.23,88.3 1 1
github.com/toolvox/utilgo/pkg/sets/map_set.go:89.2,89.15 1 1
github.com/toolvox/utilgo/pkg/sets/map_set.go:93.54,95.29 2 1
github.com/toolvox/utilgo/pkg/sets/map_set.go:95.29,97.3 1 1
github.com/toolvox/utilgo/pkg/sets/map_set.go:98.2,98.15 1 1
github.com/toolvox/utilgo/pkg/sets/map_set.go:102.50,104.19 2 1
github.com/toolvox/utilgo/pkg/sets/map_set.go:104.19,105.24 1 1
github.com/toolvox/utilgo/pkg/sets/map_set.go:105.24,107.4 1 1
github.com/toolvox/utilgo/pkg/sets/map_set.go:107.9,109.4 1 1
github.com/toolvox/utilgo/pkg/sets/map_set.go:112.2,112.24 1 1
github.com/toolvox/utilgo/pkg/sets/map_set.go:112.24,113.21 1 1
github.com/toolvox/utilgo/pkg/sets/map_set.go:113.21,114.12 1 1
github.com/toolvox/utilgo/pkg/sets/map_set.go:116.3,116.17 1 1
github.com/toolvox/utilgo/pkg/sets/map_set.go:118.2,118.12 1 1
github.com/toolvox/utilgo/pkg/sets/map_set.go:122.33,124.19 2 1
github.com/toolvox/utilgo/pkg/sets/map_set.go:124.19,126.3 1 1
github.com/toolvox/utilgo/pkg/sets/map_set.go:127.2,128.58 2 1
github.com/toolvox/utilgo/pkg/sets/tiny_set.go:16.57,18.29 2 1
github.com/toolvox/utilgo/pkg/sets/tiny_set.go:18.29,20.3 1 1
github.com/toolvox/utilgo/pkg/sets/tiny_set.go:21.2,21.15 1 1
github.com/toolvox/utilgo/pkg/sets/tiny_set.go:25.43,27.31 2 1
github.com/toolvox/utilgo/pkg/sets/tiny_set.go:27.31,29.3 1 1
github.com/toolvox/utilgo/pkg/sets/tiny_set.go:30.2,30.55 1 1
github.com/toolvox/utilgo/pkg/sets/tiny_set.go:34.37,34.60 1 0
github.com/toolvox/utilgo/pkg/sets/tiny_set.go:37.42,37.60 1 0
github.com/toolvox/utilgo/pkg/sets/tiny_set.go:40.56,42.29 1 1
github.com/toolvox/utilgo/pkg/sets/tiny_set.go:42.29,43.29 1 1
github.com/toolvox/utilgo/pkg/sets/tiny_set.go:43.29,44.14 1 1
github.com/toolvox/utilgo/pkg/sets/tiny_set.go:44.14,45.19 1 1
github.com/toolvox/utilgo/pkg/sets/tiny_set.go:48.3,48.15 1 1
github.com/toolvox/utilgo/pkg/sets/tiny_set.go:50.2,50.13 1 1
github.com/toolvox/utilgo/pkg/sets/tiny_set.go:54.47,55.32 1 1
github.com/toolvox/utilgo/pkg/sets/tiny_set.go:55.32,56.30 1 1
github.com/toolvox/utilgo/pkg/sets/tiny_set.go:56.30,58.4 1 1
github.com/toolvox/utilgo/pkg/sets/tiny_set.go:63.50,65.2 1 0
github.com/toolvox/utilgo/pkg/sets/tiny_set.go:68.62,70.29 2 1
github.com/toolvox/utilgo/pkg/sets/tiny_set.go:70.29,71.29 1 1
github.com/toolvox/utilgo/pkg/sets/tiny_set.go:71.29,73.4 1 1
github.com/toolvox/utilgo/pkg/sets/tiny_set.go:75.2,75.15 1 1
github.com/toolvox/utilgo/pkg/sets/tiny_set.go:79.69,81.31 2 1
github.com/toolvox/utilgo/pkg/sets/tiny_set.go:81.31,82.27 1 1
github.com/toolvox/utilgo/pkg/sets/tiny_set.go:82.27,84.4 1 1
github.com/toolvox/utilgo/pkg/sets/tiny_set.go:86.2,86.15 1 1
github.com/toolvox/utilgo/pkg/sets/tiny_set.go:90.67,92.31 2 1
github.com/toolvox/utilgo/pkg/sets/tiny_set.go:92.31,93.28 1 1
github.com/toolvox/utilgo/pkg/sets/tiny_set.go:93.28,95.4 1 1
github.com/toolvox/utilgo/pkg/sets/tiny_set.go:97.2,97.15 1 1
github.com/toolvox/utilgo/pkg/sets/tiny_set.go:101.68,107.2 1 1
github.com/toolvox/utilgo/pkg/sets/tiny_set.go:111.63,113.32 2 1
github.com/toolvox/utilgo/pkg/sets/tiny_set.go:113.32,114.29 1 1
github.com/toolvox/utilgo/pkg/sets/tiny_set.go:114.29,116.4 1 1
github.com/toolvox/utilgo/pkg/sets/tiny_set.go:118.2,118.15 1 1
github.com/toolvox/utilgo/pkg/sets/tiny_set.go:122.70,125.2 2 1
github.com/toolvox/utilgo/pkg/sets/tiny_set.go:128.68,131.2 2 1
github.com/toolvox/utilgo/pkg/sliceutil/crop.go:11.54,12.9 1 1
github.com/toolvox/utilgo/pkg/sliceutil/crop.go:13.32,14.15 1 1
github.com/toolvox/utilgo/pkg/sliceutil/crop.go:16.33,17.13 1 1
github.com/toolvox/utilgo/pkg/sliceutil/crop.go:19.14,20.19 1 1
github.com/toolvox/utilgo/pkg/sliceutil/crop.go:22.25,23.19 1 1
github.com/toolvox/utilgo/pkg/sliceutil/crop.go:26.2,28.31 3 1
github.com/toolvox/utilgo/pkg/sliceutil/crop.go:34.53,36.2 1 1
github.com/toolvox/utilgo/pkg/sliceutil/crop.go:41.60,44.28 3 1
github.com/toolvox/utilgo/pkg/sliceutil/crop.go:44.28,46.3 1 1
github.com/toolvox/utilgo/pkg/sliceutil/crop.go:48.2,48.27 1 1
github.com/toolvox/utilgo/pkg/sliceutil/crop.go:54.62,56.34 2 1
github.com/toolvox/utilgo/pkg/sliceutil/crop.go:56.34,57.26 1 1
github.com/toolvox/utilgo/pkg/sliceutil/crop.go:57.26,59.4 1 1
github.com/toolvox/utilgo/pkg/sliceutil/crop.go:61.2,61.27 1 1
github.com/toolvox/utilgo/pkg/sliceutil/crop.go:67.67,69.34 2 1
github.com/toolvox/utilgo/pkg/sliceutil/crop.go:69.34,70.42 1 1
github.com/toolvox/utilgo/pkg/sliceutil/crop.go:70.42,73.4 2 1
github.com/toolvox/utilgo/pkg/sliceutil/crop.go:75.2,75.27 1 1
github.com/toolvox/utilgo/pkg/sliceutil/products.go:6.44,10.30 4 1
github.com/toolvox/utilgo/pkg/sliceutil/products.go:10.30,11.20 1 1
github.com/toolvox/utilgo/pkg/sliceutil/products.go:11.20,18.4 6 1
github.com/toolvox/utilgo/pkg/sliceutil/products.go:21.2,21.17 1 1
github.com/toolvox/utilgo/pkg/sliceutil/products.go:25.49,26.22 1 1
github.com/toolvox/utilgo/pkg/sliceutil/products.go:26.22,28.3 1 1
github.com/toolvox/utilgo/pkg/sliceutil/products.go:30.2,31.31 2 1
github.com/toolvox/utilgo/pkg/sliceutil/products.go:31.31,33.41 2 1
github.com/toolvox/utilgo/pkg/sliceutil/products.go:33.41,34.31 1 1
github.com/toolvox/utilgo/pkg/sliceutil/products.go:34.31,39.5 4 1
github.com/toolvox/utilgo/pkg/sliceutil/products.go:41.3,41.24 1 1
github.com/toolvox/utilgo/pkg/sliceutil/products.go:44.2,44.16 1 1
github.com/toolvox/utilgo/pkg/sliceutil/products.go:48.46,50.35 2 1
github.com/toolvox/utilgo/pkg/sliceutil/products.go:50.35,52.3 1 1
github.com/toolvox/utilgo/pkg/sliceutil/products.go:53.2,53.15 1 1
github.com/toolvox/utilgo/pkg/sliceutil/products.go:57.46,59.35 2 1
github.com/toolvox/utilgo/pkg/sliceutil/products.go:59.35,61.3 1 1
github.com/toolvox/utilgo/pkg/sliceutil/products.go:62.2,62.15 1 1
github.com/toolvox/utilgo/pkg/sliceutil/sliceutil.go:18.83,20.26 2 1
github.com/toolvox/utilgo/pkg/sliceutil/sliceutil.go:20.26,22.3 1 1
github.com/toolvox/utilgo/pkg/sliceutil/sliceutil.go:23.2,23.12 1 1
github.com/toolvox/utilgo/pkg/sliceutil/sliceutil.go:28.90,32.2 1 1
github.com/toolvox/utilgo/pkg/sliceutil/sliceutil.go:35.55,41.2 5 1
github.com/toolvox/utilgo/pkg/sliceutil/sliceutil.go:44.64,45.15 1 1
github.com/toolvox/utilgo/pkg/sliceutil/sliceutil.go:45.15,47.3 1 1
github.com/toolvox/utilgo/pkg/sliceutil/sliceutil.go:49.2,50.18 2 1
github.com/toolvox/utilgo/pkg/sliceutil/sliceutil.go:50.18,52.3 1 0
github.com/toolvox/utilgo/pkg/sliceutil/sliceutil.go:54.2,58.29 4 1
github.com/toolvox/utilgo/pkg/sliceutil/sliceutil.go:58.29,63.3 4 1
github.com/toolvox/utilgo/pkg/sliceutil/sliceutil.go:65.2,65.14 1 1
github.com/toolvox/utilgo/pkg/sliceutil/sliceutil.go:69.70,71.23 2 1
github.com/toolvox/utilgo/pkg/sliceutil/sliceutil.go:71.23,72.27 1 1
github.com/toolvox/utilgo/pkg/sliceutil/sliceutil.go:72.27,73.19 1 1
github.com/toolvox/utilgo/pkg/sliceutil/sliceutil.go:73.19,75.10 2 1
github.com/toolvox/utilgo/pkg/sliceutil/sliceutil.go:80.2,80.16 1 1
github.com/toolvox/utilgo/pkg/sliceutil/sliceutil.go:85.67,87.23 2 1
github.com/toolvox/utilgo/pkg/sliceutil/sliceutil.go:87.23,89.3 1 0
github.com/toolvox/utilgo/pkg/sliceutil/sliceutil.go:91.2,92.30 2 1
github.com/toolvox/utilgo/pkg/sliceutil/sliceutil.go:92.30,96.3 3 1
github.com/toolvox/utilgo/pkg/sliceutil/sliceutil.go:98.2,100.26 3 1
github.com/toolvox/utilgo/pkg/sliceutil/slicing.go:9.55,11.19 2 1
github.com/toolvox/utilgo/pkg/sliceutil/slicing.go:11.19,13.3 1 0
github.com/toolvox/utilgo/pkg/sliceutil/slicing.go:15.2,15.14 1 1
github.com/toolvox/utilgo/pkg/sliceutil/slicing.go:15.14,17.3 1 1
github.com/toolvox/utilgo/pkg/sliceutil/slicing.go:18.2,18.12 1 1
github.com/toolvox/utilgo/pkg/sliceutil/slicing.go:18.12,20.3 1 1
github.com/toolvox/utilgo/pkg/sliceutil/slicing.go:22.2,25.16 3 1
github.com/toolvox/utilgo/pkg/sliceutil/slicing.go:25.16,27.3 1 1
github.com/toolvox/utilgo/pkg/sliceutil/slicing.go:29.2,29.23 1 1
github.com/toolvox/utilgo/pkg/sliceutil/slicing.go:33.67,35.19 2 1
github.com/toolvox/utilgo/pkg/sliceutil/slicing.go:35.19,37.3 1 0
github.com/toolvox/utilgo/pkg/sliceutil/slicing.go:39.2,39.14 1 1
github.com/toolvox/utilgo/pkg/sliceutil/slicing.go:39.14,41.3 1 0
github.com/toolvox/utilgo/pkg/sliceutil/slicing.go:42.2,42.12 1 1
github.com/toolvox/utilgo/pkg/sliceutil/slicing.go:42.12,44.3 1 0
github.com/toolvox/utilgo/pkg/sliceutil/slicing.go:46.2,49.56 3 1
github.com/toolvox/utilgo/pkg/stringutil/indentation.go:39.51,42.28 3 1
github.com/toolvox/utilgo/pkg/stringutil/indentation.go:42.28,44.24 2 1
github.com/toolvox/utilgo/pkg/stringutil/indentation.go:44.24,45.9 1 1
github.com/toolvox/utilgo/pkg/stringutil/indentation.go:48.2,51.28 4 1
github.com/toolvox/utilgo/pkg/stringutil/indentation.go:51.28,53.24 2 1
github.com/toolvox/utilgo/pkg/stringutil/indentation.go:53.24,55.12 2 1
github.com/toolvox/utilgo/pkg/stringutil/indentation.go:57.3,61.41 5 1
github.com/toolvox/utilgo/pkg/stringutil/indentation.go:61.41,63.4 1 1
github.com/toolvox/utilgo/pkg/stringutil/indentation.go:66.2,67.43 2 1
github.com/toolvox/utilgo/pkg/stringutil/indentation.go:67.43,69.3 1 1
github.com/toolvox/utilgo/pkg/stringutil/indentation.go:69.8,69.51 1 0
github.com/toolvox/utilgo/pkg/stringutil/indentation.go:69.51,71.3 1 0
github.com/toolvox/utilgo/pkg/stringutil/indentation.go:72.2,74.43 2 1
github.com/toolvox/utilgo/pkg/stringutil/indentation.go:74.43,75.38 1 1
github.com/toolvox/utilgo/pkg/stringutil/indentation.go:75.38,79.4 3 1
github.com/toolvox/utilgo/pkg/stringutil/indentation.go:82.2,82.61 1 1
github.com/toolvox/utilgo/pkg/stringutil/indentation.go:82.61,84.3 1 1
github.com/toolvox/utilgo/pkg/stringutil/indentation.go:84.8,84.68 1 1
github.com/toolvox/utilgo/pkg/stringutil/indentation.go:84.68,86.3 1 0
github.com/toolvox/utilgo/pkg/stringutil/indentation.go:88.2,89.29 2 1
github.com/toolvox/utilgo/pkg/stringutil/indentation.go:89.29,90.21 1 1
github.com/toolvox/utilgo/pkg/stringutil/indentation.go:90.21,92.12 2 0
github.com/toolvox/utilgo/pkg/stringutil/indentation.go:94.3,99.21 5 1
github.com/toolvox/utilgo/pkg/stringutil/indentation.go:102.2,102.20 1 1
github.com/toolvox/utilgo/pkg/stringutil/indentation.go:111.33,117.2 1 0
github.com/toolvox/utilgo/pkg/stringutil/indentation.go:124.47,130.2 1 0
github.com/toolvox/utilgo/pkg/stringutil/stringutil.go:6.58,7.22 1 1
github.com/toolvox/utilgo/pkg/stringutil/stringutil.go:7.22,8.19 1 1
github.com/toolvox/utilgo/pkg/stringutil/stringutil.go:8.19,10.4 1 1
github.com/toolvox/utilgo/pkg/stringutil/stringutil.go:12.2,12.15 1 0
github.com/toolvox/utilgo/pkg/stringutil/string.go:14.33,16.2 1 1
github.com/toolvox/utilgo/pkg/stringutil/string.go:19.27,21.2 1 1
github.com/toolvox/utilgo/pkg/stringutil/string.go:25.32,27.2 1 1
github.com/toolvox/utilgo/pkg/stringutil/string.go:31.31,33.2 1 1
github.com/toolvox/utilgo/pkg/stringutil/string.go:37.48,40.2 2 1
github.com/toolvox/utilgo/pkg/stringutil/string.go:44.44,46.2 1 1
github.com/toolvox/utilgo/pkg/stringutil/string.go:50.64,53.2 2 0
github.com/toolvox/utilgo/pkg/stringutil/string.go:57.60,59.2 1 0
github.com/toolvox/utilgo/pkg/stringutil/string.go:62.45,64.2 1 0
github.com/toolvox/utilgo/pkg/stringutil/string.go:67.59,68.22 1 0
github.com/toolvox/utilgo/pkg/stringutil/string.go:68.22,69.19 1 0
github.com/toolvox/utilgo/pkg/stringutil/string.go:69.19,71.4 1 0
github.com/toolvox/utilgo/pkg/stringutil/string.go:73.2,73.15 1 0
github.com/toolvox/utilgo/pkg/stringutil/string.go:77.43,79.2 1 0
github.com/toolvox/utilgo/pkg/stringutil/string.go:82.32,86.2 3 0
github.com/toolvox/utilgo/pkg/timeutil/timeutil.go:13.37,15.2 1 0
github.com/toolvox/utilgo/pkg/timeutil/timeutil.go:20.28,22.2 1 0
github.com/toolvox/utilgo/pkg/tmplz/assignments.go:13.53,14.27 1 1
github.com/toolvox/utilgo/pkg/tmplz/assignments.go:14.27,16.3 1 1
github.com/toolvox/utilgo/pkg/tmplz/assignments.go:17.2,17.24 1 1
github.com/toolvox/utilgo/pkg/tmplz/assignments.go:21.52,23.2 1 1
github.com/toolvox/utilgo/pkg/tmplz/assignments.go:26.53,27.25 1 0
github.com/toolvox/utilgo/pkg/tmplz/assignments.go:27.25,29.3 1 0
github.com/toolvox/utilgo/pkg/tmplz/assignments.go:34.41,37.2 2 0
github.com/toolvox/utilgo/pkg/tmplz/assignments.go:40.42,42.2 1 0
github.com/toolvox/utilgo/pkg/tmplz/assignments.go:46.46,51.39 3 0
github.com/toolvox/utilgo/pkg/tmplz/assignments.go:51.39,53.44 2 0
github.com/toolvox/utilgo/pkg/tmplz/assignments.go:53.44,56.4 2 0
github.com/toolvox/utilgo/pkg/tmplz/assignments.go:58.2,58.15 1 0
github.com/toolvox/utilgo/pkg/tmplz/multi_template.go:29.41,31.44 2 1
github.com/toolvox/utilgo/pkg/tmplz/multi_template.go:31.44,35.3 3 1
github.com/toolvox/utilgo/pkg/tmplz/multi_template.go:36.2,36.34 1 1
github.com/toolvox/utilgo/pkg/tmplz/multi_template.go:40.40,42.44 2 1
github.com/toolvox/utilgo/pkg/tmplz/multi_template.go:42.44,46.3 3 1
github.com/toolvox/utilgo/pkg/tmplz/multi_template.go:47.2,47.34 1 1
github.com/toolvox/utilgo/pkg/tmplz/multi_template.go:51.38,53.44 2 1
github.com/toolvox/utilgo/pkg/tmplz/multi_template.go:53.44,58.3 4 1
github.com/toolvox/utilgo/pkg/tmplz/multi_template.go:59.2,59.55 1 1
github.com/toolvox/utilgo/pkg/tmplz/multi_template.go:64.48,68.33 2 1
github.com/toolvox/utilgo/pkg/tmplz/multi_template.go:68.33,70.3 1 1
github.com/toolvox/utilgo/pkg/tmplz/multi_template.go:71.2,71.15 1 1
github.com/toolvox/utilgo/pkg/tmplz/multi_template.go:79.83,82.42 3 1
github.com/toolvox/utilgo/pkg/tmplz/multi_template.go:82.42,84.3 1 1
github.com/toolvox/utilgo/pkg/tmplz/multi_template.go:85.2,85.18 1 0
github.com/toolvox/utilgo/pkg/tmplz/multi_template.go:95.83,96.43 1 1
github.com/toolvox/utilgo/pkg/tmplz/multi_template.go:96.43,99.3 2 1
github.com/toolvox/utilgo/pkg/tmplz/multi_template.go:101.2,101.43 1 1
github.com/toolvox/utilgo/pkg/tmplz/multi_template.go:101.43,103.36 2 1
github.com/toolvox/utilgo/pkg/tmplz/multi_template.go:103.36,107.4 3 1
github.com/toolvox/utilgo/pkg/tmplz/multi_template.go:110.2,110.15 1 1
github.com/toolvox/utilgo/pkg/tmplz/multi_template.go:110.15,112.3 1 1
github.com/toolvox/utilgo/pkg/tmplz/multi_template.go:113.2,113.18 1 1
github.com/toolvox/utilgo/pkg/tmplz/node.go:25.39,28.21 3 1
github.com/toolvox/utilgo/pkg/tmplz/node.go:28.21,30.3 1 1
github.com/toolvox/utilgo/pkg/tmplz/node.go:34.30,37.21 3 1
github.com/toolvox/utilgo/pkg/tmplz/node.go:37.21,39.3 1 1
github.com/toolvox/utilgo/pkg/tmplz/node.go:43.39,45.10 2 1
github.com/toolvox/utilgo/pkg/tmplz/node.go:45.10,47.3 1 1
github.com/toolvox/utilgo/pkg/tmplz/node.go:48.2,48.21 1 1
github.com/toolvox/utilgo/pkg/tmplz/node.go:48.21,49.12 1 1
github.com/toolvox/utilgo/pkg/tmplz/node.go:49.12,51.4 1 1
github.com/toolvox/utilgo/pkg/tmplz/node.go:52.3,52.29 1 1
github.com/toolvox/utilgo/pkg/tmplz/node.go:57.31,58.21 1 1
github.com/toolvox/utilgo/pkg/tmplz/node.go:58.21,60.3 1 1
github.com/toolvox/utilgo/pkg/tmplz/node.go:61.2,61.16 1 1
github.com/toolvox/utilgo/pkg/tmplz/node.go:65.24,66.39 1 1
github.com/toolvox/utilgo/pkg/tmplz/node.go:66.39,68.15 2 1
github.com/toolvox/utilgo/pkg/tmplz/node.go:68.15,69.12 1 0
github.com/toolvox/utilgo/pkg/tmplz/node.go:71.3,72.28 2 1
github.com/toolvox/utilgo/pkg/tmplz/node.go:72.28,73.78 1 0
github.com/toolvox/utilgo/pkg/tmplz/node.go:75.3,75.13 1 1
github.com/toolvox/utilgo/pkg/tmplz/node.go:80.31,82.32 2 1
github.com/toolvox/utilgo/pkg/tmplz/node.go:82.32,84.3 1 1
github.com/toolvox/utilgo/pkg/tmplz/node.go:85.2,85.47 1 1
github.com/toolvox/utilgo/pkg/tmplz/node.go:89.30,91.32 2 1
github.com/toolvox/utilgo/pkg/tmplz/node.go:91.32,93.3 1 1
github.com/toolvox/utilgo/pkg/tmplz/node.go:94.2,94.72 1 1
github.com/toolvox/utilgo/pkg/tmplz/node.go:98.28,105.2 6 1
github.com/toolvox/utilgo/pkg/tmplz/node.go:107.28,109.31 2 1
github.com/toolvox/utilgo/pkg/tmplz/node.go:109.31,112.3 2 1
github.com/toolvox/utilgo/pkg/tmplz/node.go:113.2,113.20 1 1
github.com/toolvox/utilgo/pkg/tmplz/node.go:117.29,124.35 2 1
github.com/toolvox/utilgo/pkg/tmplz/node.go:124.35,128.3 3 1
github.com/toolvox/utilgo/pkg/tmplz/node.go:129.2,129.15 1 1
github.com/toolvox/utilgo/pkg/tmplz/node.go:135.77,140.2 4 1
github.com/toolvox/utilgo/pkg/tmplz/node.go:149.73,150.35 1 1
github.com/toolvox/utilgo/pkg/tmplz/node.go:150.35,152.3 1 1
github.com/toolvox/utilgo/pkg/tmplz/node.go:154.2,154.26 1 1
github.com/toolvox/utilgo/pkg/tmplz/node.go:154.26,156.40 2 1
github.com/toolvox/utilgo/pkg/tmplz/node.go:156.40,158.4 1 1
github.com/toolvox/utilgo/pkg/tmplz/node.go:159.3,159.40 1 1
github.com/toolvox/utilgo/pkg/tmplz/node.go:159.40,161.4 1 1
github.com/toolvox/utilgo/pkg/tmplz/node.go:162.3,163.9 2 1
github.com/toolvox/utilgo/pkg/tmplz/node.go:163.9,165.4 1 1
github.com/toolvox/utilgo/pkg/tmplz/node.go:166.3,166.12 1 1
github.com/toolvox/utilgo/pkg/tmplz/node.go:169.2,170.42 2 1
github.com/toolvox/utilgo/pkg/tmplz/node.go:170.42,172.50 2 1
github.com/toolvox/utilgo/pkg/tmplz/node.go:172.50,177.51 5 1
github.com/toolvox/utilgo/pkg/tmplz/node.go:177.51,180.5 2 1
github.com/toolvox/utilgo/pkg/tmplz/node.go:183.2,184.15 2 1
github.com/toolvox/utilgo/pkg/tmplz/node.go:184.15,186.3 1 1
github.com/toolvox/utilgo/pkg/tmplz/node.go:187.2,187.18 1 1
github.com/toolvox/utilgo/pkg/tmplz/parse.go:12.67,16.32 2 1
github.com/toolvox/utilgo/pkg/tmplz/parse.go:16.32,18.3 1 1
github.com/toolvox/utilgo/pkg/tmplz/parse.go:20.2,20.13 1 1
github.com/toolvox/utilgo/pkg/tmplz/parse.go:24.40,32.6 4 1
github.com/toolvox/utilgo/pkg/tmplz/parse.go:32.6,33.43 1 1
github.com/toolvox/utilgo/pkg/tmplz/parse.go:33.43,36.11 3 1
github.com/toolvox/utilgo/pkg/tmplz/parse.go:36.11,37.10 1 1
github.com/toolvox/utilgo/pkg/tmplz/parse.go:41.3,43.17 3 1
github.com/toolvox/utilgo/pkg/tmplz/parse.go:43.17,45.12 2 1
github.com/toolvox/utilgo/pkg/tmplz/parse.go:47.3,49.20 3 1
github.com/toolvox/utilgo/pkg/tmplz/parse.go:52.2,52.14 1 1
github.com/toolvox/utilgo/pkg/tmplz/parse.go:56.49,57.40 1 1
github.com/toolvox/utilgo/pkg/tmplz/parse.go:57.40,59.3 1 1
github.com/toolvox/utilgo/pkg/tmplz/parse.go:61.2,67.31 3 1
github.com/toolvox/utilgo/pkg/tmplz/parse.go:67.31,69.3 1 1
github.com/toolvox/utilgo/pkg/tmplz/parse.go:71.2,71.48 1 1
github.com/toolvox/utilgo/pkg/tmplz/parse_state.go:17.37,21.2 1 1
github.com/toolvox/utilgo/pkg/tmplz/parse_state.go:24.37,26.2 1 0
github.com/toolvox/utilgo/pkg/tmplz/parse_state.go:29.36,31.37 2 0
github.com/toolvox/utilgo/pkg/tmplz/parse_state.go:31.37,32.20 1 0
github.com/toolvox/utilgo/pkg/tmplz/parse_state.go:32.20,34.4 1 0
github.com/toolvox/utilgo/pkg/tmplz/parse_state.go:35.3,35.33 1 0
github.com/toolvox/utilgo/pkg/tmplz/parse_state.go:37.2,37.20 1 0
github.com/toolvox/utilgo/pkg/tmplz/parse_state.go:41.39,42.31 1 1
github.com/toolvox/utilgo/pkg/tmplz/parse_state.go:42.31,43.25 1 1
github.com/toolvox/utilgo/pkg/tmplz/parse_state.go:43.25,45.4 1 1
github.com/toolvox/utilgo/pkg/tmplz/parse_state.go:46.3,47.34 2 1
github.com/toolvox/utilgo/pkg/tmplz/parse_state.go:49.2,49.27 1 1
github.com/toolvox/utilgo/pkg/tmplz/parse_state.go:53.58,54.33 1 1
github.com/toolvox/utilgo/pkg/tmplz/parse_state.go:54.33,56.3 1 1
github.com/toolvox/utilgo/pkg/tmplz/parse_state.go:57.2,57.42 1 1
github.com/toolvox/utilgo/pkg/tmplz/parse_state.go:57.42,58.23 1 1
github.com/toolvox/utilgo/pkg/tmplz/parse_state.go:58.23,60.4 1 1
github.com/toolvox/utilgo/pkg/tmplz/parse_state.go:62.2,62.18 1 1
github.com/toolvox/utilgo/pkg/tmplz/parse_state.go:66.70,67.63 1 1
github.com/toolvox/utilgo/pkg/tmplz/parse_state.go:67.63,69.3 1 1
github.com/toolvox/utilgo/pkg/tmplz/parse_state.go:71.2,72.17 2 1
github.com/toolvox/utilgo/pkg/tmplz/parse_state.go:72.17,74.3 1 1
github.com/toolvox/utilgo/pkg/tmplz/parse_state.go:76.2,83.28 3 1
github.com/toolvox/utilgo/pkg/tmplz/parse_state.go:83.28,85.3 1 1
github.com/toolvox/utilgo/pkg/tmplz/parse_state.go:86.2,89.6 3 1
github.com/toolvox/utilgo/pkg/tmplz/parse_state.go:89.6,90.37 1 1
github.com/toolvox/utilgo/pkg/tmplz/parse_state.go:91.17,93.31 2 1
github.com/toolvox/utilgo/pkg/tmplz/parse_state.go:95.19,97.18 2 1
github.com/toolvox/utilgo/pkg/tmplz/parse_state.go:97.18,98.18 1 1
github.com/toolvox/utilgo/pkg/tmplz/parse_state.go:98.18,100.6 1 1
github.com/toolvox/utilgo/pkg/tmplz/parse_state.go:101.5,102.35 2 1
github.com/toolvox/utilgo/pkg/tmplz/parse_state.go:104.4,105.19 2 1
github.com/toolvox/utilgo/pkg/tmplz/parse_state.go:107.19,109.31 2 1
github.com/toolvox/utilgo/pkg/tmplz/parse_state.go:111.33,113.27 2 1
github.com/toolvox/utilgo/pkg/tmplz/parse_state.go:115.20,116.17 1 1
github.com/toolvox/utilgo/pkg/tmplz/parse_state.go:116.17,118.5 1 1
github.com/toolvox/utilgo/pkg/tmplz/parse_state.go:120.4,120.15 1 1
github.com/toolvox/utilgo/pkg/tmplz/parse_state.go:121.20,124.14 3 1
github.com/toolvox/utilgo/pkg/tmplz/parse_state.go:126.11,127.49 1 0
github.com/toolvox/utilgo/pkg/tmplz/template.go:15.35,16.50 1 1
github.com/toolvox/utilgo/pkg/tmplz/template.go:16.50,16.71 1 1
github.com/toolvox/utilgo/pkg/tmplz/template.go:17.2,17.79 1 1
github.com/toolvox/utilgo/pkg/tmplz/template.go:21.34,22.49 1 1
github.com/toolvox/utilgo/pkg/tmplz/template.go:22.49,22.69 1 1
github.com/toolvox/utilgo/pkg/tmplz/template.go:23.2,23.78 1 1
github.com/toolvox/utilgo/pkg/tmplz/template.go:27.32,29.2 1 1
github.com/toolvox/utilgo/pkg/tmplz/template.go:31.32,32.47 1 1
github.com/toolvox/utilgo/pkg/tmplz/template.go:32.47,35.3 1 1
github.com/toolvox/utilgo/pkg/tmplz/template.go:36.2,37.23 1 1
github.com/toolvox/utilgo/pkg/tmplz/template.go:41.66,43.31 2 1
github.com/toolvox/utilgo/pkg/tmplz/template.go:43.31,45.3 1 1
github.com/toolvox/utilgo/pkg/tmplz/template.go:46.2,46.20 1 1
github.com/toolvox/utilgo/pkg/tmplz/template.go:50.37,52.35 2 1
github.com/toolvox/utilgo/pkg/tmplz/template.go:52.35,54.3 1 1
github.com/toolvox/utilgo/pkg/tmplz/template.go:55.2,55.15 1 1
github.com/toolvox/utilgo/pkg/tmplz/template.go:59.28,60.39 1 1
github.com/toolvox/utilgo/pkg/tmplz/template.go:60.39,62.15 2 1
github.com/toolvox/utilgo/pkg/tmplz/template.go:62.15,63.12 1 0
github.com/toolvox/utilgo/pkg/tmplz/template.go:65.3,66.83 2 1
github.com/toolvox/utilgo/pkg/tmplz/template.go:66.83,67.82 1 0
github.com/toolvox/utilgo/pkg/tmplz/template.go:69.3,69.13 1 1
github.com/toolvox/utilgo/pkg/tmplz/template.go:76.85,81.2 4 1
github.com/toolvox/utilgo/pkg/tmplz/template.go:90.77,92.42 2 1
github.com/toolvox/utilgo/pkg/tmplz/template.go:92.42,95.10 3 1
github.com/toolvox/utilgo/pkg/tmplz/template.go:95.10,96.12 1 1
github.com/toolvox/utilgo/pkg/tmplz/template.go:98.3,98.52 1 1
github.com/toolvox/utilgo/pkg/tmplz/template.go:98.52,101.4 2 1
github.com/toolvox/utilgo/pkg/tmplz/template.go:102.3,106.19 5 1
github.com/toolvox/utilgo/pkg/tmplz/template.go:109.2,109.15 1 1
github.com/toolvox/utilgo/pkg/tmplz/template.go:109.15,110.16 1 1
github.com/toolvox/utilgo/pkg/tmplz/template.go:110.16,112.27 2 1
github.com/toolvox/utilgo/pkg/tmplz/template.go:112.27,114.5 1 1
github.com/toolvox/utilgo/pkg/tmplz/template.go:116.3,116.13 1 1
github.com/toolvox/utilgo/pkg/tmplz/template.go:119.2,119.15 1 1
github.com/toolvox/utilgo/pkg/tmplz/template.go:119.15,121.3 1 1
github.com/toolvox/utilgo/pkg/tmplz/template.go:122.2,122.18 1 1
github.com/toolvox/utilgo/pkg/tmplz/token.go:55.32,57.2 1 0
github.com/toolvox/utilgo/pkg/tmplz/token.go:63.34,65.23 2 1
github.com/toolvox/utilgo/pkg/tmplz/token.go:65.23,67.3 1 1
github.com/toolvox/utilgo/pkg/tmplz/token.go:68.2,68.20 1 1
github.com/toolvox/utilgo/pkg/tmplz/token.go:73.36,74.22 1 1
github.com/toolvox/utilgo/pkg/tmplz/token.go:74.22,77.10 2 1
github.com/toolvox/utilgo/pkg/tmplz/token.go:78.27,79.30 1 1
github.com/toolvox/utilgo/pkg/tmplz/token.go:80.28,81.31 1 1
github.com/toolvox/utilgo/pkg/tmplz/token.go:82.28,83.31 1 1
github.com/toolvox/utilgo/pkg/tmplz/token.go:84.24,85.30 1 1
github.com/toolvox/utilgo/pkg/tmplz/token.go:86.24,87.30 1 1
github.com/toolvox/utilgo/pkg/tmplz/token.go:88.11,89.32 1 1
github.com/toolvox/utilgo/pkg/tmplz/token.go:92.3,92.36 1 1
github.com/toolvox/utilgo/pkg/tmplz/token.go:95.2,95.15 1 1
github.com/toolvox/utilgo/test/test_data.go:41.45,43.2 1 0
