mode: set
utilgo/cmd/codump/main.go:46.13,54.36 7 0
utilgo/cmd/codump/main.go:54.36,57.3 2 0
utilgo/cmd/codump/main.go:60.48,63.19 2 0
utilgo/cmd/codump/main.go:63.19,65.3 1 0
utilgo/cmd/codump/main.go:66.2,73.16 4 0
utilgo/cmd/codump/main.go:73.16,75.3 1 0
utilgo/cmd/codump/main.go:78.2,88.72 7 0
utilgo/cmd/codump/main.go:88.72,92.3 3 0
utilgo/cmd/codump/main.go:95.2,95.18 1 0
utilgo/cmd/codump/main.go:95.18,97.3 1 0
utilgo/cmd/codump/main.go:99.2,99.12 1 0
utilgo/cmd/countula/main.go:58.13,69.36 10 0
utilgo/cmd/countula/main.go:69.36,72.3 2 0
utilgo/cmd/countula/main.go:75.50,78.19 2 0
utilgo/cmd/countula/main.go:78.19,80.3 1 0
utilgo/cmd/countula/main.go:81.2,88.16 4 0
utilgo/cmd/countula/main.go:88.16,90.3 1 0
utilgo/cmd/countula/main.go:93.2,105.63 9 0
utilgo/cmd/countula/main.go:105.63,107.16 2 0
utilgo/cmd/countula/main.go:107.16,109.4 1 0
utilgo/cmd/countula/main.go:110.3,112.10 3 0
utilgo/cmd/countula/main.go:112.10,115.4 2 0
utilgo/cmd/countula/main.go:117.3,119.56 3 0
utilgo/cmd/countula/main.go:119.56,121.19 2 0
utilgo/cmd/countula/main.go:121.19,123.5 1 0
utilgo/cmd/countula/main.go:124.4,124.40 1 0
utilgo/cmd/countula/main.go:124.40,125.37 1 0
utilgo/cmd/countula/main.go:125.37,127.6 1 0
utilgo/cmd/countula/main.go:129.4,129.16 1 0
utilgo/cmd/countula/main.go:132.3,133.13 2 0
utilgo/cmd/countula/main.go:137.2,139.12 2 0
utilgo/cmd/countula/main.go:142.90,146.13 3 0
utilgo/cmd/countula/main.go:146.13,148.31 2 0
utilgo/cmd/countula/main.go:148.31,150.13 2 0
utilgo/cmd/countula/main.go:150.13,152.5 1 0
utilgo/cmd/countula/main.go:153.4,156.29 4 0
utilgo/cmd/countula/main.go:156.29,160.19 4 0
utilgo/cmd/countula/main.go:160.19,162.6 1 0
utilgo/cmd/countula/main.go:164.4,164.17 1 0
utilgo/cmd/countula/main.go:164.17,166.5 1 0
utilgo/cmd/countula/main.go:168.3,169.21 2 0
utilgo/cmd/countula/main.go:172.2,172.15 1 0
utilgo/cmd/countula/main.go:172.15,174.31 2 0
utilgo/cmd/countula/main.go:174.31,176.36 2 0
utilgo/cmd/countula/main.go:176.36,178.5 1 0
utilgo/cmd/countula/main.go:180.3,181.21 2 0
utilgo/cmd/countula/main.go:184.2,186.30 3 0
utilgo/cmd/countula/main.go:186.30,190.28 3 0
utilgo/cmd/countula/main.go:190.28,194.4 3 0
utilgo/cmd/countula/main.go:197.2,199.27 3 0
utilgo/cmd/countula/main.go:199.27,201.3 1 0
utilgo/cmd/countula/main.go:203.2,204.20 2 0
utilgo/experimental/cmd/gogen_template/main.go:24.13,31.13 6 0
utilgo/experimental/cmd/gogen_template/main.go:31.13,34.3 2 0
utilgo/experimental/cmd/gogen_template/main.go:36.2,36.31 1 0
utilgo/experimental/cmd/gogen_template/main.go:36.31,38.14 2 0
utilgo/experimental/cmd/gogen_template/main.go:38.14,41.4 2 0
utilgo/experimental/cmd/gogen_template/main.go:42.3,42.45 1 0
utilgo/experimental/cmd/gogen_template/main.go:42.45,45.4 2 0
utilgo/experimental/cmd/gogen_template/main.go:48.2,48.17 1 0
utilgo/experimental/cmd/gogen_template/main.go:48.17,50.14 2 0
utilgo/experimental/cmd/gogen_template/main.go:50.14,53.4 2 0
utilgo/experimental/cmd/gogen_template/main.go:55.3,56.17 2 0
utilgo/experimental/cmd/gogen_template/main.go:56.17,59.4 2 0
utilgo/experimental/cmd/gogen_template/main.go:60.3,60.26 1 0
utilgo/experimental/cmd/gogen_template/main.go:62.2,65.16 4 0
utilgo/experimental/cmd/gogen_template/main.go:65.16,67.26 2 0
utilgo/experimental/cmd/gogen_template/main.go:67.26,69.4 1 0
utilgo/experimental/cmd/gogen_template/main.go:71.2,73.35 3 0
utilgo/experimental/cmd/gogen_template/main.go:73.35,74.21 1 0
utilgo/experimental/cmd/gogen_template/main.go:74.21,75.12 1 0
utilgo/experimental/cmd/gogen_template/main.go:77.3,78.8 2 0
utilgo/experimental/cmd/gogen_template/main.go:81.2,81.19 1 0
utilgo/experimental/cmd/gogen_template/main.go:81.19,83.3 1 0
utilgo/experimental/cmd/gogen_template/main.go:84.2,84.50 1 0
utilgo/experimental/pkg/errors/errors.go:7.93,8.16 1 0
utilgo/experimental/pkg/errors/errors.go:8.16,9.57 1 0
utilgo/experimental/pkg/errors/errors.go:9.57,12.4 2 0
utilgo/experimental/pkg/errors/errors.go:14.2,14.45 1 0
utilgo/experimental/pkg/errors/errors.go:14.45,14.64 1 0
utilgo/experimental/pkg/errors/errors.go:17.84,18.16 1 0
utilgo/experimental/pkg/errors/errors.go:18.16,19.48 1 0
utilgo/experimental/pkg/errors/errors.go:19.48,21.48 2 0
utilgo/experimental/pkg/errors/errors.go:24.2,24.36 1 0
utilgo/experimental/pkg/errors/errors.go:24.36,24.50 1 0
utilgo/experimental/pkg/errors/errors.go:27.70,28.16 1 0
utilgo/experimental/pkg/errors/errors.go:28.16,29.30 1 0
utilgo/experimental/pkg/errors/errors.go:29.30,32.4 2 0
utilgo/experimental/pkg/errors/errors.go:33.3,33.18 1 0
utilgo/experimental/pkg/errors/errors.go:35.2,35.17 1 0
utilgo/experimental/pkg/errors/errors.go:38.61,39.16 1 0
utilgo/experimental/pkg/errors/errors.go:39.16,40.30 1 0
utilgo/experimental/pkg/errors/errors.go:40.30,43.4 2 0
utilgo/experimental/pkg/errors/errors.go:44.3,44.13 1 0
utilgo/experimental/pkg/errors/errors.go:46.2,46.12 1 0
utilgo/experimental/pkg/graph/graph.go:15.59,17.9 2 0
utilgo/experimental/pkg/graph/graph.go:17.9,21.3 3 0
utilgo/experimental/pkg/graph/graph.go:22.2,23.9 2 0
utilgo/experimental/pkg/graph/graph.go:23.9,27.3 3 0
utilgo/experimental/pkg/graph/graph.go:28.2,29.9 2 0
utilgo/experimental/pkg/graph/graph.go:29.9,33.3 3 0
utilgo/experimental/pkg/graph/graph.go:35.2,35.35 1 0
utilgo/experimental/pkg/graph/graph.go:35.35,37.3 1 0
utilgo/experimental/pkg/graph/graph.go:38.2,38.29 1 0
utilgo/experimental/pkg/graph/graph.go:41.64,44.2 2 0
utilgo/experimental/pkg/graph/graph.go:46.49,48.2 1 0
utilgo/experimental/pkg/graph/graph.go:50.71,54.41 4 0
utilgo/experimental/pkg/graph/graph.go:54.41,57.3 2 0
utilgo/experimental/pkg/graph/graph.go:58.2,58.27 1 0
utilgo/experimental/pkg/mathutil/mathutil.go:14.28,15.9 1 0
utilgo/experimental/pkg/mathutil/mathutil.go:16.13,17.15 1 0
utilgo/experimental/pkg/mathutil/mathutil.go:18.13,19.21 1 0
utilgo/experimental/pkg/mathutil/mathutil.go:20.10,21.11 1 0
utilgo/experimental/pkg/mathutil/mathutil.go:25.27,26.12 1 0
utilgo/experimental/pkg/mathutil/mathutil.go:26.12,28.3 1 0
utilgo/experimental/pkg/mathutil/mathutil.go:29.2,29.11 1 0
utilgo/experimental/pkg/mathutil/mathutil.go:32.31,33.18 1 0
utilgo/experimental/pkg/mathutil/mathutil.go:33.18,35.3 1 0
utilgo/experimental/pkg/mathutil/mathutil.go:36.2,37.31 2 0
utilgo/experimental/pkg/mathutil/mathutil.go:37.31,38.18 1 0
utilgo/experimental/pkg/mathutil/mathutil.go:38.18,40.4 1 0
utilgo/experimental/pkg/mathutil/mathutil.go:42.2,42.12 1 0
utilgo/experimental/pkg/mathutil/mathutil.go:45.31,46.18 1 0
utilgo/experimental/pkg/mathutil/mathutil.go:46.18,48.3 1 0
utilgo/experimental/pkg/mathutil/mathutil.go:49.2,50.31 2 0
utilgo/experimental/pkg/mathutil/mathutil.go:50.31,51.18 1 0
utilgo/experimental/pkg/mathutil/mathutil.go:51.18,53.4 1 0
utilgo/experimental/pkg/mathutil/mathutil.go:55.2,55.12 1 0
utilgo/experimental/pkg/mathutil/mathutil.go:58.39,59.18 1 0
utilgo/experimental/pkg/mathutil/mathutil.go:59.18,61.3 1 0
utilgo/experimental/pkg/mathutil/mathutil.go:62.2,64.31 3 0
utilgo/experimental/pkg/mathutil/mathutil.go:64.31,65.18 1 0
utilgo/experimental/pkg/mathutil/mathutil.go:65.18,67.4 1 0
utilgo/experimental/pkg/mathutil/mathutil.go:68.3,68.18 1 0
utilgo/experimental/pkg/mathutil/mathutil.go:68.18,70.4 1 0
utilgo/experimental/pkg/mathutil/mathutil.go:72.2,72.17 1 0
utilgo/experimental/pkg/mathutil/mathutil.go:75.41,76.9 1 0
utilgo/experimental/pkg/mathutil/mathutil.go:77.17,78.12 1 0
utilgo/experimental/pkg/mathutil/mathutil.go:79.17,80.12 1 0
utilgo/experimental/pkg/mathutil/mathutil.go:82.2,82.12 1 0
utilgo/experimental/pkg/mathutil/mathutil.go:85.31,87.23 2 0
utilgo/experimental/pkg/mathutil/mathutil.go:87.23,89.3 1 0
utilgo/experimental/pkg/mathutil/mathutil.go:90.2,90.12 1 0
utilgo/experimental/pkg/mathutil/mathutil.go:93.35,95.23 2 0
utilgo/experimental/pkg/mathutil/mathutil.go:95.23,97.3 1 0
utilgo/experimental/pkg/mathutil/mathutil.go:98.2,98.25 1 0
utilgo/experimental/pkg/mathutil/mathutil.go:101.32,103.27 2 0
utilgo/experimental/pkg/mathutil/mathutil.go:103.27,105.3 1 0
utilgo/experimental/pkg/mathutil/mathutil.go:106.2,106.13 1 0
utilgo/experimental/pkg/mathutil/mathutil.go:109.41,111.23 2 0
utilgo/experimental/pkg/mathutil/mathutil.go:111.23,113.3 1 0
utilgo/experimental/pkg/mathutil/mathutil.go:114.2,114.60 1 0
utilgo/experimental/pkg/mathutil/mathutil.go:117.40,119.23 2 0
utilgo/experimental/pkg/mathutil/mathutil.go:119.23,120.13 1 0
utilgo/experimental/pkg/mathutil/mathutil.go:120.13,122.4 1 0
utilgo/experimental/pkg/mathutil/mathutil.go:123.3,123.24 1 0
utilgo/experimental/pkg/mathutil/mathutil.go:125.2,125.14 1 0
utilgo/experimental/pkg/mathutil/mathutil.go:125.14,127.3 1 0
utilgo/experimental/pkg/mathutil/mathutil.go:128.2,128.46 1 0
utilgo/experimental/pkg/mathutil/mathutil.go:131.35,132.37 1 0
utilgo/experimental/pkg/mathutil/mathutil.go:132.37,134.3 1 0
utilgo/experimental/pkg/mathutil/mathutil.go:135.2,137.36 3 0
utilgo/experimental/pkg/mathutil/mathutil.go:137.36,140.3 2 0
utilgo/experimental/pkg/mathutil/mathutil.go:141.2,141.12 1 0
utilgo/experimental/pkg/mathutil/report.go:17.46,18.21 1 0
utilgo/experimental/pkg/mathutil/report.go:18.21,20.3 1 0
utilgo/experimental/pkg/mathutil/report.go:22.2,23.58 2 0
utilgo/experimental/pkg/mathutil/report.go:23.58,26.3 2 0
utilgo/experimental/pkg/mathutil/report.go:28.2,36.3 1 0
utilgo/experimental/pkg/serialization/internal/gen/gen.go:52.30,52.50 1 0
utilgo/experimental/pkg/serialization/internal/gen/gen.go:53.30,53.51 1 0
utilgo/experimental/pkg/serialization/internal/gen/gen.go:54.30,54.65 1 0
utilgo/experimental/pkg/serialization/internal/gen/gen.go:64.43,66.17 2 0
utilgo/experimental/pkg/serialization/internal/gen/gen.go:66.17,68.3 1 0
utilgo/experimental/pkg/serialization/internal/gen/gen.go:69.2,69.22 1 0
utilgo/experimental/pkg/serialization/internal/gen/gen.go:69.22,70.10 1 0
utilgo/experimental/pkg/serialization/internal/gen/gen.go:71.20,72.40 1 0
utilgo/experimental/pkg/serialization/internal/gen/gen.go:73.19,74.38 1 0
utilgo/experimental/pkg/serialization/internal/gen/gen.go:75.20,76.40 1 0
utilgo/experimental/pkg/serialization/internal/gen/gen.go:79.2,79.12 1 0
utilgo/experimental/pkg/serialization/internal/gen/gen.go:82.36,84.22 2 0
utilgo/experimental/pkg/serialization/internal/gen/gen.go:84.22,86.3 1 0
utilgo/experimental/pkg/serialization/internal/gen/gen.go:87.2,87.20 1 0
utilgo/experimental/pkg/serialization/internal/gen/gen.go:103.34,105.37 2 0
utilgo/experimental/pkg/serialization/internal/gen/gen.go:105.37,107.3 1 0
utilgo/experimental/pkg/serialization/internal/gen/gen.go:108.2,108.14 1 0
utilgo/experimental/pkg/serialization/internal/gen/gen.go:111.56,112.30 1 0
utilgo/experimental/pkg/serialization/internal/gen/gen.go:112.30,114.27 2 0
utilgo/experimental/pkg/serialization/internal/gen/gen.go:114.27,116.4 1 0
utilgo/experimental/pkg/serialization/internal/gen/gen.go:117.3,117.82 1 0
utilgo/experimental/pkg/serialization/json/zz_decode.go:16.52,20.16 4 1
utilgo/experimental/pkg/serialization/json/zz_decode.go:20.16,23.3 2 1
utilgo/experimental/pkg/serialization/json/zz_decode.go:24.2,24.8 1 1
utilgo/experimental/pkg/serialization/json/zz_decode.go:29.45,34.16 5 1
utilgo/experimental/pkg/serialization/json/zz_decode.go:34.16,36.13 2 0
utilgo/experimental/pkg/serialization/json/zz_decode.go:38.2,38.8 1 1
utilgo/experimental/pkg/serialization/json/zz_decode.go:44.68,48.16 4 0
utilgo/experimental/pkg/serialization/json/zz_decode.go:48.16,51.3 2 0
utilgo/experimental/pkg/serialization/json/zz_decode.go:52.2,52.38 1 0
utilgo/experimental/pkg/serialization/json/zz_decode.go:52.38,55.3 2 0
utilgo/experimental/pkg/serialization/json/zz_decode.go:56.2,56.8 1 0
utilgo/experimental/pkg/serialization/json/zz_decode.go:62.61,67.16 5 0
utilgo/experimental/pkg/serialization/json/zz_decode.go:67.16,69.13 2 0
utilgo/experimental/pkg/serialization/json/zz_decode.go:71.2,71.38 1 0
utilgo/experimental/pkg/serialization/json/zz_decode.go:71.38,73.13 2 0
utilgo/experimental/pkg/serialization/json/zz_decode.go:75.2,75.8 1 0
utilgo/experimental/pkg/serialization/json/zz_decode.go:80.56,84.16 4 0
utilgo/experimental/pkg/serialization/json/zz_decode.go:84.16,87.3 2 0
utilgo/experimental/pkg/serialization/json/zz_decode.go:88.2,88.8 1 0
utilgo/experimental/pkg/serialization/json/zz_decode.go:93.48,98.16 5 0
utilgo/experimental/pkg/serialization/json/zz_decode.go:98.16,100.13 2 0
utilgo/experimental/pkg/serialization/json/zz_decode.go:102.2,102.8 1 0
utilgo/experimental/pkg/serialization/json/zz_decode.go:108.72,112.16 4 0
utilgo/experimental/pkg/serialization/json/zz_decode.go:112.16,115.3 2 0
utilgo/experimental/pkg/serialization/json/zz_decode.go:116.2,116.38 1 0
utilgo/experimental/pkg/serialization/json/zz_decode.go:116.38,119.3 2 0
utilgo/experimental/pkg/serialization/json/zz_decode.go:120.2,120.8 1 0
utilgo/experimental/pkg/serialization/json/zz_decode.go:126.64,131.16 5 0
utilgo/experimental/pkg/serialization/json/zz_decode.go:131.16,133.13 2 0
utilgo/experimental/pkg/serialization/json/zz_decode.go:135.2,135.38 1 0
utilgo/experimental/pkg/serialization/json/zz_decode.go:135.38,137.13 2 0
utilgo/experimental/pkg/serialization/json/zz_decode.go:139.2,139.8 1 0
utilgo/experimental/pkg/serialization/json/zz_decode.go:144.56,146.16 2 1
utilgo/experimental/pkg/serialization/json/zz_decode.go:146.16,149.3 2 0
utilgo/experimental/pkg/serialization/json/zz_decode.go:150.2,153.16 4 1
utilgo/experimental/pkg/serialization/json/zz_decode.go:153.16,156.3 2 0
utilgo/experimental/pkg/serialization/json/zz_decode.go:157.2,157.8 1 1
utilgo/experimental/pkg/serialization/json/zz_decode.go:162.49,165.16 3 0
utilgo/experimental/pkg/serialization/json/zz_decode.go:165.16,167.13 2 0
utilgo/experimental/pkg/serialization/json/zz_decode.go:169.2,172.16 4 0
utilgo/experimental/pkg/serialization/json/zz_decode.go:172.16,174.13 2 0
utilgo/experimental/pkg/serialization/json/zz_decode.go:176.2,176.8 1 0
utilgo/experimental/pkg/serialization/json/zz_decode.go:182.72,184.16 2 0
utilgo/experimental/pkg/serialization/json/zz_decode.go:184.16,187.3 2 0
utilgo/experimental/pkg/serialization/json/zz_decode.go:188.2,191.16 4 0
utilgo/experimental/pkg/serialization/json/zz_decode.go:191.16,194.3 2 0
utilgo/experimental/pkg/serialization/json/zz_decode.go:195.2,195.38 1 0
utilgo/experimental/pkg/serialization/json/zz_decode.go:195.38,198.3 2 0
utilgo/experimental/pkg/serialization/json/zz_decode.go:199.2,199.8 1 0
utilgo/experimental/pkg/serialization/json/zz_decode.go:205.65,208.16 3 0
utilgo/experimental/pkg/serialization/json/zz_decode.go:208.16,210.13 2 0
utilgo/experimental/pkg/serialization/json/zz_decode.go:212.2,215.16 4 0
utilgo/experimental/pkg/serialization/json/zz_decode.go:215.16,217.13 2 0
utilgo/experimental/pkg/serialization/json/zz_decode.go:219.2,219.38 1 0
utilgo/experimental/pkg/serialization/json/zz_decode.go:219.38,221.13 2 0
utilgo/experimental/pkg/serialization/json/zz_decode.go:223.2,223.8 1 0
utilgo/experimental/pkg/serialization/json/zz_decode.go:228.60,230.16 2 0
utilgo/experimental/pkg/serialization/json/zz_decode.go:230.16,233.3 2 0
utilgo/experimental/pkg/serialization/json/zz_decode.go:234.2,237.16 4 0
utilgo/experimental/pkg/serialization/json/zz_decode.go:237.16,240.3 2 0
utilgo/experimental/pkg/serialization/json/zz_decode.go:241.2,241.8 1 0
utilgo/experimental/pkg/serialization/json/zz_decode.go:246.52,249.16 3 0
utilgo/experimental/pkg/serialization/json/zz_decode.go:249.16,251.13 2 0
utilgo/experimental/pkg/serialization/json/zz_decode.go:253.2,256.16 4 0
utilgo/experimental/pkg/serialization/json/zz_decode.go:256.16,258.13 2 0
utilgo/experimental/pkg/serialization/json/zz_decode.go:260.2,260.8 1 0
utilgo/experimental/pkg/serialization/json/zz_decode.go:266.76,268.16 2 0
utilgo/experimental/pkg/serialization/json/zz_decode.go:268.16,271.3 2 0
utilgo/experimental/pkg/serialization/json/zz_decode.go:272.2,275.16 4 0
utilgo/experimental/pkg/serialization/json/zz_decode.go:275.16,278.3 2 0
utilgo/experimental/pkg/serialization/json/zz_decode.go:279.2,279.38 1 0
utilgo/experimental/pkg/serialization/json/zz_decode.go:279.38,282.3 2 0
utilgo/experimental/pkg/serialization/json/zz_decode.go:283.2,283.8 1 0
utilgo/experimental/pkg/serialization/json/zz_decode.go:289.68,292.16 3 0
utilgo/experimental/pkg/serialization/json/zz_decode.go:292.16,294.13 2 0
utilgo/experimental/pkg/serialization/json/zz_decode.go:296.2,299.16 4 0
utilgo/experimental/pkg/serialization/json/zz_decode.go:299.16,301.13 2 0
utilgo/experimental/pkg/serialization/json/zz_decode.go:303.2,303.38 1 0
utilgo/experimental/pkg/serialization/json/zz_decode.go:303.38,305.13 2 0
utilgo/experimental/pkg/serialization/json/zz_decode.go:307.2,307.8 1 0
utilgo/experimental/pkg/serialization/json/zz_decode.go:312.63,314.16 2 0
utilgo/experimental/pkg/serialization/json/zz_decode.go:314.16,317.3 2 0
utilgo/experimental/pkg/serialization/json/zz_decode.go:318.2,321.16 4 0
utilgo/experimental/pkg/serialization/json/zz_decode.go:321.16,324.3 2 0
utilgo/experimental/pkg/serialization/json/zz_decode.go:325.2,325.8 1 0
utilgo/experimental/pkg/serialization/json/zz_decode.go:330.56,333.16 3 0
utilgo/experimental/pkg/serialization/json/zz_decode.go:333.16,335.13 2 0
utilgo/experimental/pkg/serialization/json/zz_decode.go:337.2,340.16 4 0
utilgo/experimental/pkg/serialization/json/zz_decode.go:340.16,342.13 2 0
utilgo/experimental/pkg/serialization/json/zz_decode.go:344.2,344.8 1 0
utilgo/experimental/pkg/serialization/json/zz_decode.go:350.79,352.16 2 0
utilgo/experimental/pkg/serialization/json/zz_decode.go:352.16,355.3 2 0
utilgo/experimental/pkg/serialization/json/zz_decode.go:356.2,359.16 4 0
utilgo/experimental/pkg/serialization/json/zz_decode.go:359.16,362.3 2 0
utilgo/experimental/pkg/serialization/json/zz_decode.go:363.2,363.38 1 0
utilgo/experimental/pkg/serialization/json/zz_decode.go:363.38,366.3 2 0
utilgo/experimental/pkg/serialization/json/zz_decode.go:367.2,367.8 1 0
utilgo/experimental/pkg/serialization/json/zz_decode.go:373.72,376.16 3 0
utilgo/experimental/pkg/serialization/json/zz_decode.go:376.16,378.13 2 0
utilgo/experimental/pkg/serialization/json/zz_decode.go:380.2,383.16 4 0
utilgo/experimental/pkg/serialization/json/zz_decode.go:383.16,385.13 2 0
utilgo/experimental/pkg/serialization/json/zz_decode.go:387.2,387.38 1 0
utilgo/experimental/pkg/serialization/json/zz_decode.go:387.38,389.13 2 0
utilgo/experimental/pkg/serialization/json/zz_decode.go:391.2,391.8 1 0
utilgo/experimental/pkg/serialization/json/zz_decode.go:396.67,398.16 2 0
utilgo/experimental/pkg/serialization/json/zz_decode.go:398.16,401.3 2 0
utilgo/experimental/pkg/serialization/json/zz_decode.go:402.2,405.16 4 0
utilgo/experimental/pkg/serialization/json/zz_decode.go:405.16,408.3 2 0
utilgo/experimental/pkg/serialization/json/zz_decode.go:409.2,409.8 1 0
utilgo/experimental/pkg/serialization/json/zz_decode.go:414.59,417.16 3 0
utilgo/experimental/pkg/serialization/json/zz_decode.go:417.16,419.13 2 0
utilgo/experimental/pkg/serialization/json/zz_decode.go:421.2,424.16 4 0
utilgo/experimental/pkg/serialization/json/zz_decode.go:424.16,426.13 2 0
utilgo/experimental/pkg/serialization/json/zz_decode.go:428.2,428.8 1 0
utilgo/experimental/pkg/serialization/json/zz_decode.go:434.83,436.16 2 0
utilgo/experimental/pkg/serialization/json/zz_decode.go:436.16,439.3 2 0
utilgo/experimental/pkg/serialization/json/zz_decode.go:440.2,443.16 4 0
utilgo/experimental/pkg/serialization/json/zz_decode.go:443.16,446.3 2 0
utilgo/experimental/pkg/serialization/json/zz_decode.go:447.2,447.38 1 0
utilgo/experimental/pkg/serialization/json/zz_decode.go:447.38,450.3 2 0
utilgo/experimental/pkg/serialization/json/zz_decode.go:451.2,451.8 1 0
utilgo/experimental/pkg/serialization/json/zz_decode.go:457.75,460.16 3 0
utilgo/experimental/pkg/serialization/json/zz_decode.go:460.16,462.13 2 0
utilgo/experimental/pkg/serialization/json/zz_decode.go:464.2,467.16 4 0
utilgo/experimental/pkg/serialization/json/zz_decode.go:467.16,469.13 2 0
utilgo/experimental/pkg/serialization/json/zz_decode.go:471.2,471.38 1 0
utilgo/experimental/pkg/serialization/json/zz_decode.go:471.38,473.13 2 0
utilgo/experimental/pkg/serialization/json/zz_decode.go:475.2,475.8 1 0
utilgo/experimental/pkg/serialization/json/zz_decode.go:480.63,483.16 3 1
utilgo/experimental/pkg/serialization/json/zz_decode.go:483.16,486.3 2 1
utilgo/experimental/pkg/serialization/json/zz_decode.go:487.2,487.8 1 1
utilgo/experimental/pkg/serialization/json/zz_decode.go:492.56,496.16 4 0
utilgo/experimental/pkg/serialization/json/zz_decode.go:496.16,498.13 2 0
utilgo/experimental/pkg/serialization/json/zz_decode.go:500.2,500.8 1 0
utilgo/experimental/pkg/serialization/json/zz_decode.go:506.79,509.16 3 0
utilgo/experimental/pkg/serialization/json/zz_decode.go:509.16,512.3 2 0
utilgo/experimental/pkg/serialization/json/zz_decode.go:513.2,513.38 1 0
utilgo/experimental/pkg/serialization/json/zz_decode.go:513.38,516.3 2 0
utilgo/experimental/pkg/serialization/json/zz_decode.go:517.2,517.8 1 0
utilgo/experimental/pkg/serialization/json/zz_decode.go:523.72,527.16 4 0
utilgo/experimental/pkg/serialization/json/zz_decode.go:527.16,529.13 2 0
utilgo/experimental/pkg/serialization/json/zz_decode.go:531.2,531.38 1 0
utilgo/experimental/pkg/serialization/json/zz_decode.go:531.38,533.13 2 0
utilgo/experimental/pkg/serialization/json/zz_decode.go:535.2,535.8 1 0
utilgo/experimental/pkg/serialization/json/zz_decode.go:540.67,543.16 3 0
utilgo/experimental/pkg/serialization/json/zz_decode.go:543.16,546.3 2 0
utilgo/experimental/pkg/serialization/json/zz_decode.go:547.2,547.8 1 0
utilgo/experimental/pkg/serialization/json/zz_decode.go:552.59,556.16 4 0
utilgo/experimental/pkg/serialization/json/zz_decode.go:556.16,558.13 2 0
utilgo/experimental/pkg/serialization/json/zz_decode.go:560.2,560.8 1 0
utilgo/experimental/pkg/serialization/json/zz_decode.go:566.83,569.16 3 0
utilgo/experimental/pkg/serialization/json/zz_decode.go:569.16,572.3 2 0
utilgo/experimental/pkg/serialization/json/zz_decode.go:573.2,573.38 1 0
utilgo/experimental/pkg/serialization/json/zz_decode.go:573.38,576.3 2 0
utilgo/experimental/pkg/serialization/json/zz_decode.go:577.2,577.8 1 0
utilgo/experimental/pkg/serialization/json/zz_decode.go:583.75,587.16 4 0
utilgo/experimental/pkg/serialization/json/zz_decode.go:587.16,589.13 2 0
utilgo/experimental/pkg/serialization/json/zz_decode.go:591.2,591.38 1 0
utilgo/experimental/pkg/serialization/json/zz_decode.go:591.38,593.13 2 0
utilgo/experimental/pkg/serialization/json/zz_decode.go:595.2,595.8 1 0
utilgo/experimental/pkg/serialization/json/zz_encode.go:13.52,17.16 4 0
utilgo/experimental/pkg/serialization/json/zz_encode.go:17.16,20.3 2 0
utilgo/experimental/pkg/serialization/json/zz_encode.go:21.2,21.8 1 0
utilgo/experimental/pkg/serialization/json/zz_encode.go:26.45,31.16 5 0
utilgo/experimental/pkg/serialization/json/zz_encode.go:31.16,33.13 2 0
utilgo/experimental/pkg/serialization/json/zz_encode.go:35.2,35.8 1 0
utilgo/experimental/pkg/serialization/json/zz_encode.go:40.58,45.16 5 0
utilgo/experimental/pkg/serialization/json/zz_encode.go:45.16,48.3 2 0
utilgo/experimental/pkg/serialization/json/zz_encode.go:49.2,49.8 1 0
utilgo/experimental/pkg/serialization/json/zz_encode.go:54.51,60.16 6 0
utilgo/experimental/pkg/serialization/json/zz_encode.go:60.16,62.13 2 0
utilgo/experimental/pkg/serialization/json/zz_encode.go:64.2,64.8 1 0
utilgo/experimental/pkg/serialization/json/zz_encode.go:69.56,71.16 2 0
utilgo/experimental/pkg/serialization/json/zz_encode.go:71.16,74.3 2 0
utilgo/experimental/pkg/serialization/json/zz_encode.go:75.2,78.16 4 0
utilgo/experimental/pkg/serialization/json/zz_encode.go:78.16,81.3 2 0
utilgo/experimental/pkg/serialization/json/zz_encode.go:82.2,82.8 1 0
utilgo/experimental/pkg/serialization/json/zz_encode.go:87.48,90.16 3 0
utilgo/experimental/pkg/serialization/json/zz_encode.go:90.16,92.13 2 0
utilgo/experimental/pkg/serialization/json/zz_encode.go:94.2,97.16 4 0
utilgo/experimental/pkg/serialization/json/zz_encode.go:97.16,99.13 2 0
utilgo/experimental/pkg/serialization/json/zz_encode.go:101.2,101.8 1 0
utilgo/experimental/pkg/serialization/json/zz_encode.go:106.62,108.16 2 0
utilgo/experimental/pkg/serialization/json/zz_encode.go:108.16,111.3 2 0
utilgo/experimental/pkg/serialization/json/zz_encode.go:112.2,116.16 5 0
utilgo/experimental/pkg/serialization/json/zz_encode.go:116.16,119.3 2 0
utilgo/experimental/pkg/serialization/json/zz_encode.go:120.2,120.8 1 0
utilgo/experimental/pkg/serialization/json/zz_encode.go:125.54,128.16 3 0
utilgo/experimental/pkg/serialization/json/zz_encode.go:128.16,130.13 2 0
utilgo/experimental/pkg/serialization/json/zz_encode.go:132.2,136.16 5 0
utilgo/experimental/pkg/serialization/json/zz_encode.go:136.16,138.13 2 0
utilgo/experimental/pkg/serialization/json/zz_encode.go:140.2,140.8 1 0
utilgo/experimental/pkg/serialization/json/zz_encode.go:145.63,148.16 3 0
utilgo/experimental/pkg/serialization/json/zz_encode.go:148.16,151.3 2 0
utilgo/experimental/pkg/serialization/json/zz_encode.go:152.2,152.8 1 0
utilgo/experimental/pkg/serialization/json/zz_encode.go:157.55,161.16 4 0
utilgo/experimental/pkg/serialization/json/zz_encode.go:161.16,163.13 2 0
utilgo/experimental/pkg/serialization/json/zz_encode.go:165.2,165.8 1 0
utilgo/experimental/pkg/serialization/json/zz_encode.go:170.69,174.16 4 0
utilgo/experimental/pkg/serialization/json/zz_encode.go:174.16,177.3 2 0
utilgo/experimental/pkg/serialization/json/zz_encode.go:178.2,178.8 1 0
utilgo/experimental/pkg/serialization/json/zz_encode.go:183.61,188.16 5 0
utilgo/experimental/pkg/serialization/json/zz_encode.go:188.16,190.13 2 0
utilgo/experimental/pkg/serialization/json/zz_encode.go:192.2,192.8 1 0
utilgo/experimental/pkg/serialization/json/zz_marshal.go:11.53,13.16 2 1
utilgo/experimental/pkg/serialization/json/zz_marshal.go:13.16,16.3 2 1
utilgo/experimental/pkg/serialization/json/zz_marshal.go:17.2,17.8 1 1
utilgo/experimental/pkg/serialization/json/zz_marshal.go:22.46,25.16 3 1
utilgo/experimental/pkg/serialization/json/zz_marshal.go:25.16,27.13 2 1
utilgo/experimental/pkg/serialization/json/zz_marshal.go:29.2,29.8 1 1
utilgo/experimental/pkg/serialization/json/zz_marshal.go:34.59,36.16 2 1
utilgo/experimental/pkg/serialization/json/zz_marshal.go:36.16,39.3 2 1
utilgo/experimental/pkg/serialization/json/zz_marshal.go:40.2,40.8 1 1
utilgo/experimental/pkg/serialization/json/zz_marshal.go:45.52,48.16 3 1
utilgo/experimental/pkg/serialization/json/zz_marshal.go:48.16,50.13 2 1
utilgo/experimental/pkg/serialization/json/zz_marshal.go:52.2,52.8 1 1
utilgo/experimental/pkg/serialization/json/zz_marshal.go:57.57,60.16 3 1
utilgo/experimental/pkg/serialization/json/zz_marshal.go:60.16,63.3 2 1
utilgo/experimental/pkg/serialization/json/zz_marshal.go:64.2,65.16 2 1
utilgo/experimental/pkg/serialization/json/zz_marshal.go:65.16,68.3 2 0
utilgo/experimental/pkg/serialization/json/zz_marshal.go:69.2,69.8 1 1
utilgo/experimental/pkg/serialization/json/zz_marshal.go:74.49,78.16 4 1
utilgo/experimental/pkg/serialization/json/zz_marshal.go:78.16,80.13 2 1
utilgo/experimental/pkg/serialization/json/zz_marshal.go:82.2,83.16 2 1
utilgo/experimental/pkg/serialization/json/zz_marshal.go:83.16,85.13 2 0
utilgo/experimental/pkg/serialization/json/zz_marshal.go:87.2,87.8 1 1
utilgo/experimental/pkg/serialization/json/zz_marshal.go:92.63,95.16 3 1
utilgo/experimental/pkg/serialization/json/zz_marshal.go:95.16,98.3 2 1
utilgo/experimental/pkg/serialization/json/zz_marshal.go:99.2,100.16 2 1
utilgo/experimental/pkg/serialization/json/zz_marshal.go:100.16,103.3 2 0
utilgo/experimental/pkg/serialization/json/zz_marshal.go:104.2,104.8 1 1
utilgo/experimental/pkg/serialization/json/zz_marshal.go:109.55,113.16 4 1
utilgo/experimental/pkg/serialization/json/zz_marshal.go:113.16,115.13 2 1
utilgo/experimental/pkg/serialization/json/zz_marshal.go:117.2,118.16 2 1
utilgo/experimental/pkg/serialization/json/zz_marshal.go:118.16,120.13 2 0
utilgo/experimental/pkg/serialization/json/zz_marshal.go:122.2,122.8 1 1
utilgo/experimental/pkg/serialization/json/zz_unmarshal.go:14.55,15.50 1 1
utilgo/experimental/pkg/serialization/json/zz_unmarshal.go:15.50,18.3 2 1
utilgo/experimental/pkg/serialization/json/zz_unmarshal.go:19.2,19.8 1 1
utilgo/experimental/pkg/serialization/json/zz_unmarshal.go:24.48,26.50 2 1
utilgo/experimental/pkg/serialization/json/zz_unmarshal.go:26.50,28.13 2 1
utilgo/experimental/pkg/serialization/json/zz_unmarshal.go:30.2,30.8 1 1
utilgo/experimental/pkg/serialization/json/zz_unmarshal.go:36.71,37.50 1 1
utilgo/experimental/pkg/serialization/json/zz_unmarshal.go:37.50,40.3 2 0
utilgo/experimental/pkg/serialization/json/zz_unmarshal.go:41.2,41.38 1 1
utilgo/experimental/pkg/serialization/json/zz_unmarshal.go:41.38,44.3 2 1
utilgo/experimental/pkg/serialization/json/zz_unmarshal.go:45.2,45.8 1 0
utilgo/experimental/pkg/serialization/json/zz_unmarshal.go:51.64,53.50 2 1
utilgo/experimental/pkg/serialization/json/zz_unmarshal.go:53.50,55.13 2 0
utilgo/experimental/pkg/serialization/json/zz_unmarshal.go:57.2,57.38 1 1
utilgo/experimental/pkg/serialization/json/zz_unmarshal.go:57.38,59.13 2 1
utilgo/experimental/pkg/serialization/json/zz_unmarshal.go:61.2,61.8 1 0
utilgo/experimental/pkg/serialization/json/zz_unmarshal.go:66.59,67.50 1 1
utilgo/experimental/pkg/serialization/json/zz_unmarshal.go:67.50,70.3 2 1
utilgo/experimental/pkg/serialization/json/zz_unmarshal.go:71.2,71.8 1 1
utilgo/experimental/pkg/serialization/json/zz_unmarshal.go:76.51,78.50 2 1
utilgo/experimental/pkg/serialization/json/zz_unmarshal.go:78.50,80.13 2 1
utilgo/experimental/pkg/serialization/json/zz_unmarshal.go:82.2,82.8 1 1
utilgo/experimental/pkg/serialization/json/zz_unmarshal.go:88.75,89.50 1 1
utilgo/experimental/pkg/serialization/json/zz_unmarshal.go:89.50,92.3 2 0
utilgo/experimental/pkg/serialization/json/zz_unmarshal.go:93.2,93.38 1 1
utilgo/experimental/pkg/serialization/json/zz_unmarshal.go:93.38,96.3 2 1
utilgo/experimental/pkg/serialization/json/zz_unmarshal.go:97.2,97.8 1 0
utilgo/experimental/pkg/serialization/json/zz_unmarshal.go:103.67,105.50 2 1
utilgo/experimental/pkg/serialization/json/zz_unmarshal.go:105.50,107.13 2 0
utilgo/experimental/pkg/serialization/json/zz_unmarshal.go:109.2,109.38 1 1
utilgo/experimental/pkg/serialization/json/zz_unmarshal.go:109.38,111.13 2 1
utilgo/experimental/pkg/serialization/json/zz_unmarshal.go:113.2,113.8 1 0
utilgo/experimental/pkg/serialization/json/zz_unmarshal.go:118.59,120.16 2 1
utilgo/experimental/pkg/serialization/json/zz_unmarshal.go:120.16,123.3 2 1
utilgo/experimental/pkg/serialization/json/zz_unmarshal.go:124.2,124.50 1 1
utilgo/experimental/pkg/serialization/json/zz_unmarshal.go:124.50,127.3 2 1
utilgo/experimental/pkg/serialization/json/zz_unmarshal.go:128.2,128.8 1 1
utilgo/experimental/pkg/serialization/json/zz_unmarshal.go:133.52,136.16 3 1
utilgo/experimental/pkg/serialization/json/zz_unmarshal.go:136.16,138.13 2 1
utilgo/experimental/pkg/serialization/json/zz_unmarshal.go:140.2,140.50 1 1
utilgo/experimental/pkg/serialization/json/zz_unmarshal.go:140.50,142.13 2 1
utilgo/experimental/pkg/serialization/json/zz_unmarshal.go:144.2,144.8 1 1
utilgo/experimental/pkg/serialization/json/zz_unmarshal.go:150.75,152.16 2 1
utilgo/experimental/pkg/serialization/json/zz_unmarshal.go:152.16,155.3 2 0
utilgo/experimental/pkg/serialization/json/zz_unmarshal.go:156.2,156.50 1 1
utilgo/experimental/pkg/serialization/json/zz_unmarshal.go:156.50,159.3 2 0
utilgo/experimental/pkg/serialization/json/zz_unmarshal.go:160.2,160.38 1 1
utilgo/experimental/pkg/serialization/json/zz_unmarshal.go:160.38,163.3 2 1
utilgo/experimental/pkg/serialization/json/zz_unmarshal.go:164.2,164.8 1 0
utilgo/experimental/pkg/serialization/json/zz_unmarshal.go:170.68,173.16 3 1
utilgo/experimental/pkg/serialization/json/zz_unmarshal.go:173.16,175.13 2 0
utilgo/experimental/pkg/serialization/json/zz_unmarshal.go:177.2,177.50 1 1
utilgo/experimental/pkg/serialization/json/zz_unmarshal.go:177.50,179.13 2 0
utilgo/experimental/pkg/serialization/json/zz_unmarshal.go:181.2,181.38 1 1
utilgo/experimental/pkg/serialization/json/zz_unmarshal.go:181.38,183.13 2 1
utilgo/experimental/pkg/serialization/json/zz_unmarshal.go:185.2,185.8 1 0
utilgo/experimental/pkg/serialization/json/zz_unmarshal.go:190.63,192.16 2 1
utilgo/experimental/pkg/serialization/json/zz_unmarshal.go:192.16,195.3 2 1
utilgo/experimental/pkg/serialization/json/zz_unmarshal.go:196.2,196.50 1 1
utilgo/experimental/pkg/serialization/json/zz_unmarshal.go:196.50,199.3 2 1
utilgo/experimental/pkg/serialization/json/zz_unmarshal.go:200.2,200.8 1 1
utilgo/experimental/pkg/serialization/json/zz_unmarshal.go:205.55,208.16 3 1
utilgo/experimental/pkg/serialization/json/zz_unmarshal.go:208.16,210.13 2 1
utilgo/experimental/pkg/serialization/json/zz_unmarshal.go:212.2,212.50 1 1
utilgo/experimental/pkg/serialization/json/zz_unmarshal.go:212.50,214.13 2 1
utilgo/experimental/pkg/serialization/json/zz_unmarshal.go:216.2,216.8 1 1
utilgo/experimental/pkg/serialization/json/zz_unmarshal.go:222.79,224.16 2 1
utilgo/experimental/pkg/serialization/json/zz_unmarshal.go:224.16,227.3 2 0
utilgo/experimental/pkg/serialization/json/zz_unmarshal.go:228.2,228.50 1 1
utilgo/experimental/pkg/serialization/json/zz_unmarshal.go:228.50,231.3 2 0
utilgo/experimental/pkg/serialization/json/zz_unmarshal.go:232.2,232.38 1 1
utilgo/experimental/pkg/serialization/json/zz_unmarshal.go:232.38,235.3 2 1
utilgo/experimental/pkg/serialization/json/zz_unmarshal.go:236.2,236.8 1 0
utilgo/experimental/pkg/serialization/json/zz_unmarshal.go:242.71,245.16 3 1
utilgo/experimental/pkg/serialization/json/zz_unmarshal.go:245.16,247.13 2 0
utilgo/experimental/pkg/serialization/json/zz_unmarshal.go:249.2,249.50 1 1
utilgo/experimental/pkg/serialization/json/zz_unmarshal.go:249.50,251.13 2 0
utilgo/experimental/pkg/serialization/json/zz_unmarshal.go:253.2,253.38 1 1
utilgo/experimental/pkg/serialization/json/zz_unmarshal.go:253.38,255.13 2 1
utilgo/experimental/pkg/serialization/json/zz_unmarshal.go:257.2,257.8 1 0
utilgo/experimental/pkg/serialization/json/zz_unmarshal.go:262.66,264.16 2 1
utilgo/experimental/pkg/serialization/json/zz_unmarshal.go:264.16,267.3 2 1
utilgo/experimental/pkg/serialization/json/zz_unmarshal.go:268.2,268.50 1 1
utilgo/experimental/pkg/serialization/json/zz_unmarshal.go:268.50,271.3 2 1
utilgo/experimental/pkg/serialization/json/zz_unmarshal.go:272.2,272.8 1 1
utilgo/experimental/pkg/serialization/json/zz_unmarshal.go:277.59,280.16 3 1
utilgo/experimental/pkg/serialization/json/zz_unmarshal.go:280.16,282.13 2 1
utilgo/experimental/pkg/serialization/json/zz_unmarshal.go:284.2,284.50 1 1
utilgo/experimental/pkg/serialization/json/zz_unmarshal.go:284.50,286.13 2 1
utilgo/experimental/pkg/serialization/json/zz_unmarshal.go:288.2,288.8 1 1
utilgo/experimental/pkg/serialization/json/zz_unmarshal.go:294.82,296.16 2 1
utilgo/experimental/pkg/serialization/json/zz_unmarshal.go:296.16,299.3 2 0
utilgo/experimental/pkg/serialization/json/zz_unmarshal.go:300.2,300.50 1 1
utilgo/experimental/pkg/serialization/json/zz_unmarshal.go:300.50,303.3 2 0
utilgo/experimental/pkg/serialization/json/zz_unmarshal.go:304.2,304.38 1 1
utilgo/experimental/pkg/serialization/json/zz_unmarshal.go:304.38,307.3 2 1
utilgo/experimental/pkg/serialization/json/zz_unmarshal.go:308.2,308.8 1 0
utilgo/experimental/pkg/serialization/json/zz_unmarshal.go:314.75,317.16 3 1
utilgo/experimental/pkg/serialization/json/zz_unmarshal.go:317.16,319.13 2 0
utilgo/experimental/pkg/serialization/json/zz_unmarshal.go:321.2,321.50 1 1
utilgo/experimental/pkg/serialization/json/zz_unmarshal.go:321.50,323.13 2 0
utilgo/experimental/pkg/serialization/json/zz_unmarshal.go:325.2,325.38 1 1
utilgo/experimental/pkg/serialization/json/zz_unmarshal.go:325.38,327.13 2 1
utilgo/experimental/pkg/serialization/json/zz_unmarshal.go:329.2,329.8 1 0
utilgo/experimental/pkg/serialization/json/zz_unmarshal.go:334.70,336.16 2 1
utilgo/experimental/pkg/serialization/json/zz_unmarshal.go:336.16,339.3 2 1
utilgo/experimental/pkg/serialization/json/zz_unmarshal.go:340.2,340.50 1 1
utilgo/experimental/pkg/serialization/json/zz_unmarshal.go:340.50,343.3 2 1
utilgo/experimental/pkg/serialization/json/zz_unmarshal.go:344.2,344.8 1 1
utilgo/experimental/pkg/serialization/json/zz_unmarshal.go:349.62,352.16 3 1
utilgo/experimental/pkg/serialization/json/zz_unmarshal.go:352.16,354.13 2 1
utilgo/experimental/pkg/serialization/json/zz_unmarshal.go:356.2,356.50 1 1
utilgo/experimental/pkg/serialization/json/zz_unmarshal.go:356.50,358.13 2 1
utilgo/experimental/pkg/serialization/json/zz_unmarshal.go:360.2,360.8 1 1
utilgo/experimental/pkg/serialization/json/zz_unmarshal.go:366.86,368.16 2 1
utilgo/experimental/pkg/serialization/json/zz_unmarshal.go:368.16,371.3 2 0
utilgo/experimental/pkg/serialization/json/zz_unmarshal.go:372.2,372.50 1 1
utilgo/experimental/pkg/serialization/json/zz_unmarshal.go:372.50,375.3 2 0
utilgo/experimental/pkg/serialization/json/zz_unmarshal.go:376.2,376.38 1 1
utilgo/experimental/pkg/serialization/json/zz_unmarshal.go:376.38,379.3 2 1
utilgo/experimental/pkg/serialization/json/zz_unmarshal.go:380.2,380.8 1 0
utilgo/experimental/pkg/serialization/json/zz_unmarshal.go:386.78,389.16 3 1
utilgo/experimental/pkg/serialization/json/zz_unmarshal.go:389.16,391.13 2 0
utilgo/experimental/pkg/serialization/json/zz_unmarshal.go:393.2,393.50 1 1
utilgo/experimental/pkg/serialization/json/zz_unmarshal.go:393.50,395.13 2 0
utilgo/experimental/pkg/serialization/json/zz_unmarshal.go:397.2,397.38 1 1
utilgo/experimental/pkg/serialization/json/zz_unmarshal.go:397.38,399.13 2 1
utilgo/experimental/pkg/serialization/json/zz_unmarshal.go:401.2,401.8 1 0
utilgo/experimental/pkg/serialization/yaml/zz_decode.go:17.52,21.16 4 1
utilgo/experimental/pkg/serialization/yaml/zz_decode.go:21.16,24.3 2 1
utilgo/experimental/pkg/serialization/yaml/zz_decode.go:25.2,25.8 1 1
utilgo/experimental/pkg/serialization/yaml/zz_decode.go:30.45,35.16 5 1
utilgo/experimental/pkg/serialization/yaml/zz_decode.go:35.16,37.13 2 1
utilgo/experimental/pkg/serialization/yaml/zz_decode.go:39.2,39.8 1 1
utilgo/experimental/pkg/serialization/yaml/zz_decode.go:45.68,49.16 4 0
utilgo/experimental/pkg/serialization/yaml/zz_decode.go:49.16,52.3 2 0
utilgo/experimental/pkg/serialization/yaml/zz_decode.go:53.2,53.38 1 0
utilgo/experimental/pkg/serialization/yaml/zz_decode.go:53.38,56.3 2 0
utilgo/experimental/pkg/serialization/yaml/zz_decode.go:57.2,57.8 1 0
utilgo/experimental/pkg/serialization/yaml/zz_decode.go:63.61,68.16 5 0
utilgo/experimental/pkg/serialization/yaml/zz_decode.go:68.16,70.13 2 0
utilgo/experimental/pkg/serialization/yaml/zz_decode.go:72.2,72.38 1 0
utilgo/experimental/pkg/serialization/yaml/zz_decode.go:72.38,74.13 2 0
utilgo/experimental/pkg/serialization/yaml/zz_decode.go:76.2,76.8 1 0
utilgo/experimental/pkg/serialization/yaml/zz_decode.go:81.56,85.16 4 1
utilgo/experimental/pkg/serialization/yaml/zz_decode.go:85.16,88.3 2 1
utilgo/experimental/pkg/serialization/yaml/zz_decode.go:89.2,89.8 1 1
utilgo/experimental/pkg/serialization/yaml/zz_decode.go:94.48,99.16 5 1
utilgo/experimental/pkg/serialization/yaml/zz_decode.go:99.16,101.13 2 1
utilgo/experimental/pkg/serialization/yaml/zz_decode.go:103.2,103.8 1 1
utilgo/experimental/pkg/serialization/yaml/zz_decode.go:109.72,113.16 4 0
utilgo/experimental/pkg/serialization/yaml/zz_decode.go:113.16,116.3 2 0
utilgo/experimental/pkg/serialization/yaml/zz_decode.go:117.2,117.38 1 0
utilgo/experimental/pkg/serialization/yaml/zz_decode.go:117.38,120.3 2 0
utilgo/experimental/pkg/serialization/yaml/zz_decode.go:121.2,121.8 1 0
utilgo/experimental/pkg/serialization/yaml/zz_decode.go:127.64,132.16 5 0
utilgo/experimental/pkg/serialization/yaml/zz_decode.go:132.16,134.13 2 0
utilgo/experimental/pkg/serialization/yaml/zz_decode.go:136.2,136.38 1 0
utilgo/experimental/pkg/serialization/yaml/zz_decode.go:136.38,138.13 2 0
utilgo/experimental/pkg/serialization/yaml/zz_decode.go:140.2,140.8 1 0
utilgo/experimental/pkg/serialization/yaml/zz_decode.go:145.56,147.16 2 1
utilgo/experimental/pkg/serialization/yaml/zz_decode.go:147.16,150.3 2 0
utilgo/experimental/pkg/serialization/yaml/zz_decode.go:151.2,154.16 4 1
utilgo/experimental/pkg/serialization/yaml/zz_decode.go:154.16,157.3 2 0
utilgo/experimental/pkg/serialization/yaml/zz_decode.go:158.2,158.8 1 1
utilgo/experimental/pkg/serialization/yaml/zz_decode.go:163.49,166.16 3 1
utilgo/experimental/pkg/serialization/yaml/zz_decode.go:166.16,168.13 2 0
utilgo/experimental/pkg/serialization/yaml/zz_decode.go:170.2,173.16 4 1
utilgo/experimental/pkg/serialization/yaml/zz_decode.go:173.16,175.13 2 0
utilgo/experimental/pkg/serialization/yaml/zz_decode.go:177.2,177.8 1 1
utilgo/experimental/pkg/serialization/yaml/zz_decode.go:183.72,185.16 2 0
utilgo/experimental/pkg/serialization/yaml/zz_decode.go:185.16,188.3 2 0
utilgo/experimental/pkg/serialization/yaml/zz_decode.go:189.2,192.16 4 0
utilgo/experimental/pkg/serialization/yaml/zz_decode.go:192.16,195.3 2 0
utilgo/experimental/pkg/serialization/yaml/zz_decode.go:196.2,196.38 1 0
utilgo/experimental/pkg/serialization/yaml/zz_decode.go:196.38,199.3 2 0
utilgo/experimental/pkg/serialization/yaml/zz_decode.go:200.2,200.8 1 0
utilgo/experimental/pkg/serialization/yaml/zz_decode.go:206.65,209.16 3 0
utilgo/experimental/pkg/serialization/yaml/zz_decode.go:209.16,211.13 2 0
utilgo/experimental/pkg/serialization/yaml/zz_decode.go:213.2,216.16 4 0
utilgo/experimental/pkg/serialization/yaml/zz_decode.go:216.16,218.13 2 0
utilgo/experimental/pkg/serialization/yaml/zz_decode.go:220.2,220.38 1 0
utilgo/experimental/pkg/serialization/yaml/zz_decode.go:220.38,222.13 2 0
utilgo/experimental/pkg/serialization/yaml/zz_decode.go:224.2,224.8 1 0
utilgo/experimental/pkg/serialization/yaml/zz_decode.go:229.60,231.16 2 0
utilgo/experimental/pkg/serialization/yaml/zz_decode.go:231.16,234.3 2 0
utilgo/experimental/pkg/serialization/yaml/zz_decode.go:235.2,238.16 4 0
utilgo/experimental/pkg/serialization/yaml/zz_decode.go:238.16,241.3 2 0
utilgo/experimental/pkg/serialization/yaml/zz_decode.go:242.2,242.8 1 0
utilgo/experimental/pkg/serialization/yaml/zz_decode.go:247.52,250.16 3 0
utilgo/experimental/pkg/serialization/yaml/zz_decode.go:250.16,252.13 2 0
utilgo/experimental/pkg/serialization/yaml/zz_decode.go:254.2,257.16 4 0
utilgo/experimental/pkg/serialization/yaml/zz_decode.go:257.16,259.13 2 0
utilgo/experimental/pkg/serialization/yaml/zz_decode.go:261.2,261.8 1 0
utilgo/experimental/pkg/serialization/yaml/zz_decode.go:267.76,269.16 2 0
utilgo/experimental/pkg/serialization/yaml/zz_decode.go:269.16,272.3 2 0
utilgo/experimental/pkg/serialization/yaml/zz_decode.go:273.2,276.16 4 0
utilgo/experimental/pkg/serialization/yaml/zz_decode.go:276.16,279.3 2 0
utilgo/experimental/pkg/serialization/yaml/zz_decode.go:280.2,280.38 1 0
utilgo/experimental/pkg/serialization/yaml/zz_decode.go:280.38,283.3 2 0
utilgo/experimental/pkg/serialization/yaml/zz_decode.go:284.2,284.8 1 0
utilgo/experimental/pkg/serialization/yaml/zz_decode.go:290.68,293.16 3 0
utilgo/experimental/pkg/serialization/yaml/zz_decode.go:293.16,295.13 2 0
utilgo/experimental/pkg/serialization/yaml/zz_decode.go:297.2,300.16 4 0
utilgo/experimental/pkg/serialization/yaml/zz_decode.go:300.16,302.13 2 0
utilgo/experimental/pkg/serialization/yaml/zz_decode.go:304.2,304.38 1 0
utilgo/experimental/pkg/serialization/yaml/zz_decode.go:304.38,306.13 2 0
utilgo/experimental/pkg/serialization/yaml/zz_decode.go:308.2,308.8 1 0
utilgo/experimental/pkg/serialization/yaml/zz_decode.go:313.63,315.16 2 1
utilgo/experimental/pkg/serialization/yaml/zz_decode.go:315.16,318.3 2 0
utilgo/experimental/pkg/serialization/yaml/zz_decode.go:319.2,322.16 4 1
utilgo/experimental/pkg/serialization/yaml/zz_decode.go:322.16,325.3 2 1
utilgo/experimental/pkg/serialization/yaml/zz_decode.go:326.2,326.8 1 1
utilgo/experimental/pkg/serialization/yaml/zz_decode.go:331.56,334.16 3 1
utilgo/experimental/pkg/serialization/yaml/zz_decode.go:334.16,336.13 2 0
utilgo/experimental/pkg/serialization/yaml/zz_decode.go:338.2,341.16 4 1
utilgo/experimental/pkg/serialization/yaml/zz_decode.go:341.16,343.13 2 1
utilgo/experimental/pkg/serialization/yaml/zz_decode.go:345.2,345.8 1 1
utilgo/experimental/pkg/serialization/yaml/zz_decode.go:351.79,353.16 2 0
utilgo/experimental/pkg/serialization/yaml/zz_decode.go:353.16,356.3 2 0
utilgo/experimental/pkg/serialization/yaml/zz_decode.go:357.2,360.16 4 0
utilgo/experimental/pkg/serialization/yaml/zz_decode.go:360.16,363.3 2 0
utilgo/experimental/pkg/serialization/yaml/zz_decode.go:364.2,364.38 1 0
utilgo/experimental/pkg/serialization/yaml/zz_decode.go:364.38,367.3 2 0
utilgo/experimental/pkg/serialization/yaml/zz_decode.go:368.2,368.8 1 0
utilgo/experimental/pkg/serialization/yaml/zz_decode.go:374.72,377.16 3 0
utilgo/experimental/pkg/serialization/yaml/zz_decode.go:377.16,379.13 2 0
utilgo/experimental/pkg/serialization/yaml/zz_decode.go:381.2,384.16 4 0
utilgo/experimental/pkg/serialization/yaml/zz_decode.go:384.16,386.13 2 0
utilgo/experimental/pkg/serialization/yaml/zz_decode.go:388.2,388.38 1 0
utilgo/experimental/pkg/serialization/yaml/zz_decode.go:388.38,390.13 2 0
utilgo/experimental/pkg/serialization/yaml/zz_decode.go:392.2,392.8 1 0
utilgo/experimental/pkg/serialization/yaml/zz_decode.go:397.67,399.16 2 0
utilgo/experimental/pkg/serialization/yaml/zz_decode.go:399.16,402.3 2 0
utilgo/experimental/pkg/serialization/yaml/zz_decode.go:403.2,406.16 4 0
utilgo/experimental/pkg/serialization/yaml/zz_decode.go:406.16,409.3 2 0
utilgo/experimental/pkg/serialization/yaml/zz_decode.go:410.2,410.8 1 0
utilgo/experimental/pkg/serialization/yaml/zz_decode.go:415.59,418.16 3 0
utilgo/experimental/pkg/serialization/yaml/zz_decode.go:418.16,420.13 2 0
utilgo/experimental/pkg/serialization/yaml/zz_decode.go:422.2,425.16 4 0
utilgo/experimental/pkg/serialization/yaml/zz_decode.go:425.16,427.13 2 0
utilgo/experimental/pkg/serialization/yaml/zz_decode.go:429.2,429.8 1 0
utilgo/experimental/pkg/serialization/yaml/zz_decode.go:435.83,437.16 2 0
utilgo/experimental/pkg/serialization/yaml/zz_decode.go:437.16,440.3 2 0
utilgo/experimental/pkg/serialization/yaml/zz_decode.go:441.2,444.16 4 0
utilgo/experimental/pkg/serialization/yaml/zz_decode.go:444.16,447.3 2 0
utilgo/experimental/pkg/serialization/yaml/zz_decode.go:448.2,448.38 1 0
utilgo/experimental/pkg/serialization/yaml/zz_decode.go:448.38,451.3 2 0
utilgo/experimental/pkg/serialization/yaml/zz_decode.go:452.2,452.8 1 0
utilgo/experimental/pkg/serialization/yaml/zz_decode.go:458.75,461.16 3 0
utilgo/experimental/pkg/serialization/yaml/zz_decode.go:461.16,463.13 2 0
utilgo/experimental/pkg/serialization/yaml/zz_decode.go:465.2,468.16 4 0
utilgo/experimental/pkg/serialization/yaml/zz_decode.go:468.16,470.13 2 0
utilgo/experimental/pkg/serialization/yaml/zz_decode.go:472.2,472.38 1 0
utilgo/experimental/pkg/serialization/yaml/zz_decode.go:472.38,474.13 2 0
utilgo/experimental/pkg/serialization/yaml/zz_decode.go:476.2,476.8 1 0
utilgo/experimental/pkg/serialization/yaml/zz_decode.go:481.63,484.16 3 1
utilgo/experimental/pkg/serialization/yaml/zz_decode.go:484.16,487.3 2 1
utilgo/experimental/pkg/serialization/yaml/zz_decode.go:488.2,488.8 1 1
utilgo/experimental/pkg/serialization/yaml/zz_decode.go:493.56,497.16 4 1
utilgo/experimental/pkg/serialization/yaml/zz_decode.go:497.16,499.13 2 1
utilgo/experimental/pkg/serialization/yaml/zz_decode.go:501.2,501.8 1 1
utilgo/experimental/pkg/serialization/yaml/zz_decode.go:507.79,510.16 3 0
utilgo/experimental/pkg/serialization/yaml/zz_decode.go:510.16,513.3 2 0
utilgo/experimental/pkg/serialization/yaml/zz_decode.go:514.2,514.38 1 0
utilgo/experimental/pkg/serialization/yaml/zz_decode.go:514.38,517.3 2 0
utilgo/experimental/pkg/serialization/yaml/zz_decode.go:518.2,518.8 1 0
utilgo/experimental/pkg/serialization/yaml/zz_decode.go:524.72,528.16 4 0
utilgo/experimental/pkg/serialization/yaml/zz_decode.go:528.16,530.13 2 0
utilgo/experimental/pkg/serialization/yaml/zz_decode.go:532.2,532.38 1 0
utilgo/experimental/pkg/serialization/yaml/zz_decode.go:532.38,534.13 2 0
utilgo/experimental/pkg/serialization/yaml/zz_decode.go:536.2,536.8 1 0
utilgo/experimental/pkg/serialization/yaml/zz_decode.go:541.67,544.16 3 0
utilgo/experimental/pkg/serialization/yaml/zz_decode.go:544.16,547.3 2 0
utilgo/experimental/pkg/serialization/yaml/zz_decode.go:548.2,548.8 1 0
utilgo/experimental/pkg/serialization/yaml/zz_decode.go:553.59,557.16 4 0
utilgo/experimental/pkg/serialization/yaml/zz_decode.go:557.16,559.13 2 0
utilgo/experimental/pkg/serialization/yaml/zz_decode.go:561.2,561.8 1 0
utilgo/experimental/pkg/serialization/yaml/zz_decode.go:567.83,570.16 3 0
utilgo/experimental/pkg/serialization/yaml/zz_decode.go:570.16,573.3 2 0
utilgo/experimental/pkg/serialization/yaml/zz_decode.go:574.2,574.38 1 0
utilgo/experimental/pkg/serialization/yaml/zz_decode.go:574.38,577.3 2 0
utilgo/experimental/pkg/serialization/yaml/zz_decode.go:578.2,578.8 1 0
utilgo/experimental/pkg/serialization/yaml/zz_decode.go:584.75,588.16 4 0
utilgo/experimental/pkg/serialization/yaml/zz_decode.go:588.16,590.13 2 0
utilgo/experimental/pkg/serialization/yaml/zz_decode.go:592.2,592.38 1 0
utilgo/experimental/pkg/serialization/yaml/zz_decode.go:592.38,594.13 2 0
utilgo/experimental/pkg/serialization/yaml/zz_decode.go:596.2,596.8 1 0
utilgo/experimental/pkg/serialization/yaml/zz_encode.go:14.52,18.16 4 0
utilgo/experimental/pkg/serialization/yaml/zz_encode.go:18.16,21.3 2 0
utilgo/experimental/pkg/serialization/yaml/zz_encode.go:22.2,22.8 1 0
utilgo/experimental/pkg/serialization/yaml/zz_encode.go:27.45,32.16 5 0
utilgo/experimental/pkg/serialization/yaml/zz_encode.go:32.16,34.13 2 0
utilgo/experimental/pkg/serialization/yaml/zz_encode.go:36.2,36.8 1 0
utilgo/experimental/pkg/serialization/yaml/zz_encode.go:41.56,43.16 2 0
utilgo/experimental/pkg/serialization/yaml/zz_encode.go:43.16,46.3 2 0
utilgo/experimental/pkg/serialization/yaml/zz_encode.go:47.2,50.16 4 0
utilgo/experimental/pkg/serialization/yaml/zz_encode.go:50.16,53.3 2 0
utilgo/experimental/pkg/serialization/yaml/zz_encode.go:54.2,54.8 1 0
utilgo/experimental/pkg/serialization/yaml/zz_encode.go:59.48,62.16 3 0
utilgo/experimental/pkg/serialization/yaml/zz_encode.go:62.16,64.13 2 0
utilgo/experimental/pkg/serialization/yaml/zz_encode.go:66.2,69.16 4 0
utilgo/experimental/pkg/serialization/yaml/zz_encode.go:69.16,71.13 2 0
utilgo/experimental/pkg/serialization/yaml/zz_encode.go:73.2,73.8 1 0
utilgo/experimental/pkg/serialization/yaml/zz_encode.go:78.63,81.16 3 0
utilgo/experimental/pkg/serialization/yaml/zz_encode.go:81.16,84.3 2 0
utilgo/experimental/pkg/serialization/yaml/zz_encode.go:85.2,85.8 1 0
utilgo/experimental/pkg/serialization/yaml/zz_encode.go:90.55,94.16 4 0
utilgo/experimental/pkg/serialization/yaml/zz_encode.go:94.16,96.13 2 0
utilgo/experimental/pkg/serialization/yaml/zz_encode.go:98.2,98.8 1 0
utilgo/experimental/pkg/serialization/yaml/zz_marshal.go:12.53,14.16 2 1
utilgo/experimental/pkg/serialization/yaml/zz_marshal.go:14.16,17.3 2 0
utilgo/experimental/pkg/serialization/yaml/zz_marshal.go:18.2,18.8 1 1
utilgo/experimental/pkg/serialization/yaml/zz_marshal.go:23.46,26.16 3 1
utilgo/experimental/pkg/serialization/yaml/zz_marshal.go:26.16,28.13 2 0
utilgo/experimental/pkg/serialization/yaml/zz_marshal.go:30.2,30.8 1 1
utilgo/experimental/pkg/serialization/yaml/zz_marshal.go:35.57,38.16 3 1
utilgo/experimental/pkg/serialization/yaml/zz_marshal.go:38.16,41.3 2 0
utilgo/experimental/pkg/serialization/yaml/zz_marshal.go:42.2,43.16 2 1
utilgo/experimental/pkg/serialization/yaml/zz_marshal.go:43.16,46.3 2 1
utilgo/experimental/pkg/serialization/yaml/zz_marshal.go:47.2,47.8 1 1
utilgo/experimental/pkg/serialization/yaml/zz_marshal.go:52.49,56.16 4 1
utilgo/experimental/pkg/serialization/yaml/zz_marshal.go:56.16,58.13 2 0
utilgo/experimental/pkg/serialization/yaml/zz_marshal.go:60.2,61.16 2 1
utilgo/experimental/pkg/serialization/yaml/zz_marshal.go:61.16,63.13 2 1
utilgo/experimental/pkg/serialization/yaml/zz_marshal.go:65.2,65.8 1 1
utilgo/experimental/pkg/serialization/yaml/zz_unmarshal.go:15.55,16.50 1 1
utilgo/experimental/pkg/serialization/yaml/zz_unmarshal.go:16.50,19.3 2 1
utilgo/experimental/pkg/serialization/yaml/zz_unmarshal.go:20.2,20.8 1 1
utilgo/experimental/pkg/serialization/yaml/zz_unmarshal.go:25.48,27.50 2 1
utilgo/experimental/pkg/serialization/yaml/zz_unmarshal.go:27.50,29.13 2 1
utilgo/experimental/pkg/serialization/yaml/zz_unmarshal.go:31.2,31.8 1 1
utilgo/experimental/pkg/serialization/yaml/zz_unmarshal.go:37.71,38.50 1 1
utilgo/experimental/pkg/serialization/yaml/zz_unmarshal.go:38.50,41.3 2 0
utilgo/experimental/pkg/serialization/yaml/zz_unmarshal.go:42.2,42.38 1 1
utilgo/experimental/pkg/serialization/yaml/zz_unmarshal.go:42.38,45.3 2 1
utilgo/experimental/pkg/serialization/yaml/zz_unmarshal.go:46.2,46.8 1 0
utilgo/experimental/pkg/serialization/yaml/zz_unmarshal.go:52.64,54.50 2 1
utilgo/experimental/pkg/serialization/yaml/zz_unmarshal.go:54.50,56.13 2 0
utilgo/experimental/pkg/serialization/yaml/zz_unmarshal.go:58.2,58.38 1 1
utilgo/experimental/pkg/serialization/yaml/zz_unmarshal.go:58.38,60.13 2 1
utilgo/experimental/pkg/serialization/yaml/zz_unmarshal.go:62.2,62.8 1 0
utilgo/experimental/pkg/serialization/yaml/zz_unmarshal.go:67.59,68.50 1 1
utilgo/experimental/pkg/serialization/yaml/zz_unmarshal.go:68.50,71.3 2 1
utilgo/experimental/pkg/serialization/yaml/zz_unmarshal.go:72.2,72.8 1 1
utilgo/experimental/pkg/serialization/yaml/zz_unmarshal.go:77.51,79.50 2 1
utilgo/experimental/pkg/serialization/yaml/zz_unmarshal.go:79.50,81.13 2 1
utilgo/experimental/pkg/serialization/yaml/zz_unmarshal.go:83.2,83.8 1 1
utilgo/experimental/pkg/serialization/yaml/zz_unmarshal.go:89.75,90.50 1 1
utilgo/experimental/pkg/serialization/yaml/zz_unmarshal.go:90.50,93.3 2 0
utilgo/experimental/pkg/serialization/yaml/zz_unmarshal.go:94.2,94.38 1 1
utilgo/experimental/pkg/serialization/yaml/zz_unmarshal.go:94.38,97.3 2 1
utilgo/experimental/pkg/serialization/yaml/zz_unmarshal.go:98.2,98.8 1 0
utilgo/experimental/pkg/serialization/yaml/zz_unmarshal.go:104.67,106.50 2 1
utilgo/experimental/pkg/serialization/yaml/zz_unmarshal.go:106.50,108.13 2 0
utilgo/experimental/pkg/serialization/yaml/zz_unmarshal.go:110.2,110.38 1 1
utilgo/experimental/pkg/serialization/yaml/zz_unmarshal.go:110.38,112.13 2 1
utilgo/experimental/pkg/serialization/yaml/zz_unmarshal.go:114.2,114.8 1 0
utilgo/experimental/pkg/serialization/yaml/zz_unmarshal.go:119.59,121.16 2 1
utilgo/experimental/pkg/serialization/yaml/zz_unmarshal.go:121.16,124.3 2 1
utilgo/experimental/pkg/serialization/yaml/zz_unmarshal.go:125.2,125.50 1 1
utilgo/experimental/pkg/serialization/yaml/zz_unmarshal.go:125.50,128.3 2 1
utilgo/experimental/pkg/serialization/yaml/zz_unmarshal.go:129.2,129.8 1 1
utilgo/experimental/pkg/serialization/yaml/zz_unmarshal.go:134.52,137.16 3 1
utilgo/experimental/pkg/serialization/yaml/zz_unmarshal.go:137.16,139.13 2 1
utilgo/experimental/pkg/serialization/yaml/zz_unmarshal.go:141.2,141.50 1 1
utilgo/experimental/pkg/serialization/yaml/zz_unmarshal.go:141.50,143.13 2 1
utilgo/experimental/pkg/serialization/yaml/zz_unmarshal.go:145.2,145.8 1 1
utilgo/experimental/pkg/serialization/yaml/zz_unmarshal.go:151.75,153.16 2 1
utilgo/experimental/pkg/serialization/yaml/zz_unmarshal.go:153.16,156.3 2 0
utilgo/experimental/pkg/serialization/yaml/zz_unmarshal.go:157.2,157.50 1 1
utilgo/experimental/pkg/serialization/yaml/zz_unmarshal.go:157.50,160.3 2 0
utilgo/experimental/pkg/serialization/yaml/zz_unmarshal.go:161.2,161.38 1 1
utilgo/experimental/pkg/serialization/yaml/zz_unmarshal.go:161.38,164.3 2 1
utilgo/experimental/pkg/serialization/yaml/zz_unmarshal.go:165.2,165.8 1 0
utilgo/experimental/pkg/serialization/yaml/zz_unmarshal.go:171.68,174.16 3 1
utilgo/experimental/pkg/serialization/yaml/zz_unmarshal.go:174.16,176.13 2 0
utilgo/experimental/pkg/serialization/yaml/zz_unmarshal.go:178.2,178.50 1 1
utilgo/experimental/pkg/serialization/yaml/zz_unmarshal.go:178.50,180.13 2 0
utilgo/experimental/pkg/serialization/yaml/zz_unmarshal.go:182.2,182.38 1 1
utilgo/experimental/pkg/serialization/yaml/zz_unmarshal.go:182.38,184.13 2 1
utilgo/experimental/pkg/serialization/yaml/zz_unmarshal.go:186.2,186.8 1 0
utilgo/experimental/pkg/serialization/yaml/zz_unmarshal.go:191.63,193.16 2 1
utilgo/experimental/pkg/serialization/yaml/zz_unmarshal.go:193.16,196.3 2 1
utilgo/experimental/pkg/serialization/yaml/zz_unmarshal.go:197.2,197.50 1 1
utilgo/experimental/pkg/serialization/yaml/zz_unmarshal.go:197.50,200.3 2 1
utilgo/experimental/pkg/serialization/yaml/zz_unmarshal.go:201.2,201.8 1 1
utilgo/experimental/pkg/serialization/yaml/zz_unmarshal.go:206.55,209.16 3 1
utilgo/experimental/pkg/serialization/yaml/zz_unmarshal.go:209.16,211.13 2 1
utilgo/experimental/pkg/serialization/yaml/zz_unmarshal.go:213.2,213.50 1 1
utilgo/experimental/pkg/serialization/yaml/zz_unmarshal.go:213.50,215.13 2 1
utilgo/experimental/pkg/serialization/yaml/zz_unmarshal.go:217.2,217.8 1 1
utilgo/experimental/pkg/serialization/yaml/zz_unmarshal.go:223.79,225.16 2 1
utilgo/experimental/pkg/serialization/yaml/zz_unmarshal.go:225.16,228.3 2 0
utilgo/experimental/pkg/serialization/yaml/zz_unmarshal.go:229.2,229.50 1 1
utilgo/experimental/pkg/serialization/yaml/zz_unmarshal.go:229.50,232.3 2 0
utilgo/experimental/pkg/serialization/yaml/zz_unmarshal.go:233.2,233.38 1 1
utilgo/experimental/pkg/serialization/yaml/zz_unmarshal.go:233.38,236.3 2 1
utilgo/experimental/pkg/serialization/yaml/zz_unmarshal.go:237.2,237.8 1 0
utilgo/experimental/pkg/serialization/yaml/zz_unmarshal.go:243.71,246.16 3 1
utilgo/experimental/pkg/serialization/yaml/zz_unmarshal.go:246.16,248.13 2 0
utilgo/experimental/pkg/serialization/yaml/zz_unmarshal.go:250.2,250.50 1 1
utilgo/experimental/pkg/serialization/yaml/zz_unmarshal.go:250.50,252.13 2 0
utilgo/experimental/pkg/serialization/yaml/zz_unmarshal.go:254.2,254.38 1 1
utilgo/experimental/pkg/serialization/yaml/zz_unmarshal.go:254.38,256.13 2 1
utilgo/experimental/pkg/serialization/yaml/zz_unmarshal.go:258.2,258.8 1 0
utilgo/experimental/pkg/serialization/yaml/zz_unmarshal.go:263.66,265.16 2 1
utilgo/experimental/pkg/serialization/yaml/zz_unmarshal.go:265.16,268.3 2 1
utilgo/experimental/pkg/serialization/yaml/zz_unmarshal.go:269.2,269.50 1 1
utilgo/experimental/pkg/serialization/yaml/zz_unmarshal.go:269.50,272.3 2 1
utilgo/experimental/pkg/serialization/yaml/zz_unmarshal.go:273.2,273.8 1 1
utilgo/experimental/pkg/serialization/yaml/zz_unmarshal.go:278.59,281.16 3 1
utilgo/experimental/pkg/serialization/yaml/zz_unmarshal.go:281.16,283.13 2 1
utilgo/experimental/pkg/serialization/yaml/zz_unmarshal.go:285.2,285.50 1 1
utilgo/experimental/pkg/serialization/yaml/zz_unmarshal.go:285.50,287.13 2 1
utilgo/experimental/pkg/serialization/yaml/zz_unmarshal.go:289.2,289.8 1 1
utilgo/experimental/pkg/serialization/yaml/zz_unmarshal.go:295.82,297.16 2 1
utilgo/experimental/pkg/serialization/yaml/zz_unmarshal.go:297.16,300.3 2 0
utilgo/experimental/pkg/serialization/yaml/zz_unmarshal.go:301.2,301.50 1 1
utilgo/experimental/pkg/serialization/yaml/zz_unmarshal.go:301.50,304.3 2 0
utilgo/experimental/pkg/serialization/yaml/zz_unmarshal.go:305.2,305.38 1 1
utilgo/experimental/pkg/serialization/yaml/zz_unmarshal.go:305.38,308.3 2 1
utilgo/experimental/pkg/serialization/yaml/zz_unmarshal.go:309.2,309.8 1 0
utilgo/experimental/pkg/serialization/yaml/zz_unmarshal.go:315.75,318.16 3 1
utilgo/experimental/pkg/serialization/yaml/zz_unmarshal.go:318.16,320.13 2 0
utilgo/experimental/pkg/serialization/yaml/zz_unmarshal.go:322.2,322.50 1 1
utilgo/experimental/pkg/serialization/yaml/zz_unmarshal.go:322.50,324.13 2 0
utilgo/experimental/pkg/serialization/yaml/zz_unmarshal.go:326.2,326.38 1 1
utilgo/experimental/pkg/serialization/yaml/zz_unmarshal.go:326.38,328.13 2 1
utilgo/experimental/pkg/serialization/yaml/zz_unmarshal.go:330.2,330.8 1 0
utilgo/experimental/pkg/serialization/yaml/zz_unmarshal.go:335.70,337.16 2 1
utilgo/experimental/pkg/serialization/yaml/zz_unmarshal.go:337.16,340.3 2 1
utilgo/experimental/pkg/serialization/yaml/zz_unmarshal.go:341.2,341.50 1 1
utilgo/experimental/pkg/serialization/yaml/zz_unmarshal.go:341.50,344.3 2 1
utilgo/experimental/pkg/serialization/yaml/zz_unmarshal.go:345.2,345.8 1 1
utilgo/experimental/pkg/serialization/yaml/zz_unmarshal.go:350.62,353.16 3 1
utilgo/experimental/pkg/serialization/yaml/zz_unmarshal.go:353.16,355.13 2 1
utilgo/experimental/pkg/serialization/yaml/zz_unmarshal.go:357.2,357.50 1 1
utilgo/experimental/pkg/serialization/yaml/zz_unmarshal.go:357.50,359.13 2 1
utilgo/experimental/pkg/serialization/yaml/zz_unmarshal.go:361.2,361.8 1 1
utilgo/experimental/pkg/serialization/yaml/zz_unmarshal.go:367.86,369.16 2 1
utilgo/experimental/pkg/serialization/yaml/zz_unmarshal.go:369.16,372.3 2 0
utilgo/experimental/pkg/serialization/yaml/zz_unmarshal.go:373.2,373.50 1 1
utilgo/experimental/pkg/serialization/yaml/zz_unmarshal.go:373.50,376.3 2 0
utilgo/experimental/pkg/serialization/yaml/zz_unmarshal.go:377.2,377.38 1 1
utilgo/experimental/pkg/serialization/yaml/zz_unmarshal.go:377.38,380.3 2 1
utilgo/experimental/pkg/serialization/yaml/zz_unmarshal.go:381.2,381.8 1 0
utilgo/experimental/pkg/serialization/yaml/zz_unmarshal.go:387.78,390.16 3 1
utilgo/experimental/pkg/serialization/yaml/zz_unmarshal.go:390.16,392.13 2 0
utilgo/experimental/pkg/serialization/yaml/zz_unmarshal.go:394.2,394.50 1 1
utilgo/experimental/pkg/serialization/yaml/zz_unmarshal.go:394.50,396.13 2 0
utilgo/experimental/pkg/serialization/yaml/zz_unmarshal.go:398.2,398.38 1 1
utilgo/experimental/pkg/serialization/yaml/zz_unmarshal.go:398.38,400.13 2 1
utilgo/experimental/pkg/serialization/yaml/zz_unmarshal.go:402.2,402.8 1 0
utilgo/pkg/cmdutil/traverse_flags.go:24.63,29.2 4 0
utilgo/pkg/cmdutil/traverse_flags.go:32.40,36.2 3 0
utilgo/pkg/cmdutil/traverse_flags.go:39.59,40.24 1 0
utilgo/pkg/cmdutil/traverse_flags.go:40.24,42.3 1 0
utilgo/pkg/cmdutil/traverse_flags.go:44.2,45.16 2 0
utilgo/pkg/cmdutil/traverse_flags.go:45.16,47.3 1 0
utilgo/pkg/cmdutil/traverse_flags.go:49.2,50.60 2 0
utilgo/pkg/cmdutil/traverse_flags.go:50.60,51.56 1 0
utilgo/pkg/cmdutil/traverse_flags.go:51.56,53.4 1 0
utilgo/pkg/cmdutil/traverse_flags.go:56.2,57.67 2 0
utilgo/pkg/errs/errors.go:19.33,19.84 1 1
utilgo/pkg/errs/errors.go:22.32,24.18 2 1
utilgo/pkg/errs/errors.go:24.18,26.3 1 0
utilgo/pkg/errs/errors.go:28.2,31.29 4 1
utilgo/pkg/errs/errors.go:31.29,34.3 2 1
utilgo/pkg/errs/errors.go:35.2,36.20 2 1
utilgo/pkg/errs/errors.go:40.34,42.2 1 1
utilgo/pkg/errs/errors.go:45.31,46.25 1 1
utilgo/pkg/errs/errors.go:46.25,48.3 1 1
utilgo/pkg/errs/errors.go:49.2,49.26 1 1
utilgo/pkg/errs/errors.go:55.39,56.16 1 1
utilgo/pkg/errs/errors.go:56.16,58.3 1 0
utilgo/pkg/errs/errors.go:59.2,59.22 1 1
utilgo/pkg/errs/errors.go:65.65,66.22 1 1
utilgo/pkg/errs/errors.go:66.22,68.3 1 0
utilgo/pkg/errs/errors.go:69.2,69.42 1 1
utilgo/pkg/errs/error.go:11.31,11.51 1 1
utilgo/pkg/errs/error.go:15.26,15.45 1 1
utilgo/pkg/errs/error.go:19.45,21.2 1 1
utilgo/pkg/errs/wrapped.go:19.38,19.92 1 1
utilgo/pkg/errs/wrapped.go:23.38,23.58 1 0
utilgo/pkg/errs/wrapped.go:25.45,27.2 1 0
utilgo/pkg/errs/wrapped.go:32.48,34.19 2 1
utilgo/pkg/errs/wrapped.go:35.9,36.13 1 1
utilgo/pkg/errs/wrapped.go:38.9,42.4 1 1
utilgo/pkg/errs/wrapped.go:44.10,48.4 1 0
utilgo/pkg/errs/wrapped.go:52.60,55.27 3 0
utilgo/pkg/errs/wrapped.go:55.27,56.50 1 0
utilgo/pkg/errs/wrapped.go:56.50,58.4 1 0
utilgo/pkg/errs/wrapped.go:58.9,59.9 1 0
utilgo/pkg/errs/wrapped.go:62.2,63.59 2 0
utilgo/pkg/files/glob_matcher.go:20.63,25.2 1 0
utilgo/pkg/files/glob_matcher.go:29.51,30.25 1 0
utilgo/pkg/files/glob_matcher.go:30.25,32.3 1 0
utilgo/pkg/files/glob_matcher.go:33.2,34.57 1 0
utilgo/pkg/files/glob_matcher.go:34.57,37.4 2 0
utilgo/pkg/files/glob_matcher.go:41.51,43.57 1 0
utilgo/pkg/files/glob_matcher.go:43.57,46.4 2 0
utilgo/pkg/files/glob_matcher.go:50.48,52.2 1 0
utilgo/pkg/files/glob_matcher.go:57.97,59.81 2 0
utilgo/pkg/files/glob_matcher.go:59.81,60.17 1 0
utilgo/pkg/files/glob_matcher.go:60.17,63.4 2 0
utilgo/pkg/files/glob_matcher.go:65.3,65.16 1 0
utilgo/pkg/files/glob_matcher.go:65.16,66.24 1 0
utilgo/pkg/files/glob_matcher.go:66.24,69.5 2 0
utilgo/pkg/files/glob_matcher.go:70.4,70.14 1 0
utilgo/pkg/files/glob_matcher.go:73.3,73.20 1 0
utilgo/pkg/files/glob_matcher.go:73.20,75.18 2 0
utilgo/pkg/files/glob_matcher.go:75.18,78.5 2 0
utilgo/pkg/files/glob_matcher.go:80.4,80.50 1 0
utilgo/pkg/files/glob_matcher.go:80.50,82.5 1 0
utilgo/pkg/files/glob_matcher.go:85.3,85.13 1 0
utilgo/pkg/files/glob_matcher.go:88.2,89.25 2 0
utilgo/pkg/flags/csv.go:19.37,21.2 1 1
utilgo/pkg/flags/csv.go:25.46,28.2 2 1
utilgo/pkg/flags/csv.go:33.31,35.2 1 1
utilgo/pkg/flags/csv.go:38.43,40.31 2 1
utilgo/pkg/flags/csv.go:40.31,42.17 2 1
utilgo/pkg/flags/csv.go:42.17,44.4 1 1
utilgo/pkg/flags/csv.go:45.3,45.25 1 1
utilgo/pkg/flags/csv.go:47.2,47.18 1 1
utilgo/pkg/flags/csv.go:51.49,53.31 2 1
utilgo/pkg/flags/csv.go:53.31,55.17 2 1
utilgo/pkg/flags/csv.go:55.17,57.4 1 1
utilgo/pkg/flags/csv.go:58.3,58.29 1 1
utilgo/pkg/flags/csv.go:60.2,60.20 1 1
utilgo/pkg/flags/csv.go:64.81,66.33 2 1
utilgo/pkg/flags/csv.go:66.33,68.17 2 1
utilgo/pkg/flags/csv.go:68.17,70.4 1 1
utilgo/pkg/flags/csv.go:71.3,71.31 1 1
utilgo/pkg/flags/csv.go:73.2,73.17 1 1
utilgo/pkg/flags/file.go:22.63,28.2 2 1
utilgo/pkg/flags/file.go:33.36,35.2 1 1
utilgo/pkg/flags/file.go:42.45,43.17 1 1
utilgo/pkg/flags/file.go:43.17,45.3 1 1
utilgo/pkg/flags/file.go:46.2,48.16 3 1
utilgo/pkg/flags/file.go:48.16,50.3 1 1
utilgo/pkg/flags/file.go:52.2,53.12 2 1
utilgo/pkg/flags/file.go:62.30,63.25 1 1
utilgo/pkg/flags/file.go:63.25,64.43 1 1
utilgo/pkg/flags/file.go:64.43,66.4 1 0
utilgo/pkg/flags/file.go:68.2,68.18 1 1
utilgo/pkg/flags/file.go:73.39,74.29 1 1
utilgo/pkg/flags/file.go:75.14,76.28 1 1
utilgo/pkg/flags/file.go:78.10,79.13 1 0
utilgo/pkg/flags/output_file.go:24.112,25.22 1 1
utilgo/pkg/flags/output_file.go:25.22,27.3 1 1
utilgo/pkg/flags/output_file.go:28.2,32.24 2 1
utilgo/pkg/flags/output_file.go:38.42,39.19 1 1
utilgo/pkg/flags/output_file.go:39.19,41.3 1 0
utilgo/pkg/flags/output_file.go:42.2,42.19 1 1
utilgo/pkg/flags/output_file.go:50.51,51.15 1 1
utilgo/pkg/flags/output_file.go:52.20,53.21 1 1
utilgo/pkg/flags/output_file.go:55.16,56.21 1 1
utilgo/pkg/flags/output_file.go:58.10,60.18 2 1
utilgo/pkg/flags/output_file.go:60.18,62.4 1 1
utilgo/pkg/flags/output_file.go:63.3,64.17 2 1
utilgo/pkg/flags/output_file.go:64.17,66.4 1 1
utilgo/pkg/flags/output_file.go:68.2,69.12 2 1
utilgo/pkg/flags/output_file.go:76.36,77.19 1 1
utilgo/pkg/flags/output_file.go:77.19,78.43 1 1
utilgo/pkg/flags/output_file.go:78.43,80.4 1 0
utilgo/pkg/flags/output_file.go:82.2,82.15 1 1
utilgo/pkg/flags/output_file.go:88.50,89.29 1 1
utilgo/pkg/flags/output_file.go:90.15,91.12 1 0
utilgo/pkg/flags/output_file.go:93.16,94.11 1 1
utilgo/pkg/flags/output_file.go:96.22,97.11 1 0
utilgo/pkg/flags/output_file.go:99.10,100.13 1 0
utilgo/pkg/logs/handlers/null.go:16.68,16.84 1 0
utilgo/pkg/logs/handlers/null.go:19.69,19.83 1 0
utilgo/pkg/logs/handlers/null.go:22.60,22.72 1 0
utilgo/pkg/logs/handlers/null.go:25.55,25.67 1 0
utilgo/pkg/logs/handlers/tee.go:16.59,17.24 1 0
utilgo/pkg/logs/handlers/tee.go:17.24,19.3 1 0
utilgo/pkg/logs/handlers/tee.go:20.2,20.29 1 0
utilgo/pkg/logs/handlers/tee.go:25.71,26.28 1 0
utilgo/pkg/logs/handlers/tee.go:26.28,27.32 1 0
utilgo/pkg/logs/handlers/tee.go:27.32,29.4 1 0
utilgo/pkg/logs/handlers/tee.go:31.2,31.14 1 0
utilgo/pkg/logs/handlers/tee.go:36.75,38.28 2 0
utilgo/pkg/logs/handlers/tee.go:38.28,39.42 1 0
utilgo/pkg/logs/handlers/tee.go:39.42,40.12 1 0
utilgo/pkg/logs/handlers/tee.go:42.3,42.53 1 0
utilgo/pkg/logs/handlers/tee.go:42.53,44.4 1 0
utilgo/pkg/logs/handlers/tee.go:46.2,46.23 1 0
utilgo/pkg/logs/handlers/tee.go:51.63,53.28 2 0
utilgo/pkg/logs/handlers/tee.go:53.28,55.3 1 0
utilgo/pkg/logs/handlers/tee.go:56.2,56.38 1 0
utilgo/pkg/logs/handlers/tee.go:61.57,63.28 2 0
utilgo/pkg/logs/handlers/tee.go:63.28,65.3 1 0
utilgo/pkg/logs/handlers/tee.go:66.2,66.38 1 0
utilgo/pkg/logs/logs.go:13.35,13.72 1 0
utilgo/pkg/logs/logs.go:18.56,20.33 2 0
utilgo/pkg/logs/logs.go:20.33,22.3 1 0
utilgo/pkg/logs/logs.go:23.2,23.48 1 0
utilgo/pkg/logs/options.go:40.48,41.28 1 0
utilgo/pkg/logs/options.go:41.28,43.3 1 0
utilgo/pkg/logs/options.go:44.2,45.35 2 0
utilgo/pkg/logs/options.go:46.20,47.19 1 0
utilgo/pkg/logs/options.go:48.16,49.19 1 0
utilgo/pkg/logs/options.go:50.10,52.31 2 0
utilgo/pkg/logs/options.go:52.31,54.4 1 0
utilgo/pkg/logs/options.go:55.3,58.17 4 0
utilgo/pkg/logs/options.go:58.17,59.14 1 0
utilgo/pkg/logs/options.go:62.2,65.61 1 0
utilgo/pkg/logs/options.go:65.61,66.39 1 0
utilgo/pkg/logs/options.go:66.39,68.5 1 0
utilgo/pkg/logs/options.go:69.4,69.12 1 0
utilgo/pkg/logs/options.go:72.2,72.20 1 0
utilgo/pkg/logs/options.go:72.20,74.3 1 0
utilgo/pkg/logs/options.go:74.8,76.3 1 0
utilgo/pkg/logs/slog_attrs.go:7.33,8.16 1 0
utilgo/pkg/logs/slog_attrs.go:8.16,13.3 1 0
utilgo/pkg/logs/slog_attrs.go:14.2,17.3 1 0
utilgo/pkg/maputil/maputil.go:10.63,13.22 3 1
utilgo/pkg/maputil/maputil.go:13.22,16.3 2 1
utilgo/pkg/maputil/maputil.go:18.2,18.41 1 1
utilgo/pkg/maputil/maputil.go:18.41,20.3 1 1
utilgo/pkg/maputil/maputil.go:21.2,21.15 1 1
utilgo/pkg/reflectutil/reflectutil.go:13.30,16.42 3 1
utilgo/pkg/reflectutil/reflectutil.go:16.42,18.3 1 1
utilgo/pkg/reflectutil/reflectutil.go:19.2,19.29 1 1
utilgo/pkg/reflectutil/reflectutil.go:20.23,21.14 1 1
utilgo/pkg/reflectutil/reflectutil.go:23.20,24.20 1 0
utilgo/pkg/reflectutil/reflectutil.go:29.41,30.21 1 1
utilgo/pkg/reflectutil/reflectutil.go:32.21,33.35 1 1
utilgo/pkg/reflectutil/reflectutil.go:33.35,35.4 1 1
utilgo/pkg/reflectutil/reflectutil.go:36.3,36.33 1 1
utilgo/pkg/reflectutil/reflectutil.go:36.33,38.24 2 1
utilgo/pkg/reflectutil/reflectutil.go:38.24,40.5 1 1
utilgo/pkg/reflectutil/reflectutil.go:42.3,42.14 1 0
utilgo/pkg/reflectutil/reflectutil.go:44.20,45.49 1 1
utilgo/pkg/reflectutil/reflectutil.go:45.49,47.4 1 1
utilgo/pkg/reflectutil/reflectutil.go:49.20,50.32 1 1
utilgo/pkg/reflectutil/reflectutil.go:50.32,52.4 1 1
utilgo/pkg/reflectutil/reflectutil.go:54.19,55.49 1 1
utilgo/pkg/reflectutil/reflectutil.go:55.49,57.4 1 1
utilgo/pkg/reflectutil/reflectutil.go:59.3,60.33 2 1
utilgo/pkg/reflectutil/reflectutil.go:60.33,63.36 3 1
utilgo/pkg/reflectutil/reflectutil.go:63.36,65.5 1 1
utilgo/pkg/reflectutil/reflectutil.go:67.3,67.14 1 1
utilgo/pkg/reflectutil/reflectutil.go:69.23,70.51 1 1
utilgo/pkg/reflectutil/reflectutil.go:72.21,73.49 1 1
utilgo/pkg/reflectutil/reflectutil.go:73.49,75.4 1 1
utilgo/pkg/reflectutil/reflectutil.go:76.3,76.33 1 1
utilgo/pkg/reflectutil/reflectutil.go:76.33,78.24 2 1
utilgo/pkg/reflectutil/reflectutil.go:78.24,80.5 1 1
utilgo/pkg/reflectutil/reflectutil.go:82.3,82.14 1 1
utilgo/pkg/reflectutil/reflectutil.go:84.22,85.21 1 1
utilgo/pkg/reflectutil/reflectutil.go:87.25,88.35 1 0
utilgo/pkg/reflectutil/reflectutil.go:90.29,91.38 1 0
utilgo/pkg/reflectutil/reflectutil.go:93.10,94.19 1 0
utilgo/pkg/reflectutil/reflectutil.go:97.2,97.14 1 1
utilgo/pkg/sets/map_set.go:22.49,24.29 2 1
utilgo/pkg/sets/map_set.go:24.29,26.3 1 1
utilgo/pkg/sets/map_set.go:27.2,27.15 1 1
utilgo/pkg/sets/map_set.go:31.33,32.29 1 1
utilgo/pkg/sets/map_set.go:32.29,34.3 1 1
utilgo/pkg/sets/map_set.go:38.42,41.2 2 1
utilgo/pkg/sets/map_set.go:44.44,49.2 4 1
utilgo/pkg/sets/map_set.go:52.49,55.29 3 1
utilgo/pkg/sets/map_set.go:55.29,57.3 1 1
utilgo/pkg/sets/map_set.go:58.2,58.15 1 1
utilgo/pkg/sets/map_set.go:62.51,64.19 2 1
utilgo/pkg/sets/map_set.go:64.19,65.28 1 1
utilgo/pkg/sets/map_set.go:65.28,67.4 1 1
utilgo/pkg/sets/map_set.go:69.2,69.15 1 1
utilgo/pkg/sets/map_set.go:73.56,75.29 2 1
utilgo/pkg/sets/map_set.go:75.29,76.24 1 1
utilgo/pkg/sets/map_set.go:76.24,78.4 1 1
utilgo/pkg/sets/map_set.go:80.2,80.15 1 1
utilgo/pkg/sets/map_set.go:84.49,86.23 2 1
utilgo/pkg/sets/map_set.go:86.23,88.3 1 1
utilgo/pkg/sets/map_set.go:89.2,89.15 1 1
utilgo/pkg/sets/map_set.go:93.54,95.29 2 1
utilgo/pkg/sets/map_set.go:95.29,97.3 1 1
utilgo/pkg/sets/map_set.go:98.2,98.15 1 1
utilgo/pkg/sets/map_set.go:102.50,104.19 2 1
utilgo/pkg/sets/map_set.go:104.19,105.24 1 1
utilgo/pkg/sets/map_set.go:105.24,107.4 1 1
utilgo/pkg/sets/map_set.go:107.9,109.4 1 1
utilgo/pkg/sets/map_set.go:112.2,112.24 1 1
utilgo/pkg/sets/map_set.go:112.24,113.21 1 1
utilgo/pkg/sets/map_set.go:113.21,114.12 1 1
utilgo/pkg/sets/map_set.go:116.3,116.17 1 1
utilgo/pkg/sets/map_set.go:118.2,118.12 1 1
utilgo/pkg/sets/map_set.go:122.33,124.19 2 1
utilgo/pkg/sets/map_set.go:124.19,126.3 1 1
utilgo/pkg/sets/map_set.go:127.2,128.58 2 1
utilgo/pkg/sets/tiny_set.go:16.57,18.29 2 1
utilgo/pkg/sets/tiny_set.go:18.29,20.3 1 1
utilgo/pkg/sets/tiny_set.go:21.2,21.15 1 1
utilgo/pkg/sets/tiny_set.go:25.43,27.31 2 1
utilgo/pkg/sets/tiny_set.go:27.31,29.3 1 1
utilgo/pkg/sets/tiny_set.go:30.2,30.55 1 1
utilgo/pkg/sets/tiny_set.go:34.37,34.60 1 0
utilgo/pkg/sets/tiny_set.go:37.42,37.60 1 0
utilgo/pkg/sets/tiny_set.go:40.56,42.29 1 1
utilgo/pkg/sets/tiny_set.go:42.29,43.29 1 1
utilgo/pkg/sets/tiny_set.go:43.29,44.14 1 1
utilgo/pkg/sets/tiny_set.go:44.14,45.19 1 1
utilgo/pkg/sets/tiny_set.go:48.3,48.15 1 1
utilgo/pkg/sets/tiny_set.go:50.2,50.13 1 1
utilgo/pkg/sets/tiny_set.go:54.47,55.32 1 1
utilgo/pkg/sets/tiny_set.go:55.32,56.30 1 1
utilgo/pkg/sets/tiny_set.go:56.30,58.4 1 1
utilgo/pkg/sets/tiny_set.go:63.50,65.2 1 0
utilgo/pkg/sets/tiny_set.go:68.62,70.29 2 1
utilgo/pkg/sets/tiny_set.go:70.29,71.29 1 1
utilgo/pkg/sets/tiny_set.go:71.29,73.4 1 1
utilgo/pkg/sets/tiny_set.go:75.2,75.15 1 1
utilgo/pkg/sets/tiny_set.go:79.69,81.31 2 1
utilgo/pkg/sets/tiny_set.go:81.31,82.27 1 1
utilgo/pkg/sets/tiny_set.go:82.27,84.4 1 1
utilgo/pkg/sets/tiny_set.go:86.2,86.15 1 1
utilgo/pkg/sets/tiny_set.go:90.67,92.31 2 1
utilgo/pkg/sets/tiny_set.go:92.31,93.28 1 1
utilgo/pkg/sets/tiny_set.go:93.28,95.4 1 1
utilgo/pkg/sets/tiny_set.go:97.2,97.15 1 1
utilgo/pkg/sets/tiny_set.go:101.68,107.2 1 1
utilgo/pkg/sets/tiny_set.go:111.63,113.32 2 1
utilgo/pkg/sets/tiny_set.go:113.32,114.29 1 1
utilgo/pkg/sets/tiny_set.go:114.29,116.4 1 1
utilgo/pkg/sets/tiny_set.go:118.2,118.15 1 1
utilgo/pkg/sets/tiny_set.go:122.70,125.2 2 1
utilgo/pkg/sets/tiny_set.go:128.68,131.2 2 1
utilgo/pkg/sliceutil/crop.go:11.54,12.9 1 1
utilgo/pkg/sliceutil/crop.go:13.32,14.15 1 1
utilgo/pkg/sliceutil/crop.go:16.33,17.13 1 1
utilgo/pkg/sliceutil/crop.go:19.14,20.19 1 1
utilgo/pkg/sliceutil/crop.go:22.25,23.19 1 1
utilgo/pkg/sliceutil/crop.go:26.2,28.31 3 1
utilgo/pkg/sliceutil/crop.go:34.53,36.2 1 1
utilgo/pkg/sliceutil/crop.go:41.60,44.28 3 1
utilgo/pkg/sliceutil/crop.go:44.28,46.3 1 1
utilgo/pkg/sliceutil/crop.go:48.2,48.27 1 1
utilgo/pkg/sliceutil/crop.go:54.62,56.34 2 1
utilgo/pkg/sliceutil/crop.go:56.34,57.26 1 1
utilgo/pkg/sliceutil/crop.go:57.26,59.4 1 1
utilgo/pkg/sliceutil/crop.go:61.2,61.27 1 1
utilgo/pkg/sliceutil/crop.go:67.67,69.34 2 1
utilgo/pkg/sliceutil/crop.go:69.34,70.42 1 1
utilgo/pkg/sliceutil/crop.go:70.42,73.4 2 1
utilgo/pkg/sliceutil/crop.go:75.2,75.27 1 1
utilgo/pkg/sliceutil/products.go:6.44,10.30 4 1
utilgo/pkg/sliceutil/products.go:10.30,11.20 1 1
utilgo/pkg/sliceutil/products.go:11.20,18.4 6 1
utilgo/pkg/sliceutil/products.go:21.2,21.17 1 1
utilgo/pkg/sliceutil/products.go:25.49,26.22 1 1
utilgo/pkg/sliceutil/products.go:26.22,28.3 1 1
utilgo/pkg/sliceutil/products.go:30.2,31.31 2 1
utilgo/pkg/sliceutil/products.go:31.31,33.41 2 1
utilgo/pkg/sliceutil/products.go:33.41,34.31 1 1
utilgo/pkg/sliceutil/products.go:34.31,39.5 4 1
utilgo/pkg/sliceutil/products.go:41.3,41.24 1 1
utilgo/pkg/sliceutil/products.go:44.2,44.16 1 1
utilgo/pkg/sliceutil/products.go:48.46,50.35 2 1
utilgo/pkg/sliceutil/products.go:50.35,52.3 1 1
utilgo/pkg/sliceutil/products.go:53.2,53.15 1 1
utilgo/pkg/sliceutil/products.go:57.46,59.35 2 1
utilgo/pkg/sliceutil/products.go:59.35,61.3 1 1
utilgo/pkg/sliceutil/products.go:62.2,62.15 1 1
utilgo/pkg/sliceutil/slicing.go:9.55,11.19 2 1
utilgo/pkg/sliceutil/slicing.go:11.19,13.3 1 0
utilgo/pkg/sliceutil/slicing.go:15.2,15.14 1 1
utilgo/pkg/sliceutil/slicing.go:15.14,17.3 1 1
utilgo/pkg/sliceutil/slicing.go:18.2,18.12 1 1
utilgo/pkg/sliceutil/slicing.go:18.12,20.3 1 1
utilgo/pkg/sliceutil/slicing.go:22.2,25.16 3 1
utilgo/pkg/sliceutil/slicing.go:25.16,27.3 1 1
utilgo/pkg/sliceutil/slicing.go:29.2,29.23 1 1
utilgo/pkg/sliceutil/slicing.go:33.67,35.19 2 1
utilgo/pkg/sliceutil/slicing.go:35.19,37.3 1 0
utilgo/pkg/sliceutil/slicing.go:39.2,39.14 1 1
utilgo/pkg/sliceutil/slicing.go:39.14,41.3 1 0
utilgo/pkg/sliceutil/slicing.go:42.2,42.12 1 1
utilgo/pkg/sliceutil/slicing.go:42.12,44.3 1 0
utilgo/pkg/sliceutil/slicing.go:46.2,49.56 3 1
utilgo/pkg/stringutil/indentation.go:39.51,42.28 3 1
utilgo/pkg/stringutil/indentation.go:42.28,44.24 2 1
utilgo/pkg/stringutil/indentation.go:44.24,45.9 1 1
utilgo/pkg/stringutil/indentation.go:48.2,51.28 4 1
utilgo/pkg/stringutil/indentation.go:51.28,53.24 2 1
utilgo/pkg/stringutil/indentation.go:53.24,55.12 2 1
utilgo/pkg/stringutil/indentation.go:57.3,61.41 5 1
utilgo/pkg/stringutil/indentation.go:61.41,63.4 1 1
utilgo/pkg/stringutil/indentation.go:66.2,67.43 2 1
utilgo/pkg/stringutil/indentation.go:67.43,69.3 1 1
utilgo/pkg/stringutil/indentation.go:69.8,69.51 1 0
utilgo/pkg/stringutil/indentation.go:69.51,71.3 1 0
utilgo/pkg/stringutil/indentation.go:72.2,74.43 2 1
utilgo/pkg/stringutil/indentation.go:74.43,75.38 1 1
utilgo/pkg/stringutil/indentation.go:75.38,79.4 3 1
utilgo/pkg/stringutil/indentation.go:82.2,82.61 1 1
utilgo/pkg/stringutil/indentation.go:82.61,84.3 1 1
utilgo/pkg/stringutil/indentation.go:84.8,84.68 1 1
utilgo/pkg/stringutil/indentation.go:84.68,86.3 1 0
utilgo/pkg/stringutil/indentation.go:88.2,89.29 2 1
utilgo/pkg/stringutil/indentation.go:89.29,90.21 1 1
utilgo/pkg/stringutil/indentation.go:90.21,92.12 2 0
utilgo/pkg/stringutil/indentation.go:94.3,99.21 5 1
utilgo/pkg/stringutil/indentation.go:102.2,102.20 1 1
utilgo/pkg/stringutil/indentation.go:111.33,117.2 1 0
utilgo/pkg/stringutil/indentation.go:124.47,130.2 1 0
utilgo/pkg/stringutil/stringutil.go:6.58,7.22 1 1
utilgo/pkg/stringutil/stringutil.go:7.22,8.19 1 1
utilgo/pkg/stringutil/stringutil.go:8.19,10.4 1 1
utilgo/pkg/stringutil/stringutil.go:12.2,12.15 1 0
utilgo/pkg/stringutil/string.go:14.33,16.2 1 1
utilgo/pkg/stringutil/string.go:19.27,21.2 1 1
utilgo/pkg/stringutil/string.go:25.32,27.2 1 1
utilgo/pkg/stringutil/string.go:31.31,33.2 1 1
utilgo/pkg/stringutil/string.go:37.48,40.2 2 1
utilgo/pkg/stringutil/string.go:44.44,46.2 1 1
utilgo/pkg/stringutil/string.go:50.64,53.2 2 0
utilgo/pkg/stringutil/string.go:57.60,59.2 1 0
utilgo/pkg/stringutil/string.go:62.45,64.2 1 0
utilgo/pkg/stringutil/string.go:67.59,68.22 1 0
utilgo/pkg/stringutil/string.go:68.22,69.19 1 0
utilgo/pkg/stringutil/string.go:69.19,71.4 1 0
utilgo/pkg/stringutil/string.go:73.2,73.15 1 0
utilgo/pkg/stringutil/string.go:77.43,79.2 1 0
utilgo/pkg/stringutil/string.go:82.32,86.2 3 0
utilgo/pkg/timeutil/timeutil.go:13.37,15.2 1 0
utilgo/pkg/timeutil/timeutil.go:20.28,22.2 1 0
utilgo/pkg/tmplz/assignments.go:13.53,14.27 1 1
utilgo/pkg/tmplz/assignments.go:14.27,16.3 1 1
utilgo/pkg/tmplz/assignments.go:17.2,17.24 1 1
utilgo/pkg/tmplz/assignments.go:21.52,23.2 1 1
utilgo/pkg/tmplz/assignments.go:26.53,27.25 1 0
utilgo/pkg/tmplz/assignments.go:27.25,29.3 1 0
utilgo/pkg/tmplz/assignments.go:34.41,37.2 2 0
utilgo/pkg/tmplz/assignments.go:40.42,42.2 1 0
utilgo/pkg/tmplz/assignments.go:46.46,51.39 3 0
utilgo/pkg/tmplz/assignments.go:51.39,53.44 2 0
utilgo/pkg/tmplz/assignments.go:53.44,56.4 2 0
utilgo/pkg/tmplz/assignments.go:58.2,58.15 1 0
utilgo/pkg/tmplz/multi_template.go:29.41,31.44 2 1
utilgo/pkg/tmplz/multi_template.go:31.44,35.3 3 1
utilgo/pkg/tmplz/multi_template.go:36.2,36.34 1 1
utilgo/pkg/tmplz/multi_template.go:40.40,42.44 2 1
utilgo/pkg/tmplz/multi_template.go:42.44,46.3 3 1
utilgo/pkg/tmplz/multi_template.go:47.2,47.34 1 1
utilgo/pkg/tmplz/multi_template.go:51.38,53.44 2 1
utilgo/pkg/tmplz/multi_template.go:53.44,58.3 4 1
utilgo/pkg/tmplz/multi_template.go:59.2,59.55 1 1
utilgo/pkg/tmplz/multi_template.go:64.48,68.33 2 1
utilgo/pkg/tmplz/multi_template.go:68.33,70.3 1 1
utilgo/pkg/tmplz/multi_template.go:71.2,71.15 1 1
utilgo/pkg/tmplz/multi_template.go:79.83,82.42 3 1
utilgo/pkg/tmplz/multi_template.go:82.42,84.3 1 1
utilgo/pkg/tmplz/multi_template.go:85.2,85.18 1 0
utilgo/pkg/tmplz/multi_template.go:95.83,96.43 1 1
utilgo/pkg/tmplz/multi_template.go:96.43,99.3 2 1
utilgo/pkg/tmplz/multi_template.go:101.2,101.43 1 1
utilgo/pkg/tmplz/multi_template.go:101.43,103.36 2 1
utilgo/pkg/tmplz/multi_template.go:103.36,107.4 3 1
utilgo/pkg/tmplz/multi_template.go:110.2,110.15 1 1
utilgo/pkg/tmplz/multi_template.go:110.15,112.3 1 1
utilgo/pkg/tmplz/multi_template.go:113.2,113.18 1 1
utilgo/pkg/tmplz/node.go:25.39,28.21 3 1
utilgo/pkg/tmplz/node.go:28.21,30.3 1 1
utilgo/pkg/tmplz/node.go:34.30,37.21 3 1
utilgo/pkg/tmplz/node.go:37.21,39.3 1 1
utilgo/pkg/tmplz/node.go:43.39,45.10 2 1
utilgo/pkg/tmplz/node.go:45.10,47.3 1 1
utilgo/pkg/tmplz/node.go:48.2,48.21 1 1
utilgo/pkg/tmplz/node.go:48.21,49.12 1 1
utilgo/pkg/tmplz/node.go:49.12,51.4 1 1
utilgo/pkg/tmplz/node.go:52.3,52.29 1 1
utilgo/pkg/tmplz/node.go:57.31,58.21 1 1
utilgo/pkg/tmplz/node.go:58.21,60.3 1 1
utilgo/pkg/tmplz/node.go:61.2,61.16 1 1
utilgo/pkg/tmplz/node.go:65.24,66.39 1 1
utilgo/pkg/tmplz/node.go:66.39,68.15 2 1
utilgo/pkg/tmplz/node.go:68.15,69.12 1 0
utilgo/pkg/tmplz/node.go:71.3,72.28 2 1
utilgo/pkg/tmplz/node.go:72.28,73.78 1 0
utilgo/pkg/tmplz/node.go:75.3,75.13 1 1
utilgo/pkg/tmplz/node.go:80.31,82.32 2 1
utilgo/pkg/tmplz/node.go:82.32,84.3 1 1
utilgo/pkg/tmplz/node.go:85.2,85.47 1 1
utilgo/pkg/tmplz/node.go:89.30,91.32 2 1
utilgo/pkg/tmplz/node.go:91.32,93.3 1 1
utilgo/pkg/tmplz/node.go:94.2,94.72 1 1
utilgo/pkg/tmplz/node.go:98.28,105.2 6 1
utilgo/pkg/tmplz/node.go:107.28,109.31 2 1
utilgo/pkg/tmplz/node.go:109.31,112.3 2 1
utilgo/pkg/tmplz/node.go:113.2,113.20 1 1
utilgo/pkg/tmplz/node.go:117.29,124.35 2 1
utilgo/pkg/tmplz/node.go:124.35,128.3 3 1
utilgo/pkg/tmplz/node.go:129.2,129.15 1 1
utilgo/pkg/tmplz/node.go:135.77,140.2 4 1
utilgo/pkg/tmplz/node.go:149.73,150.35 1 1
utilgo/pkg/tmplz/node.go:150.35,152.3 1 1
utilgo/pkg/tmplz/node.go:154.2,154.26 1 1
utilgo/pkg/tmplz/node.go:154.26,156.40 2 1
utilgo/pkg/tmplz/node.go:156.40,158.4 1 1
utilgo/pkg/tmplz/node.go:159.3,159.40 1 1
utilgo/pkg/tmplz/node.go:159.40,161.4 1 1
utilgo/pkg/tmplz/node.go:162.3,163.9 2 1
utilgo/pkg/tmplz/node.go:163.9,165.4 1 1
utilgo/pkg/tmplz/node.go:166.3,166.12 1 1
utilgo/pkg/tmplz/node.go:169.2,170.42 2 1
utilgo/pkg/tmplz/node.go:170.42,172.50 2 1
utilgo/pkg/tmplz/node.go:172.50,177.51 5 1
utilgo/pkg/tmplz/node.go:177.51,180.5 2 1
utilgo/pkg/tmplz/node.go:183.2,184.15 2 1
utilgo/pkg/tmplz/node.go:184.15,186.3 1 1
utilgo/pkg/tmplz/node.go:187.2,187.18 1 1
utilgo/pkg/tmplz/parse.go:12.67,16.32 2 1
utilgo/pkg/tmplz/parse.go:16.32,18.3 1 1
utilgo/pkg/tmplz/parse.go:20.2,20.13 1 1
utilgo/pkg/tmplz/parse.go:24.40,32.6 4 1
utilgo/pkg/tmplz/parse.go:32.6,33.43 1 1
utilgo/pkg/tmplz/parse.go:33.43,36.11 3 1
utilgo/pkg/tmplz/parse.go:36.11,37.10 1 1
utilgo/pkg/tmplz/parse.go:41.3,43.17 3 1
utilgo/pkg/tmplz/parse.go:43.17,45.12 2 1
utilgo/pkg/tmplz/parse.go:47.3,49.20 3 1
utilgo/pkg/tmplz/parse.go:52.2,52.14 1 1
utilgo/pkg/tmplz/parse.go:56.49,57.40 1 1
utilgo/pkg/tmplz/parse.go:57.40,59.3 1 1
utilgo/pkg/tmplz/parse.go:61.2,67.31 3 1
utilgo/pkg/tmplz/parse.go:67.31,69.3 1 1
utilgo/pkg/tmplz/parse.go:71.2,71.48 1 1
utilgo/pkg/tmplz/parse_state.go:17.37,21.2 1 1
utilgo/pkg/tmplz/parse_state.go:24.37,26.2 1 0
utilgo/pkg/tmplz/parse_state.go:29.36,31.37 2 0
utilgo/pkg/tmplz/parse_state.go:31.37,32.20 1 0
utilgo/pkg/tmplz/parse_state.go:32.20,34.4 1 0
utilgo/pkg/tmplz/parse_state.go:35.3,35.33 1 0
utilgo/pkg/tmplz/parse_state.go:37.2,37.20 1 0
utilgo/pkg/tmplz/parse_state.go:41.39,42.31 1 1
utilgo/pkg/tmplz/parse_state.go:42.31,43.25 1 1
utilgo/pkg/tmplz/parse_state.go:43.25,45.4 1 1
utilgo/pkg/tmplz/parse_state.go:46.3,47.34 2 1
utilgo/pkg/tmplz/parse_state.go:49.2,49.27 1 1
utilgo/pkg/tmplz/parse_state.go:53.58,54.33 1 1
utilgo/pkg/tmplz/parse_state.go:54.33,56.3 1 1
utilgo/pkg/tmplz/parse_state.go:57.2,57.42 1 1
utilgo/pkg/tmplz/parse_state.go:57.42,58.23 1 1
utilgo/pkg/tmplz/parse_state.go:58.23,60.4 1 1
utilgo/pkg/tmplz/parse_state.go:62.2,62.18 1 1
utilgo/pkg/tmplz/parse_state.go:66.70,67.63 1 1
utilgo/pkg/tmplz/parse_state.go:67.63,69.3 1 1
utilgo/pkg/tmplz/parse_state.go:71.2,72.17 2 1
utilgo/pkg/tmplz/parse_state.go:72.17,74.3 1 1
utilgo/pkg/tmplz/parse_state.go:76.2,83.28 3 1
utilgo/pkg/tmplz/parse_state.go:83.28,85.3 1 1
utilgo/pkg/tmplz/parse_state.go:86.2,89.6 3 1
utilgo/pkg/tmplz/parse_state.go:89.6,90.37 1 1
utilgo/pkg/tmplz/parse_state.go:91.17,93.29 2 1
utilgo/pkg/tmplz/parse_state.go:95.19,97.18 2 1
utilgo/pkg/tmplz/parse_state.go:97.18,98.18 1 1
utilgo/pkg/tmplz/parse_state.go:98.18,100.6 1 1
utilgo/pkg/tmplz/parse_state.go:101.5,102.35 2 1
utilgo/pkg/tmplz/parse_state.go:104.4,105.19 2 1
utilgo/pkg/tmplz/parse_state.go:107.19,109.31 2 1
utilgo/pkg/tmplz/parse_state.go:111.33,113.27 2 1
utilgo/pkg/tmplz/parse_state.go:115.20,116.17 1 1
utilgo/pkg/tmplz/parse_state.go:116.17,118.5 1 1
utilgo/pkg/tmplz/parse_state.go:120.4,120.15 1 1
utilgo/pkg/tmplz/parse_state.go:121.20,124.14 3 1
utilgo/pkg/tmplz/parse_state.go:126.11,127.49 1 0
utilgo/pkg/tmplz/template.go:15.35,16.50 1 1
utilgo/pkg/tmplz/template.go:16.50,16.71 1 1
utilgo/pkg/tmplz/template.go:17.2,17.79 1 1
utilgo/pkg/tmplz/template.go:21.34,22.49 1 1
utilgo/pkg/tmplz/template.go:22.49,22.69 1 1
utilgo/pkg/tmplz/template.go:23.2,23.78 1 1
utilgo/pkg/tmplz/template.go:27.32,29.2 1 1
utilgo/pkg/tmplz/template.go:31.32,32.47 1 1
utilgo/pkg/tmplz/template.go:32.47,35.3 1 1
utilgo/pkg/tmplz/template.go:36.2,37.23 1 1
utilgo/pkg/tmplz/template.go:41.66,43.31 2 1
utilgo/pkg/tmplz/template.go:43.31,45.3 1 1
utilgo/pkg/tmplz/template.go:46.2,46.20 1 1
utilgo/pkg/tmplz/template.go:50.37,52.35 2 1
utilgo/pkg/tmplz/template.go:52.35,54.3 1 1
utilgo/pkg/tmplz/template.go:55.2,55.15 1 1
utilgo/pkg/tmplz/template.go:59.28,60.39 1 1
utilgo/pkg/tmplz/template.go:60.39,62.15 2 1
utilgo/pkg/tmplz/template.go:62.15,63.12 1 0
utilgo/pkg/tmplz/template.go:65.3,66.83 2 1
utilgo/pkg/tmplz/template.go:66.83,67.82 1 0
utilgo/pkg/tmplz/template.go:69.3,69.13 1 1
utilgo/pkg/tmplz/template.go:76.85,81.2 4 1
utilgo/pkg/tmplz/template.go:90.77,92.42 2 1
utilgo/pkg/tmplz/template.go:92.42,95.10 3 1
utilgo/pkg/tmplz/template.go:95.10,96.12 1 1
utilgo/pkg/tmplz/template.go:98.3,98.52 1 1
utilgo/pkg/tmplz/template.go:98.52,101.4 2 1
utilgo/pkg/tmplz/template.go:102.3,106.19 5 1
utilgo/pkg/tmplz/template.go:109.2,109.15 1 1
utilgo/pkg/tmplz/template.go:109.15,110.16 1 1
utilgo/pkg/tmplz/template.go:110.16,112.27 2 1
utilgo/pkg/tmplz/template.go:112.27,114.5 1 1
utilgo/pkg/tmplz/template.go:116.3,116.13 1 1
utilgo/pkg/tmplz/template.go:119.2,119.15 1 1
utilgo/pkg/tmplz/template.go:119.15,121.3 1 1
utilgo/pkg/tmplz/template.go:122.2,122.18 1 1
utilgo/pkg/tmplz/token.go:55.32,57.2 1 0
utilgo/pkg/tmplz/token.go:63.34,65.23 2 1
utilgo/pkg/tmplz/token.go:65.23,67.3 1 1
utilgo/pkg/tmplz/token.go:68.2,68.20 1 1
utilgo/pkg/tmplz/token.go:73.36,74.22 1 1
utilgo/pkg/tmplz/token.go:74.22,77.10 2 1
utilgo/pkg/tmplz/token.go:78.27,79.30 1 1
utilgo/pkg/tmplz/token.go:80.28,81.31 1 1
utilgo/pkg/tmplz/token.go:82.28,83.31 1 1
utilgo/pkg/tmplz/token.go:84.24,85.30 1 1
utilgo/pkg/tmplz/token.go:86.24,87.30 1 1
utilgo/pkg/tmplz/token.go:88.11,89.32 1 1
utilgo/pkg/tmplz/token.go:92.3,92.36 1 1
utilgo/pkg/tmplz/token.go:95.2,95.15 1 1
utilgo/test/test_data.go:41.45,43.2 1 0
