mode: set
utilgo/pkg/flags/csv.go:19.37,21.2 1 1
utilgo/pkg/flags/csv.go:25.46,28.2 2 1
utilgo/pkg/flags/csv.go:33.31,35.2 1 1
utilgo/pkg/flags/csv.go:38.43,40.31 2 1
utilgo/pkg/flags/csv.go:40.31,42.17 2 1
utilgo/pkg/flags/csv.go:42.17,44.4 1 1
utilgo/pkg/flags/csv.go:45.3,45.25 1 1
utilgo/pkg/flags/csv.go:47.2,47.18 1 1
utilgo/pkg/flags/csv.go:51.49,53.31 2 1
utilgo/pkg/flags/csv.go:53.31,55.17 2 1
utilgo/pkg/flags/csv.go:55.17,57.4 1 1
utilgo/pkg/flags/csv.go:58.3,58.29 1 1
utilgo/pkg/flags/csv.go:60.2,60.20 1 1
utilgo/pkg/flags/csv.go:64.81,66.33 2 1
utilgo/pkg/flags/csv.go:66.33,68.17 2 1
utilgo/pkg/flags/csv.go:68.17,70.4 1 1
utilgo/pkg/flags/csv.go:71.3,71.31 1 1
utilgo/pkg/flags/csv.go:73.2,73.17 1 1
utilgo/pkg/flags/file.go:18.37,20.2 1 1
utilgo/pkg/flags/file.go:25.46,28.16 3 1
utilgo/pkg/flags/file.go:28.16,30.3 1 1
utilgo/pkg/flags/file.go:32.2,33.12 2 1
utilgo/pkg/flags/file.go:39.31,41.2 1 1
utilgo/pkg/flags/file.go:44.40,46.2 1 1
utilgo/pkg/flags/output_file.go:16.71,18.2 1 1
utilgo/pkg/flags/output_file.go:21.42,23.2 1 1
utilgo/pkg/flags/output_file.go:26.51,29.2 2 1
utilgo/pkg/flags/output_file.go:34.36,35.22 1 1
utilgo/pkg/flags/output_file.go:35.22,37.3 1 1
utilgo/pkg/flags/output_file.go:38.2,39.16 2 1
utilgo/pkg/flags/output_file.go:39.16,41.3 1 1
utilgo/pkg/flags/output_file.go:42.2,42.13 1 1
utilgo/pkg/flags/output_file.go:46.59,47.29 1 1
utilgo/pkg/flags/output_file.go:48.13,49.16 1 1
utilgo/pkg/flags/output_file.go:50.16,51.16 1 1
utilgo/pkg/flags/output_file.go:52.10,53.64 1 0
utilgo/pkg/sliceutils/sliceutils.go:5.44,9.30 4 1
utilgo/pkg/sliceutils/sliceutils.go:9.30,10.20 1 1
utilgo/pkg/sliceutils/sliceutils.go:10.20,17.4 6 1
utilgo/pkg/sliceutils/sliceutils.go:20.2,20.17 1 1
utilgo/pkg/sliceutils/sliceutils.go:24.49,25.22 1 1
utilgo/pkg/sliceutils/sliceutils.go:25.22,27.3 1 1
utilgo/pkg/sliceutils/sliceutils.go:29.2,30.31 2 1
utilgo/pkg/sliceutils/sliceutils.go:30.31,32.41 2 1
utilgo/pkg/sliceutils/sliceutils.go:32.41,33.31 1 1
utilgo/pkg/sliceutils/sliceutils.go:33.31,38.5 4 1
utilgo/pkg/sliceutils/sliceutils.go:40.3,40.24 1 1
utilgo/pkg/sliceutils/sliceutils.go:43.2,43.16 1 1
utilgo/pkg/stringutils/stringutils.go:8.59,9.14 1 1
utilgo/pkg/stringutils/stringutils.go:9.14,11.3 1 1
utilgo/pkg/stringutils/stringutils.go:12.2,12.31 1 1
utilgo/pkg/stringutils/stringutils.go:12.31,14.3 1 1
utilgo/pkg/stringutils/stringutils.go:15.2,15.16 1 1
utilgo/pkg/stringutils/stringutils.go:15.16,17.3 1 1
utilgo/pkg/stringutils/stringutils.go:18.2,18.23 1 1
utilgo/pkg/stringutils/string.go:8.33,10.2 1 1
utilgo/pkg/stringutils/string.go:13.27,15.2 1 1
utilgo/pkg/stringutils/string.go:19.32,21.2 1 1
utilgo/pkg/stringutils/string.go:25.31,27.2 1 1
utilgo/pkg/stringutils/string.go:31.48,34.2 2 1
utilgo/pkg/stringutils/string.go:38.44,40.2 1 1
